{"/home/rozel/My projects/ticket_booking_system (Copy)/backend/src/app.controller.ts": {"path":"/home/rozel/My projects/ticket_booking_system (Copy)/backend/src/app.controller.ts","statementMap":{"0":{"start":{"line":1,"column":0},"end":{"line":1,"column":49}},"1":{"start":{"line":2,"column":0},"end":{"line":2,"column":43}},"2":{"start":{"line":5,"column":7},"end":{"line":12,"column":null}},"3":{"start":{"line":6,"column":31},"end":{"line":6,"column":43}},"4":{"start":{"line":10,"column":4},"end":{"line":10,"column":38}},"5":{"start":{"line":5,"column":13},"end":{"line":5,"column":26}},"6":{"start":{"line":9,"column":2},"end":{"line":11,"column":null}},"7":{"start":{"line":5,"column":13},"end":{"line":12,"column":null}}},"fnMap":{"0":{"name":"(anonymous_2)","decl":{"start":{"line":6,"column":2},"end":{"line":6,"column":31}},"loc":{"start":{"line":6,"column":53},"end":{"line":6,"column":57}}},"1":{"name":"(anonymous_3)","decl":{"start":{"line":9,"column":2},"end":{"line":9,"column":10}},"loc":{"start":{"line":9,"column":10},"end":{"line":11,"column":3}}}},"branchMap":{"0":{"loc":{"start":{"line":6,"column":43},"end":{"line":6,"column":56}},"type":"cond-expr","locations":[{"start":{"line":6,"column":53},"end":{"line":6,"column":56}},{"start":{"line":6,"column":53},"end":{"line":6,"column":56}}]},"1":{"loc":{"start":{"line":6,"column":43},"end":{"line":6,"column":53}},"type":"binary-expr","locations":[{"start":{"line":6,"column":43},"end":{"line":6,"column":56}},{"start":{"line":6,"column":43},"end":{"line":6,"column":53}}]}},"s":{"0":1,"1":1,"2":1,"3":1,"4":1,"5":1,"6":1,"7":1},"f":{"0":1,"1":1},"b":{"0":[1,0],"1":[1,1]}}
,"/home/rozel/My projects/ticket_booking_system (Copy)/backend/src/app.module.ts": {"path":"/home/rozel/My projects/ticket_booking_system (Copy)/backend/src/app.module.ts","statementMap":{"0":{"start":{"line":1,"column":0},"end":{"line":1,"column":28}},"1":{"start":{"line":2,"column":0},"end":{"line":2,"column":40}},"2":{"start":{"line":3,"column":0},"end":{"line":3,"column":49}},"3":{"start":{"line":4,"column":0},"end":{"line":4,"column":43}},"4":{"start":{"line":5,"column":0},"end":{"line":5,"column":54}},"5":{"start":{"line":6,"column":0},"end":{"line":6,"column":63}},"6":{"start":{"line":7,"column":0},"end":{"line":7,"column":69}},"7":{"start":{"line":8,"column":0},"end":{"line":8,"column":66}},"8":{"start":{"line":9,"column":0},"end":{"line":9,"column":75}},"9":{"start":{"line":10,"column":0},"end":{"line":10,"column":57}},"10":{"start":{"line":11,"column":0},"end":{"line":11,"column":54}},"11":{"start":{"line":12,"column":0},"end":{"line":12,"column":72}},"12":{"start":{"line":13,"column":0},"end":{"line":13,"column":60}},"13":{"start":{"line":14,"column":0},"end":{"line":14,"column":51}},"14":{"start":{"line":15,"column":0},"end":{"line":15,"column":57}},"15":{"start":{"line":16,"column":0},"end":{"line":16,"column":51}},"16":{"start":{"line":17,"column":0},"end":{"line":17,"column":48}},"17":{"start":{"line":18,"column":0},"end":{"line":18,"column":61}},"18":{"start":{"line":19,"column":0},"end":{"line":19,"column":54}},"19":{"start":{"line":20,"column":0},"end":{"line":20,"column":86}},"20":{"start":{"line":21,"column":0},"end":{"line":21,"column":50}},"21":{"start":{"line":54,"column":7},"end":{"line":54,"column":null}},"22":{"start":{"line":54,"column":13},"end":{"line":54,"column":22}},"23":{"start":{"line":54,"column":13},"end":{"line":54,"column":null}}},"fnMap":{},"branchMap":{},"s":{"0":0,"1":0,"2":0,"3":0,"4":0,"5":0,"6":0,"7":0,"8":0,"9":0,"10":0,"11":0,"12":0,"13":0,"14":0,"15":0,"16":0,"17":0,"18":0,"19":0,"20":0,"21":0,"22":0,"23":0},"f":{},"b":{}}
,"/home/rozel/My projects/ticket_booking_system (Copy)/backend/src/app.service.ts": {"path":"/home/rozel/My projects/ticket_booking_system (Copy)/backend/src/app.service.ts","statementMap":{"0":{"start":{"line":1,"column":0},"end":{"line":1,"column":44}},"1":{"start":{"line":4,"column":7},"end":{"line":8,"column":null}},"2":{"start":{"line":6,"column":4},"end":{"line":6,"column":26}},"3":{"start":{"line":4,"column":13},"end":{"line":4,"column":23}},"4":{"start":{"line":4,"column":13},"end":{"line":8,"column":null}}},"fnMap":{"0":{"name":"(anonymous_1)","decl":{"start":{"line":5,"column":2},"end":{"line":5,"column":10}},"loc":{"start":{"line":5,"column":10},"end":{"line":7,"column":3}}}},"branchMap":{},"s":{"0":1,"1":1,"2":1,"3":1,"4":1},"f":{"0":1},"b":{}}
,"/home/rozel/My projects/ticket_booking_system (Copy)/backend/src/main.ts": {"path":"/home/rozel/My projects/ticket_booking_system (Copy)/backend/src/main.ts","statementMap":{"0":{"start":{"line":1,"column":0},"end":{"line":1,"column":43}},"1":{"start":{"line":2,"column":0},"end":{"line":2,"column":41}},"2":{"start":{"line":3,"column":0},"end":{"line":3,"column":55}},"3":{"start":{"line":6,"column":14},"end":{"line":6,"column":49}},"4":{"start":{"line":7,"column":2},"end":{"line":7,"column":29}},"5":{"start":{"line":9,"column":18},"end":{"line":11,"column":31}},"6":{"start":{"line":10,"column":52},"end":{"line":10,"column":60}},"7":{"start":{"line":13,"column":2},"end":{"line":17,"column":5}},"8":{"start":{"line":19,"column":2},"end":{"line":19,"column":46}},"9":{"start":{"line":21,"column":15},"end":{"line":21,"column":39}},"10":{"start":{"line":22,"column":2},"end":{"line":22,"column":36}},"11":{"start":{"line":23,"column":2},"end":{"line":23,"column":60}},"12":{"start":{"line":25,"column":0},"end":{"line":25,"column":12}}},"fnMap":{"0":{"name":"bootstrap","decl":{"start":{"line":5,"column":15},"end":{"line":5,"column":24}},"loc":{"start":{"line":5,"column":24},"end":{"line":24,"column":1}}},"1":{"name":"(anonymous_1)","decl":{"start":{"line":10,"column":45},"end":{"line":10,"column":46}},"loc":{"start":{"line":10,"column":52},"end":{"line":10,"column":60}}}},"branchMap":{"0":{"loc":{"start":{"line":9,"column":18},"end":{"line":11,"column":31}},"type":"cond-expr","locations":[{"start":{"line":10,"column":6},"end":{"line":10,"column":61}},{"start":{"line":11,"column":6},"end":{"line":11,"column":31}}]},"1":{"loc":{"start":{"line":21,"column":15},"end":{"line":21,"column":39}},"type":"binary-expr","locations":[{"start":{"line":21,"column":15},"end":{"line":21,"column":31}},{"start":{"line":21,"column":35},"end":{"line":21,"column":39}}]}},"s":{"0":0,"1":0,"2":0,"3":0,"4":0,"5":0,"6":0,"7":0,"8":0,"9":0,"10":0,"11":0,"12":0},"f":{"0":0,"1":0},"b":{"0":[0,0],"1":[0,0]}}
,"/home/rozel/My projects/ticket_booking_system (Copy)/backend/src/bookings/bookings.controller.ts": {"path":"/home/rozel/My projects/ticket_booking_system (Copy)/backend/src/bookings/bookings.controller.ts","statementMap":{"0":{"start":{"line":1,"column":0},"end":{"line":1,"column":null}},"1":{"start":{"line":10,"column":0},"end":{"line":10,"column":53}},"2":{"start":{"line":11,"column":0},"end":{"line":11,"column":60}},"3":{"start":{"line":12,"column":0},"end":{"line":12,"column":60}},"4":{"start":{"line":15,"column":7},"end":{"line":53,"column":null}},"5":{"start":{"line":16,"column":31},"end":{"line":16,"column":48}},"6":{"start":{"line":20,"column":4},"end":{"line":20,"column":57}},"7":{"start":{"line":25,"column":4},"end":{"line":25,"column":42}},"8":{"start":{"line":30,"column":4},"end":{"line":30,"column":45}},"9":{"start":{"line":35,"column":4},"end":{"line":35,"column":65}},"10":{"start":{"line":40,"column":4},"end":{"line":40,"column":57}},"11":{"start":{"line":41,"column":4},"end":{"line":41,"column":29}},"12":{"start":{"line":46,"column":4},"end":{"line":46,"column":62}},"13":{"start":{"line":51,"column":4},"end":{"line":51,"column":44}},"14":{"start":{"line":15,"column":13},"end":{"line":15,"column":31}},"15":{"start":{"line":19,"column":2},"end":{"line":21,"column":null}},"16":{"start":{"line":24,"column":2},"end":{"line":26,"column":null}},"17":{"start":{"line":29,"column":2},"end":{"line":31,"column":null}},"18":{"start":{"line":34,"column":8},"end":{"line":36,"column":null}},"19":{"start":{"line":39,"column":8},"end":{"line":42,"column":null}},"20":{"start":{"line":45,"column":2},"end":{"line":47,"column":null}},"21":{"start":{"line":50,"column":2},"end":{"line":52,"column":null}},"22":{"start":{"line":15,"column":13},"end":{"line":53,"column":null}}},"fnMap":{"0":{"name":"(anonymous_4)","decl":{"start":{"line":16,"column":2},"end":{"line":16,"column":31}},"loc":{"start":{"line":16,"column":63},"end":{"line":16,"column":67}}},"1":{"name":"(anonymous_5)","decl":{"start":{"line":19,"column":2},"end":{"line":19,"column":8}},"loc":{"start":{"line":19,"column":51},"end":{"line":21,"column":3}}},"2":{"name":"(anonymous_6)","decl":{"start":{"line":24,"column":2},"end":{"line":24,"column":9}},"loc":{"start":{"line":24,"column":9},"end":{"line":26,"column":3}}},"3":{"name":"(anonymous_7)","decl":{"start":{"line":29,"column":2},"end":{"line":29,"column":9}},"loc":{"start":{"line":29,"column":33},"end":{"line":31,"column":3}}},"4":{"name":"(anonymous_8)","decl":{"start":{"line":34,"column":8},"end":{"line":34,"column":30}},"loc":{"start":{"line":34,"column":54},"end":{"line":36,"column":3}}},"5":{"name":"(anonymous_9)","decl":{"start":{"line":39,"column":8},"end":{"line":39,"column":28}},"loc":{"start":{"line":39,"column":52},"end":{"line":42,"column":3}}},"6":{"name":"(anonymous_10)","decl":{"start":{"line":45,"column":2},"end":{"line":45,"column":8}},"loc":{"start":{"line":45,"column":76},"end":{"line":47,"column":3}}},"7":{"name":"(anonymous_11)","decl":{"start":{"line":50,"column":2},"end":{"line":50,"column":8}},"loc":{"start":{"line":50,"column":32},"end":{"line":52,"column":3}}}},"branchMap":{"0":{"loc":{"start":{"line":19,"column":35},"end":{"line":19,"column":null}},"type":"cond-expr","locations":[{"start":{"line":19,"column":51},"end":{"line":19,"column":null}},{"start":{"line":19,"column":51},"end":{"line":19,"column":null}}]},"1":{"loc":{"start":{"line":19,"column":35},"end":{"line":19,"column":51}},"type":"binary-expr","locations":[{"start":{"line":19,"column":35},"end":{"line":19,"column":null}},{"start":{"line":19,"column":35},"end":{"line":19,"column":51}}]},"2":{"loc":{"start":{"line":45,"column":60},"end":{"line":45,"column":null}},"type":"cond-expr","locations":[{"start":{"line":45,"column":76},"end":{"line":45,"column":null}},{"start":{"line":45,"column":76},"end":{"line":45,"column":null}}]},"3":{"loc":{"start":{"line":45,"column":60},"end":{"line":45,"column":76}},"type":"binary-expr","locations":[{"start":{"line":45,"column":60},"end":{"line":45,"column":null}},{"start":{"line":45,"column":60},"end":{"line":45,"column":76}}]},"4":{"loc":{"start":{"line":16,"column":48},"end":{"line":16,"column":66}},"type":"cond-expr","locations":[{"start":{"line":16,"column":63},"end":{"line":16,"column":66}},{"start":{"line":16,"column":63},"end":{"line":16,"column":66}}]},"5":{"loc":{"start":{"line":16,"column":48},"end":{"line":16,"column":63}},"type":"binary-expr","locations":[{"start":{"line":16,"column":48},"end":{"line":16,"column":66}},{"start":{"line":16,"column":48},"end":{"line":16,"column":63}}]}},"s":{"0":1,"1":1,"2":1,"3":1,"4":1,"5":8,"6":1,"7":1,"8":1,"9":1,"10":1,"11":1,"12":1,"13":1,"14":1,"15":1,"16":1,"17":1,"18":1,"19":1,"20":1,"21":1,"22":1},"f":{"0":8,"1":1,"2":1,"3":1,"4":1,"5":1,"6":1,"7":1},"b":{"0":[1,0],"1":[1,1],"2":[1,0],"3":[1,1],"4":[1,0],"5":[1,1]}}
,"/home/rozel/My projects/ticket_booking_system (Copy)/backend/src/bookings/bookings.module.ts": {"path":"/home/rozel/My projects/ticket_booking_system (Copy)/backend/src/bookings/bookings.module.ts","statementMap":{"0":{"start":{"line":1,"column":0},"end":{"line":1,"column":40}},"1":{"start":{"line":2,"column":0},"end":{"line":2,"column":53}},"2":{"start":{"line":3,"column":0},"end":{"line":3,"column":59}},"3":{"start":{"line":4,"column":0},"end":{"line":4,"column":48}},"4":{"start":{"line":5,"column":0},"end":{"line":5,"column":52}},"5":{"start":{"line":6,"column":0},"end":{"line":6,"column":89}},"6":{"start":{"line":13,"column":7},"end":{"line":13,"column":null}},"7":{"start":{"line":13,"column":13},"end":{"line":13,"column":27}},"8":{"start":{"line":13,"column":13},"end":{"line":13,"column":null}}},"fnMap":{},"branchMap":{},"s":{"0":0,"1":0,"2":0,"3":0,"4":0,"5":0,"6":0,"7":0,"8":0},"f":{},"b":{}}
,"/home/rozel/My projects/ticket_booking_system (Copy)/backend/src/bookings/bookings.service.ts": {"path":"/home/rozel/My projects/ticket_booking_system (Copy)/backend/src/bookings/bookings.service.ts","statementMap":{"0":{"start":{"line":1,"column":0},"end":{"line":1,"column":44}},"1":{"start":{"line":4,"column":0},"end":{"line":4,"column":37}},"2":{"start":{"line":5,"column":0},"end":{"line":5,"column":51}},"3":{"start":{"line":6,"column":0},"end":{"line":6,"column":52}},"4":{"start":{"line":7,"column":0},"end":{"line":7,"column":89}},"5":{"start":{"line":10,"column":7},"end":{"line":143,"column":null}},"6":{"start":{"line":13,"column":12},"end":{"line":13,"column":31}},"7":{"start":{"line":15,"column":12},"end":{"line":15,"column":39}},"8":{"start":{"line":19,"column":4},"end":{"line":19,"column":41}},"9":{"start":{"line":23,"column":20},"end":{"line":30,"column":16}},"10":{"start":{"line":31,"column":4},"end":{"line":31,"column":19}},"11":{"start":{"line":35,"column":4},"end":{"line":35,"column":52}},"12":{"start":{"line":39,"column":15},"end":{"line":41,"column":null}},"13":{"start":{"line":44,"column":4},"end":{"line":44,"column":66}},"14":{"start":{"line":44,"column":12},"end":{"line":44,"column":66}},"15":{"start":{"line":46,"column":20},"end":{"line":46,"column":67}},"16":{"start":{"line":48,"column":4},"end":{"line":48,"column":48}},"17":{"start":{"line":55,"column":31},"end":{"line":59,"column":6}},"18":{"start":{"line":60,"column":4},"end":{"line":60,"column":31}},"19":{"start":{"line":67,"column":20},"end":{"line":67,"column":66}},"20":{"start":{"line":69,"column":4},"end":{"line":69,"column":30}},"21":{"start":{"line":69,"column":18},"end":{"line":69,"column":30}},"22":{"start":{"line":71,"column":4},"end":{"line":80,"column":5}},"23":{"start":{"line":75,"column":6},"end":{"line":79,"column":9}},"24":{"start":{"line":82,"column":4},"end":{"line":82,"column":62}},"25":{"start":{"line":84,"column":4},"end":{"line":84,"column":58}},"26":{"start":{"line":88,"column":4},"end":{"line":91,"column":7}},"27":{"start":{"line":95,"column":21},"end":{"line":95,"column":58}},"28":{"start":{"line":97,"column":4},"end":{"line":117,"column":7}},"29":{"start":{"line":98,"column":19},"end":{"line":98,"column":39}},"30":{"start":{"line":99,"column":6},"end":{"line":102,"column":7}},"31":{"start":{"line":100,"column":8},"end":{"line":100,"column":29}},"32":{"start":{"line":101,"column":8},"end":{"line":101,"column":34}},"33":{"start":{"line":103,"column":26},"end":{"line":103,"column":49}},"34":{"start":{"line":104,"column":22},"end":{"line":106,"column":68}},"35":{"start":{"line":105,"column":28},"end":{"line":105,"column":49}},"36":{"start":{"line":106,"column":26},"end":{"line":106,"column":66}},"37":{"start":{"line":107,"column":6},"end":{"line":116,"column":8}},"38":{"start":{"line":121,"column":20},"end":{"line":121,"column":66}},"39":{"start":{"line":122,"column":4},"end":{"line":128,"column":5}},"40":{"start":{"line":123,"column":6},"end":{"line":127,"column":9}},"41":{"start":{"line":129,"column":19},"end":{"line":129,"column":58}},"42":{"start":{"line":130,"column":4},"end":{"line":130,"column":33}},"43":{"start":{"line":134,"column":4},"end":{"line":134,"column":65}},"44":{"start":{"line":138,"column":4},"end":{"line":141,"column":6}},"45":{"start":{"line":10,"column":13},"end":{"line":10,"column":28}},"46":{"start":{"line":10,"column":13},"end":{"line":143,"column":null}}},"fnMap":{"0":{"name":"(anonymous_4)","decl":{"start":{"line":11,"column":2},"end":{"line":11,"column":null}},"loc":{"start":{"line":15,"column":66},"end":{"line":16,"column":6}}},"1":{"name":"(anonymous_5)","decl":{"start":{"line":18,"column":2},"end":{"line":18,"column":9}},"loc":{"start":{"line":18,"column":9},"end":{"line":20,"column":3}}},"2":{"name":"(anonymous_6)","decl":{"start":{"line":22,"column":2},"end":{"line":22,"column":7}},"loc":{"start":{"line":22,"column":39},"end":{"line":32,"column":3}}},"3":{"name":"(anonymous_7)","decl":{"start":{"line":34,"column":2},"end":{"line":34,"column":9}},"loc":{"start":{"line":34,"column":20},"end":{"line":36,"column":3}}},"4":{"name":"(anonymous_8)","decl":{"start":{"line":38,"column":2},"end":{"line":38,"column":7}},"loc":{"start":{"line":38,"column":49},"end":{"line":49,"column":3}}},"5":{"name":"(anonymous_9)","decl":{"start":{"line":51,"column":2},"end":{"line":51,"column":7}},"loc":{"start":{"line":53,"column":27},"end":{"line":61,"column":3}}},"6":{"name":"(anonymous_10)","decl":{"start":{"line":63,"column":2},"end":{"line":63,"column":7}},"loc":{"start":{"line":65,"column":38},"end":{"line":85,"column":3}}},"7":{"name":"(anonymous_11)","decl":{"start":{"line":87,"column":2},"end":{"line":87,"column":7}},"loc":{"start":{"line":87,"column":54},"end":{"line":92,"column":3}}},"8":{"name":"(anonymous_12)","decl":{"start":{"line":94,"column":2},"end":{"line":94,"column":7}},"loc":{"start":{"line":94,"column":41},"end":{"line":118,"column":3}}},"9":{"name":"(anonymous_13)","decl":{"start":{"line":97,"column":24},"end":{"line":97,"column":25}},"loc":{"start":{"line":97,"column":30},"end":{"line":117,"column":5}}},"10":{"name":"(anonymous_14)","decl":{"start":{"line":105,"column":16},"end":{"line":105,"column":17}},"loc":{"start":{"line":105,"column":28},"end":{"line":105,"column":49}}},"11":{"name":"(anonymous_15)","decl":{"start":{"line":106,"column":13},"end":{"line":106,"column":14}},"loc":{"start":{"line":106,"column":26},"end":{"line":106,"column":66}}},"12":{"name":"(anonymous_16)","decl":{"start":{"line":120,"column":2},"end":{"line":120,"column":7}},"loc":{"start":{"line":120,"column":25},"end":{"line":131,"column":3}}},"13":{"name":"(anonymous_17)","decl":{"start":{"line":133,"column":2},"end":{"line":133,"column":7}},"loc":{"start":{"line":133,"column":60},"end":{"line":135,"column":3}}},"14":{"name":"(anonymous_18)","decl":{"start":{"line":137,"column":2},"end":{"line":137,"column":7}},"loc":{"start":{"line":137,"column":52},"end":{"line":142,"column":3}}}},"branchMap":{"0":{"loc":{"start":{"line":44,"column":4},"end":{"line":44,"column":66}},"type":"if","locations":[{"start":{"line":44,"column":4},"end":{"line":44,"column":66}},{"start":{},"end":{}}]},"1":{"loc":{"start":{"line":60,"column":11},"end":{"line":60,"column":30}},"type":"binary-expr","locations":[{"start":{"line":60,"column":11},"end":{"line":60,"column":25}},{"start":{"line":60,"column":29},"end":{"line":60,"column":30}}]},"2":{"loc":{"start":{"line":69,"column":4},"end":{"line":69,"column":30}},"type":"if","locations":[{"start":{"line":69,"column":4},"end":{"line":69,"column":30}},{"start":{},"end":{}}]},"3":{"loc":{"start":{"line":71,"column":4},"end":{"line":80,"column":5}},"type":"if","locations":[{"start":{"line":71,"column":4},"end":{"line":80,"column":5}},{"start":{},"end":{}}]},"4":{"loc":{"start":{"line":72,"column":6},"end":{"line":73,"column":41}},"type":"binary-expr","locations":[{"start":{"line":72,"column":6},"end":{"line":72,"column":43}},{"start":{"line":73,"column":6},"end":{"line":73,"column":41}}]},"5":{"loc":{"start":{"line":99,"column":6},"end":{"line":102,"column":7}},"type":"if","locations":[{"start":{"line":99,"column":6},"end":{"line":102,"column":7}},{"start":{},"end":{}}]},"6":{"loc":{"start":{"line":103,"column":26},"end":{"line":103,"column":49}},"type":"binary-expr","locations":[{"start":{"line":103,"column":26},"end":{"line":103,"column":43}},{"start":{"line":103,"column":47},"end":{"line":103,"column":49}}]},"7":{"loc":{"start":{"line":122,"column":4},"end":{"line":128,"column":5}},"type":"if","locations":[{"start":{"line":122,"column":4},"end":{"line":128,"column":5}},{"start":{},"end":{}}]},"8":{"loc":{"start":{"line":13,"column":31},"end":{"line":13,"column":50}},"type":"cond-expr","locations":[{"start":{"line":13,"column":41},"end":{"line":13,"column":50}},{"start":{"line":13,"column":41},"end":{"line":13,"column":50}}]},"9":{"loc":{"start":{"line":13,"column":31},"end":{"line":13,"column":41}},"type":"binary-expr","locations":[{"start":{"line":13,"column":31},"end":{"line":13,"column":50}},{"start":{"line":13,"column":31},"end":{"line":13,"column":41}}]},"10":{"loc":{"start":{"line":13,"column":41},"end":{"line":15,"column":66}},"type":"cond-expr","locations":[{"start":{"line":15,"column":49},"end":{"line":15,"column":66}},{"start":{"line":15,"column":49},"end":{"line":15,"column":66}}]},"11":{"loc":{"start":{"line":13,"column":41},"end":{"line":15,"column":49}},"type":"binary-expr","locations":[{"start":{"line":13,"column":41},"end":{"line":15,"column":66}},{"start":{"line":15,"column":39},"end":{"line":15,"column":49}}]}},"s":{"0":2,"1":2,"2":2,"3":2,"4":2,"5":2,"6":20,"7":20,"8":1,"9":1,"10":1,"11":1,"12":2,"13":2,"14":1,"15":1,"16":1,"17":2,"18":2,"19":4,"20":4,"21":1,"22":3,"23":2,"24":3,"25":3,"26":1,"27":3,"28":3,"29":3,"30":3,"31":3,"32":3,"33":3,"34":3,"35":3,"36":2,"37":3,"38":2,"39":2,"40":1,"41":2,"42":2,"43":1,"44":1,"45":2,"46":2},"f":{"0":20,"1":1,"2":1,"3":1,"4":2,"5":2,"6":4,"7":1,"8":3,"9":3,"10":3,"11":2,"12":2,"13":1,"14":1},"b":{"0":[1,1],"1":[2,1],"2":[1,3],"3":[2,1],"4":[3,2],"5":[3,0],"6":[3,0],"7":[1,1],"8":[2,0],"9":[2,2],"10":[2,0],"11":[2,2]}}
,"/home/rozel/My projects/ticket_booking_system (Copy)/backend/src/bookings/dto/create-booking.dto.ts": {"path":"/home/rozel/My projects/ticket_booking_system (Copy)/backend/src/bookings/dto/create-booking.dto.ts","statementMap":{"0":{"start":{"line":1,"column":0},"end":{"line":1,"column":13}}},"fnMap":{},"branchMap":{},"s":{"0":1},"f":{},"b":{}}
,"/home/rozel/My projects/ticket_booking_system (Copy)/backend/src/bookings/dto/update-booking.dto.ts": {"path":"/home/rozel/My projects/ticket_booking_system (Copy)/backend/src/bookings/dto/update-booking.dto.ts","statementMap":{"0":{"start":{"line":1,"column":0},"end":{"line":1,"column":13}}},"fnMap":{},"branchMap":{},"s":{"0":1},"f":{},"b":{}}
,"/home/rozel/My projects/ticket_booking_system (Copy)/backend/src/bookings/entities/booking.entity.ts": {"path":"/home/rozel/My projects/ticket_booking_system (Copy)/backend/src/bookings/entities/booking.entity.ts","statementMap":{"0":{"start":{"line":1,"column":0},"end":{"line":1,"column":null}},"1":{"start":{"line":9,"column":0},"end":{"line":9,"column":77}},"2":{"start":{"line":10,"column":0},"end":{"line":10,"column":56}},"3":{"start":{"line":11,"column":0},"end":{"line":11,"column":62}},"4":{"start":{"line":14,"column":7},"end":{"line":60,"column":null}},"5":{"start":{"line":14,"column":13},"end":{"line":14,"column":20}},"6":{"start":{"line":16,"column":2},"end":{"line":16,"column":null}},"7":{"start":{"line":22,"column":2},"end":{"line":22,"column":null}},"8":{"start":{"line":28,"column":2},"end":{"line":28,"column":null}},"9":{"start":{"line":34,"column":2},"end":{"line":34,"column":null}},"10":{"start":{"line":41,"column":2},"end":{"line":41,"column":null}},"11":{"start":{"line":48,"column":2},"end":{"line":48,"column":null}},"12":{"start":{"line":52,"column":2},"end":{"line":52,"column":null}},"13":{"start":{"line":50,"column":19},"end":{"line":50,"column":30}},"14":{"start":{"line":50,"column":49},"end":{"line":50,"column":63}},"15":{"start":{"line":56,"column":2},"end":{"line":56,"column":null}},"16":{"start":{"line":54,"column":19},"end":{"line":54,"column":23}},"17":{"start":{"line":54,"column":35},"end":{"line":54,"column":42}},"18":{"start":{"line":59,"column":2},"end":{"line":59,"column":null}},"19":{"start":{"line":58,"column":19},"end":{"line":58,"column":25}},"20":{"start":{"line":58,"column":39},"end":{"line":58,"column":53}},"21":{"start":{"line":14,"column":13},"end":{"line":60,"column":null}}},"fnMap":{"0":{"name":"(anonymous_2)","decl":{"start":{"line":50,"column":13},"end":{"line":50,"column":16}},"loc":{"start":{"line":50,"column":19},"end":{"line":50,"column":30}}},"1":{"name":"(anonymous_3)","decl":{"start":{"line":50,"column":32},"end":{"line":50,"column":33}},"loc":{"start":{"line":50,"column":49},"end":{"line":50,"column":63}}},"2":{"name":"(anonymous_4)","decl":{"start":{"line":54,"column":13},"end":{"line":54,"column":16}},"loc":{"start":{"line":54,"column":19},"end":{"line":54,"column":23}}},"3":{"name":"(anonymous_5)","decl":{"start":{"line":54,"column":25},"end":{"line":54,"column":26}},"loc":{"start":{"line":54,"column":35},"end":{"line":54,"column":42}}},"4":{"name":"(anonymous_6)","decl":{"start":{"line":58,"column":13},"end":{"line":58,"column":16}},"loc":{"start":{"line":58,"column":19},"end":{"line":58,"column":25}}},"5":{"name":"(anonymous_7)","decl":{"start":{"line":58,"column":27},"end":{"line":58,"column":28}},"loc":{"start":{"line":58,"column":39},"end":{"line":58,"column":53}}}},"branchMap":{"0":{"loc":{"start":{"line":34,"column":16},"end":{"line":34,"column":21}},"type":"cond-expr","locations":[{"start":{"line":34,"column":20},"end":{"line":34,"column":21}},{"start":{"line":34,"column":20},"end":{"line":34,"column":21}}]},"1":{"loc":{"start":{"line":34,"column":16},"end":{"line":34,"column":20}},"type":"binary-expr","locations":[{"start":{"line":34,"column":16},"end":{"line":34,"column":21}},{"start":{"line":34,"column":16},"end":{"line":34,"column":20}}]},"2":{"loc":{"start":{"line":52,"column":15},"end":{"line":52,"column":27}},"type":"cond-expr","locations":[{"start":{"line":52,"column":26},"end":{"line":52,"column":27}},{"start":{"line":52,"column":26},"end":{"line":52,"column":27}}]},"3":{"loc":{"start":{"line":52,"column":15},"end":{"line":52,"column":26}},"type":"binary-expr","locations":[{"start":{"line":52,"column":15},"end":{"line":52,"column":27}},{"start":{"line":52,"column":15},"end":{"line":52,"column":26}}]},"4":{"loc":{"start":{"line":56,"column":8},"end":{"line":56,"column":13}},"type":"cond-expr","locations":[{"start":{"line":56,"column":12},"end":{"line":56,"column":13}},{"start":{"line":56,"column":12},"end":{"line":56,"column":13}}]},"5":{"loc":{"start":{"line":56,"column":8},"end":{"line":56,"column":12}},"type":"binary-expr","locations":[{"start":{"line":56,"column":8},"end":{"line":56,"column":13}},{"start":{"line":56,"column":8},"end":{"line":56,"column":12}}]}},"s":{"0":21,"1":21,"2":21,"3":21,"4":21,"5":21,"6":21,"7":21,"8":21,"9":21,"10":21,"11":21,"12":21,"13":0,"14":0,"15":21,"16":0,"17":0,"18":21,"19":0,"20":0,"21":21},"f":{"0":0,"1":0,"2":0,"3":0,"4":0,"5":0},"b":{"0":[21,0],"1":[21,21],"2":[21,0],"3":[21,21],"4":[4,17],"5":[21,4]}}
,"/home/rozel/My projects/ticket_booking_system (Copy)/backend/src/buses/buses.controller.ts": {"path":"/home/rozel/My projects/ticket_booking_system (Copy)/backend/src/buses/buses.controller.ts","statementMap":{"0":{"start":{"line":1,"column":0},"end":{"line":1,"column":83}},"1":{"start":{"line":2,"column":0},"end":{"line":2,"column":47}},"2":{"start":{"line":3,"column":0},"end":{"line":3,"column":52}},"3":{"start":{"line":4,"column":0},"end":{"line":4,"column":52}},"4":{"start":{"line":7,"column":7},"end":{"line":34,"column":null}},"5":{"start":{"line":8,"column":31},"end":{"line":8,"column":45}},"6":{"start":{"line":12,"column":4},"end":{"line":12,"column":50}},"7":{"start":{"line":17,"column":4},"end":{"line":17,"column":39}},"8":{"start":{"line":22,"column":4},"end":{"line":22,"column":42}},"9":{"start":{"line":27,"column":4},"end":{"line":27,"column":55}},"10":{"start":{"line":32,"column":4},"end":{"line":32,"column":41}},"11":{"start":{"line":7,"column":13},"end":{"line":7,"column":28}},"12":{"start":{"line":11,"column":2},"end":{"line":13,"column":null}},"13":{"start":{"line":16,"column":2},"end":{"line":18,"column":null}},"14":{"start":{"line":21,"column":2},"end":{"line":23,"column":null}},"15":{"start":{"line":26,"column":2},"end":{"line":28,"column":null}},"16":{"start":{"line":31,"column":2},"end":{"line":33,"column":null}},"17":{"start":{"line":7,"column":13},"end":{"line":34,"column":null}}},"fnMap":{"0":{"name":"(anonymous_4)","decl":{"start":{"line":8,"column":2},"end":{"line":8,"column":31}},"loc":{"start":{"line":8,"column":57},"end":{"line":8,"column":61}}},"1":{"name":"(anonymous_5)","decl":{"start":{"line":11,"column":2},"end":{"line":11,"column":8}},"loc":{"start":{"line":11,"column":43},"end":{"line":13,"column":3}}},"2":{"name":"(anonymous_6)","decl":{"start":{"line":16,"column":2},"end":{"line":16,"column":9}},"loc":{"start":{"line":16,"column":9},"end":{"line":18,"column":3}}},"3":{"name":"(anonymous_7)","decl":{"start":{"line":21,"column":2},"end":{"line":21,"column":9}},"loc":{"start":{"line":21,"column":33},"end":{"line":23,"column":3}}},"4":{"name":"(anonymous_8)","decl":{"start":{"line":26,"column":2},"end":{"line":26,"column":8}},"loc":{"start":{"line":26,"column":68},"end":{"line":28,"column":3}}},"5":{"name":"(anonymous_9)","decl":{"start":{"line":31,"column":2},"end":{"line":31,"column":8}},"loc":{"start":{"line":31,"column":32},"end":{"line":33,"column":3}}}},"branchMap":{"0":{"loc":{"start":{"line":11,"column":31},"end":{"line":11,"column":null}},"type":"cond-expr","locations":[{"start":{"line":11,"column":43},"end":{"line":11,"column":null}},{"start":{"line":11,"column":43},"end":{"line":11,"column":null}}]},"1":{"loc":{"start":{"line":11,"column":31},"end":{"line":11,"column":43}},"type":"binary-expr","locations":[{"start":{"line":11,"column":31},"end":{"line":11,"column":null}},{"start":{"line":11,"column":31},"end":{"line":11,"column":43}}]},"2":{"loc":{"start":{"line":26,"column":56},"end":{"line":26,"column":null}},"type":"cond-expr","locations":[{"start":{"line":26,"column":68},"end":{"line":26,"column":null}},{"start":{"line":26,"column":68},"end":{"line":26,"column":null}}]},"3":{"loc":{"start":{"line":26,"column":56},"end":{"line":26,"column":68}},"type":"binary-expr","locations":[{"start":{"line":26,"column":56},"end":{"line":26,"column":null}},{"start":{"line":26,"column":56},"end":{"line":26,"column":68}}]},"4":{"loc":{"start":{"line":8,"column":45},"end":{"line":8,"column":60}},"type":"cond-expr","locations":[{"start":{"line":8,"column":57},"end":{"line":8,"column":60}},{"start":{"line":8,"column":57},"end":{"line":8,"column":60}}]},"5":{"loc":{"start":{"line":8,"column":45},"end":{"line":8,"column":57}},"type":"binary-expr","locations":[{"start":{"line":8,"column":45},"end":{"line":8,"column":60}},{"start":{"line":8,"column":45},"end":{"line":8,"column":57}}]}},"s":{"0":1,"1":1,"2":1,"3":1,"4":1,"5":6,"6":1,"7":1,"8":1,"9":1,"10":1,"11":1,"12":1,"13":1,"14":1,"15":1,"16":1,"17":1},"f":{"0":6,"1":1,"2":1,"3":1,"4":1,"5":1},"b":{"0":[1,0],"1":[1,1],"2":[1,0],"3":[1,1],"4":[1,0],"5":[1,1]}}
,"/home/rozel/My projects/ticket_booking_system (Copy)/backend/src/buses/buses.module.ts": {"path":"/home/rozel/My projects/ticket_booking_system (Copy)/backend/src/buses/buses.module.ts","statementMap":{"0":{"start":{"line":1,"column":0},"end":{"line":1,"column":40}},"1":{"start":{"line":2,"column":0},"end":{"line":2,"column":47}},"2":{"start":{"line":3,"column":0},"end":{"line":3,"column":53}},"3":{"start":{"line":4,"column":0},"end":{"line":4,"column":48}},"4":{"start":{"line":5,"column":0},"end":{"line":5,"column":44}},"5":{"start":{"line":12,"column":7},"end":{"line":12,"column":null}},"6":{"start":{"line":12,"column":13},"end":{"line":12,"column":24}},"7":{"start":{"line":12,"column":13},"end":{"line":12,"column":null}}},"fnMap":{},"branchMap":{},"s":{"0":0,"1":0,"2":0,"3":0,"4":0,"5":0,"6":0,"7":0},"f":{},"b":{}}
,"/home/rozel/My projects/ticket_booking_system (Copy)/backend/src/buses/buses.service.ts": {"path":"/home/rozel/My projects/ticket_booking_system (Copy)/backend/src/buses/buses.service.ts","statementMap":{"0":{"start":{"line":1,"column":0},"end":{"line":1,"column":44}},"1":{"start":{"line":4,"column":0},"end":{"line":4,"column":51}},"2":{"start":{"line":5,"column":0},"end":{"line":5,"column":44}},"3":{"start":{"line":6,"column":0},"end":{"line":6,"column":37}},"4":{"start":{"line":9,"column":7},"end":{"line":59,"column":null}},"5":{"start":{"line":12,"column":12},"end":{"line":12,"column":27}},"6":{"start":{"line":15,"column":26},"end":{"line":15,"column":58}},"7":{"start":{"line":16,"column":4},"end":{"line":19,"column":6}},"8":{"start":{"line":18,"column":16},"end":{"line":18,"column":21}},"9":{"start":{"line":21,"column":16},"end":{"line":21,"column":55}},"10":{"start":{"line":22,"column":4},"end":{"line":22,"column":46}},"11":{"start":{"line":26,"column":4},"end":{"line":26,"column":37}},"12":{"start":{"line":30,"column":4},"end":{"line":30,"column":48}},"13":{"start":{"line":34,"column":16},"end":{"line":34,"column":58}},"14":{"start":{"line":35,"column":4},"end":{"line":37,"column":5}},"15":{"start":{"line":36,"column":6},"end":{"line":36,"column":18}},"16":{"start":{"line":39,"column":4},"end":{"line":49,"column":5}},"17":{"start":{"line":43,"column":28},"end":{"line":43,"column":60}},"18":{"start":{"line":44,"column":6},"end":{"line":44,"column":41}},"19":{"start":{"line":45,"column":6},"end":{"line":48,"column":8}},"20":{"start":{"line":47,"column":18},"end":{"line":47,"column":23}},"21":{"start":{"line":51,"column":4},"end":{"line":51,"column":54}},"22":{"start":{"line":52,"column":4},"end":{"line":52,"column":54}},"23":{"start":{"line":56,"column":19},"end":{"line":56,"column":54}},"24":{"start":{"line":57,"column":4},"end":{"line":57,"column":33}},"25":{"start":{"line":9,"column":13},"end":{"line":9,"column":25}},"26":{"start":{"line":9,"column":13},"end":{"line":59,"column":null}}},"fnMap":{"0":{"name":"(anonymous_4)","decl":{"start":{"line":10,"column":2},"end":{"line":10,"column":null}},"loc":{"start":{"line":12,"column":42},"end":{"line":13,"column":6}}},"1":{"name":"(anonymous_5)","decl":{"start":{"line":14,"column":2},"end":{"line":14,"column":7}},"loc":{"start":{"line":14,"column":41},"end":{"line":23,"column":3}}},"2":{"name":"(anonymous_6)","decl":{"start":{"line":18,"column":6},"end":{"line":18,"column":7}},"loc":{"start":{"line":18,"column":16},"end":{"line":18,"column":21}}},"3":{"name":"(anonymous_7)","decl":{"start":{"line":25,"column":2},"end":{"line":25,"column":9}},"loc":{"start":{"line":25,"column":9},"end":{"line":27,"column":3}}},"4":{"name":"(anonymous_8)","decl":{"start":{"line":29,"column":2},"end":{"line":29,"column":9}},"loc":{"start":{"line":29,"column":20},"end":{"line":31,"column":3}}},"5":{"name":"(anonymous_9)","decl":{"start":{"line":33,"column":2},"end":{"line":33,"column":7}},"loc":{"start":{"line":33,"column":53},"end":{"line":53,"column":3}}},"6":{"name":"(anonymous_10)","decl":{"start":{"line":47,"column":8},"end":{"line":47,"column":9}},"loc":{"start":{"line":47,"column":18},"end":{"line":47,"column":23}}},"7":{"name":"(anonymous_11)","decl":{"start":{"line":55,"column":2},"end":{"line":55,"column":7}},"loc":{"start":{"line":55,"column":25},"end":{"line":58,"column":3}}}},"branchMap":{"0":{"loc":{"start":{"line":35,"column":4},"end":{"line":37,"column":5}},"type":"if","locations":[{"start":{"line":35,"column":4},"end":{"line":37,"column":5}},{"start":{},"end":{}}]},"1":{"loc":{"start":{"line":39,"column":4},"end":{"line":49,"column":5}},"type":"if","locations":[{"start":{"line":39,"column":4},"end":{"line":49,"column":5}},{"start":{},"end":{}}]},"2":{"loc":{"start":{"line":40,"column":6},"end":{"line":41,"column":36}},"type":"binary-expr","locations":[{"start":{"line":40,"column":6},"end":{"line":40,"column":42}},{"start":{"line":41,"column":6},"end":{"line":41,"column":36}}]},"3":{"loc":{"start":{"line":12,"column":27},"end":{"line":12,"column":42}},"type":"cond-expr","locations":[{"start":{"line":12,"column":37},"end":{"line":12,"column":42}},{"start":{"line":12,"column":37},"end":{"line":12,"column":42}}]},"4":{"loc":{"start":{"line":12,"column":27},"end":{"line":12,"column":37}},"type":"binary-expr","locations":[{"start":{"line":12,"column":27},"end":{"line":12,"column":42}},{"start":{"line":12,"column":27},"end":{"line":12,"column":37}}]}},"s":{"0":2,"1":2,"2":2,"3":2,"4":2,"5":8,"6":1,"7":1,"8":5,"9":1,"10":1,"11":1,"12":1,"13":3,"14":3,"15":1,"16":2,"17":1,"18":1,"19":1,"20":5,"21":2,"22":2,"23":2,"24":2,"25":2,"26":2},"f":{"0":8,"1":1,"2":5,"3":1,"4":1,"5":3,"6":5,"7":2},"b":{"0":[1,2],"1":[1,1],"2":[2,1],"3":[2,0],"4":[2,2]}}
,"/home/rozel/My projects/ticket_booking_system (Copy)/backend/src/buses/dto/create-bus.dto.ts": {"path":"/home/rozel/My projects/ticket_booking_system (Copy)/backend/src/buses/dto/create-bus.dto.ts","statementMap":{"0":{"start":{"line":2,"column":30},"end":{"line":2,"column":32}},"1":{"start":{"line":1,"column":0},"end":{"line":1,"column":13}}},"fnMap":{},"branchMap":{},"s":{"0":0,"1":1},"f":{},"b":{}}
,"/home/rozel/My projects/ticket_booking_system (Copy)/backend/src/buses/dto/update-bus.dto.ts": {"path":"/home/rozel/My projects/ticket_booking_system (Copy)/backend/src/buses/dto/update-bus.dto.ts","statementMap":{"0":{"start":{"line":1,"column":0},"end":{"line":1,"column":51}},"1":{"start":{"line":2,"column":0},"end":{"line":2,"column":48}},"2":{"start":{"line":4,"column":0},"end":{"line":4,"column":13}}},"fnMap":{},"branchMap":{},"s":{"0":1,"1":1,"2":1},"f":{},"b":{}}
,"/home/rozel/My projects/ticket_booking_system (Copy)/backend/src/buses/entities/bus.entity.ts": {"path":"/home/rozel/My projects/ticket_booking_system (Copy)/backend/src/buses/entities/bus.entity.ts","statementMap":{"0":{"start":{"line":1,"column":0},"end":{"line":1,"column":75}},"1":{"start":{"line":2,"column":0},"end":{"line":2,"column":76}},"2":{"start":{"line":5,"column":7},"end":{"line":38,"column":null}},"3":{"start":{"line":5,"column":13},"end":{"line":5,"column":16}},"4":{"start":{"line":7,"column":2},"end":{"line":7,"column":null}},"5":{"start":{"line":14,"column":2},"end":{"line":14,"column":null}},"6":{"start":{"line":21,"column":2},"end":{"line":21,"column":null}},"7":{"start":{"line":28,"column":2},"end":{"line":28,"column":null}},"8":{"start":{"line":34,"column":2},"end":{"line":34,"column":null}},"9":{"start":{"line":37,"column":2},"end":{"line":37,"column":null}},"10":{"start":{"line":36,"column":19},"end":{"line":36,"column":30}},"11":{"start":{"line":36,"column":49},"end":{"line":36,"column":64}},"12":{"start":{"line":5,"column":13},"end":{"line":38,"column":null}}},"fnMap":{"0":{"name":"(anonymous_2)","decl":{"start":{"line":36,"column":13},"end":{"line":36,"column":16}},"loc":{"start":{"line":36,"column":19},"end":{"line":36,"column":30}}},"1":{"name":"(anonymous_3)","decl":{"start":{"line":36,"column":32},"end":{"line":36,"column":33}},"loc":{"start":{"line":36,"column":49},"end":{"line":36,"column":64}}}},"branchMap":{},"s":{"0":27,"1":27,"2":27,"3":27,"4":27,"5":27,"6":27,"7":27,"8":27,"9":27,"10":0,"11":0,"12":27},"f":{"0":0,"1":0},"b":{}}
,"/home/rozel/My projects/ticket_booking_system (Copy)/backend/src/busschedules/busschedule.repository.ts": {"path":"/home/rozel/My projects/ticket_booking_system (Copy)/backend/src/busschedules/busschedule.repository.ts","statementMap":{"0":{"start":{"line":1,"column":0},"end":{"line":1,"column":37}},"1":{"start":{"line":2,"column":0},"end":{"line":2,"column":44}},"2":{"start":{"line":6,"column":7},"end":{"line":22,"column":null}},"3":{"start":{"line":11,"column":24},"end":{"line":11,"column":52}},"4":{"start":{"line":12,"column":4},"end":{"line":12,"column":34}},"5":{"start":{"line":12,"column":22},"end":{"line":12,"column":34}},"6":{"start":{"line":14,"column":45},"end":{"line":14,"column":55}},"7":{"start":{"line":19,"column":4},"end":{"line":19,"column":38}},"8":{"start":{"line":20,"column":4},"end":{"line":20,"column":40}},"9":{"start":{"line":6,"column":13},"end":{"line":6,"column":34}},"10":{"start":{"line":6,"column":13},"end":{"line":22,"column":null}}},"fnMap":{"0":{"name":"(anonymous_1)","decl":{"start":{"line":7,"column":2},"end":{"line":7,"column":7}},"loc":{"start":{"line":9,"column":19},"end":{"line":21,"column":3}}}},"branchMap":{"0":{"loc":{"start":{"line":12,"column":4},"end":{"line":12,"column":34}},"type":"if","locations":[{"start":{"line":12,"column":4},"end":{"line":12,"column":34}},{"start":{},"end":{}}]}},"s":{"0":4,"1":4,"2":4,"3":0,"4":0,"5":0,"6":0,"7":0,"8":0,"9":4,"10":4},"f":{"0":0},"b":{"0":[0,0]}}
,"/home/rozel/My projects/ticket_booking_system (Copy)/backend/src/busschedules/busschedules.controller.ts": {"path":"/home/rozel/My projects/ticket_booking_system (Copy)/backend/src/busschedules/busschedules.controller.ts","statementMap":{"0":{"start":{"line":1,"column":0},"end":{"line":1,"column":null}},"1":{"start":{"line":10,"column":0},"end":{"line":10,"column":61}},"2":{"start":{"line":11,"column":0},"end":{"line":11,"column":68}},"3":{"start":{"line":12,"column":0},"end":{"line":12,"column":68}},"4":{"start":{"line":15,"column":7},"end":{"line":64,"column":null}},"5":{"start":{"line":16,"column":31},"end":{"line":16,"column":52}},"6":{"start":{"line":20,"column":4},"end":{"line":20,"column":65}},"7":{"start":{"line":25,"column":4},"end":{"line":25,"column":46}},"8":{"start":{"line":30,"column":4},"end":{"line":30,"column":49}},"9":{"start":{"line":35,"column":4},"end":{"line":35,"column":53}},"10":{"start":{"line":40,"column":4},"end":{"line":40,"column":61}},"11":{"start":{"line":48,"column":22},"end":{"line":48,"column":25}},"12":{"start":{"line":49,"column":4},"end":{"line":51,"column":5}},"13":{"start":{"line":50,"column":6},"end":{"line":50,"column":53}},"14":{"start":{"line":52,"column":4},"end":{"line":52,"column":76}},"15":{"start":{"line":57,"column":4},"end":{"line":57,"column":74}},"16":{"start":{"line":62,"column":4},"end":{"line":62,"column":48}},"17":{"start":{"line":15,"column":13},"end":{"line":15,"column":35}},"18":{"start":{"line":19,"column":2},"end":{"line":21,"column":null}},"19":{"start":{"line":24,"column":2},"end":{"line":26,"column":null}},"20":{"start":{"line":29,"column":2},"end":{"line":31,"column":null}},"21":{"start":{"line":34,"column":2},"end":{"line":36,"column":null}},"22":{"start":{"line":39,"column":8},"end":{"line":41,"column":null}},"23":{"start":{"line":44,"column":2},"end":{"line":53,"column":null}},"24":{"start":{"line":56,"column":8},"end":{"line":58,"column":null}},"25":{"start":{"line":61,"column":2},"end":{"line":63,"column":null}},"26":{"start":{"line":15,"column":13},"end":{"line":64,"column":null}}},"fnMap":{"0":{"name":"(anonymous_4)","decl":{"start":{"line":16,"column":2},"end":{"line":16,"column":31}},"loc":{"start":{"line":16,"column":71},"end":{"line":16,"column":75}}},"1":{"name":"(anonymous_5)","decl":{"start":{"line":19,"column":2},"end":{"line":19,"column":8}},"loc":{"start":{"line":19,"column":59},"end":{"line":21,"column":3}}},"2":{"name":"(anonymous_6)","decl":{"start":{"line":24,"column":2},"end":{"line":24,"column":9}},"loc":{"start":{"line":24,"column":9},"end":{"line":26,"column":3}}},"3":{"name":"(anonymous_7)","decl":{"start":{"line":29,"column":2},"end":{"line":29,"column":9}},"loc":{"start":{"line":29,"column":33},"end":{"line":31,"column":3}}},"4":{"name":"(anonymous_8)","decl":{"start":{"line":34,"column":2},"end":{"line":34,"column":12}},"loc":{"start":{"line":34,"column":40},"end":{"line":36,"column":3}}},"5":{"name":"(anonymous_9)","decl":{"start":{"line":39,"column":8},"end":{"line":39,"column":21}},"loc":{"start":{"line":39,"column":45},"end":{"line":41,"column":3}}},"6":{"name":"(anonymous_10)","decl":{"start":{"line":44,"column":2},"end":{"line":44,"column":8}},"loc":{"start":{"line":46,"column":54},"end":{"line":53,"column":3}}},"7":{"name":"(anonymous_11)","decl":{"start":{"line":56,"column":8},"end":{"line":56,"column":17}},"loc":{"start":{"line":56,"column":75},"end":{"line":58,"column":3}}},"8":{"name":"(anonymous_12)","decl":{"start":{"line":61,"column":2},"end":{"line":61,"column":8}},"loc":{"start":{"line":61,"column":32},"end":{"line":63,"column":3}}}},"branchMap":{"0":{"loc":{"start":{"line":49,"column":4},"end":{"line":51,"column":5}},"type":"if","locations":[{"start":{"line":49,"column":4},"end":{"line":51,"column":5}},{"start":{},"end":{}}]},"1":{"loc":{"start":{"line":19,"column":39},"end":{"line":19,"column":null}},"type":"cond-expr","locations":[{"start":{"line":19,"column":59},"end":{"line":19,"column":null}},{"start":{"line":19,"column":59},"end":{"line":19,"column":null}}]},"2":{"loc":{"start":{"line":19,"column":39},"end":{"line":19,"column":59}},"type":"binary-expr","locations":[{"start":{"line":19,"column":39},"end":{"line":19,"column":null}},{"start":{"line":19,"column":39},"end":{"line":19,"column":59}}]},"3":{"loc":{"start":{"line":46,"column":34},"end":{"line":46,"column":null}},"type":"cond-expr","locations":[{"start":{"line":46,"column":54},"end":{"line":46,"column":null}},{"start":{"line":46,"column":54},"end":{"line":46,"column":null}}]},"4":{"loc":{"start":{"line":46,"column":34},"end":{"line":46,"column":54}},"type":"binary-expr","locations":[{"start":{"line":46,"column":34},"end":{"line":46,"column":null}},{"start":{"line":46,"column":34},"end":{"line":46,"column":54}}]},"5":{"loc":{"start":{"line":16,"column":52},"end":{"line":16,"column":74}},"type":"cond-expr","locations":[{"start":{"line":16,"column":71},"end":{"line":16,"column":74}},{"start":{"line":16,"column":71},"end":{"line":16,"column":74}}]},"6":{"loc":{"start":{"line":16,"column":52},"end":{"line":16,"column":71}},"type":"binary-expr","locations":[{"start":{"line":16,"column":52},"end":{"line":16,"column":74}},{"start":{"line":16,"column":52},"end":{"line":16,"column":71}}]}},"s":{"0":1,"1":1,"2":1,"3":1,"4":1,"5":9,"6":1,"7":1,"8":1,"9":1,"10":1,"11":2,"12":2,"13":1,"14":1,"15":1,"16":1,"17":1,"18":1,"19":1,"20":1,"21":1,"22":1,"23":1,"24":1,"25":1,"26":1},"f":{"0":9,"1":1,"2":1,"3":1,"4":1,"5":1,"6":2,"7":1,"8":1},"b":{"0":[1,1],"1":[1,0],"2":[1,1],"3":[1,0],"4":[1,1],"5":[1,0],"6":[1,1]}}
,"/home/rozel/My projects/ticket_booking_system (Copy)/backend/src/busschedules/busschedules.module.ts": {"path":"/home/rozel/My projects/ticket_booking_system (Copy)/backend/src/busschedules/busschedules.module.ts","statementMap":{"0":{"start":{"line":1,"column":0},"end":{"line":1,"column":40}},"1":{"start":{"line":2,"column":0},"end":{"line":2,"column":61}},"2":{"start":{"line":3,"column":0},"end":{"line":3,"column":67}},"3":{"start":{"line":4,"column":0},"end":{"line":4,"column":48}},"4":{"start":{"line":5,"column":0},"end":{"line":5,"column":60}},"5":{"start":{"line":6,"column":0},"end":{"line":6,"column":52}},"6":{"start":{"line":7,"column":0},"end":{"line":7,"column":66}},"7":{"start":{"line":8,"column":0},"end":{"line":8,"column":60}},"8":{"start":{"line":9,"column":0},"end":{"line":9,"column":72}},"9":{"start":{"line":10,"column":0},"end":{"line":10,"column":65}},"10":{"start":{"line":11,"column":0},"end":{"line":11,"column":89}},"11":{"start":{"line":12,"column":0},"end":{"line":12,"column":60}},"12":{"start":{"line":13,"column":0},"end":{"line":13,"column":63}},"13":{"start":{"line":32,"column":7},"end":{"line":32,"column":null}},"14":{"start":{"line":32,"column":13},"end":{"line":32,"column":31}},"15":{"start":{"line":32,"column":13},"end":{"line":32,"column":null}}},"fnMap":{},"branchMap":{},"s":{"0":0,"1":0,"2":0,"3":0,"4":0,"5":0,"6":0,"7":0,"8":0,"9":0,"10":0,"11":0,"12":0,"13":0,"14":0,"15":0},"f":{},"b":{}}
,"/home/rozel/My projects/ticket_booking_system (Copy)/backend/src/busschedules/busschedules.service.ts": {"path":"/home/rozel/My projects/ticket_booking_system (Copy)/backend/src/busschedules/busschedules.service.ts","statementMap":{"0":{"start":{"line":1,"column":0},"end":{"line":1,"column":44}},"1":{"start":{"line":4,"column":0},"end":{"line":4,"column":51}},"2":{"start":{"line":5,"column":0},"end":{"line":5,"column":60}},"3":{"start":{"line":6,"column":0},"end":{"line":6,"column":47}},"4":{"start":{"line":7,"column":0},"end":{"line":7,"column":52}},"5":{"start":{"line":8,"column":0},"end":{"line":8,"column":66}},"6":{"start":{"line":9,"column":0},"end":{"line":9,"column":60}},"7":{"start":{"line":10,"column":0},"end":{"line":10,"column":65}},"8":{"start":{"line":11,"column":0},"end":{"line":11,"column":72}},"9":{"start":{"line":12,"column":0},"end":{"line":12,"column":89}},"10":{"start":{"line":13,"column":0},"end":{"line":13,"column":60}},"11":{"start":{"line":14,"column":0},"end":{"line":14,"column":63}},"12":{"start":{"line":17,"column":7},"end":{"line":242,"column":null}},"13":{"start":{"line":20,"column":12},"end":{"line":20,"column":35}},"14":{"start":{"line":22,"column":12},"end":{"line":22,"column":27}},"15":{"start":{"line":24,"column":12},"end":{"line":24,"column":32}},"16":{"start":{"line":26,"column":12},"end":{"line":26,"column":30}},"17":{"start":{"line":28,"column":12},"end":{"line":28,"column":34}},"18":{"start":{"line":30,"column":12},"end":{"line":30,"column":39}},"19":{"start":{"line":32,"column":12},"end":{"line":32,"column":30}},"20":{"start":{"line":34,"column":12},"end":{"line":34,"column":31}},"21":{"start":{"line":37,"column":23},"end":{"line":37,"column":79}},"22":{"start":{"line":38,"column":4},"end":{"line":40,"column":5}},"23":{"start":{"line":39,"column":6},"end":{"line":39,"column":57}},"24":{"start":{"line":42,"column":24},"end":{"line":42,"column":79}},"25":{"start":{"line":43,"column":4},"end":{"line":43,"column":62}},"26":{"start":{"line":47,"column":4},"end":{"line":53,"column":17}},"27":{"start":{"line":57,"column":4},"end":{"line":63,"column":16}},"28":{"start":{"line":67,"column":25},"end":{"line":73,"column":16}},"29":{"start":{"line":75,"column":16},"end":{"line":75,"column":26}},"30":{"start":{"line":76,"column":4},"end":{"line":79,"column":7}},"31":{"start":{"line":81,"column":4},"end":{"line":104,"column":5}},"32":{"start":{"line":82,"column":25},"end":{"line":82,"column":54}},"33":{"start":{"line":84,"column":27},"end":{"line":93,"column":19}},"34":{"start":{"line":95,"column":33},"end":{"line":100,"column":8}},"35":{"start":{"line":102,"column":7},"end":{"line":103,"column":55}},"36":{"start":{"line":106,"column":4},"end":{"line":106,"column":24}},"37":{"start":{"line":110,"column":25},"end":{"line":110,"column":76}},"38":{"start":{"line":112,"column":4},"end":{"line":112,"column":24}},"39":{"start":{"line":116,"column":4},"end":{"line":116,"column":73}},"40":{"start":{"line":116,"column":26},"end":{"line":116,"column":73}},"41":{"start":{"line":118,"column":24},"end":{"line":118,"column":74}},"42":{"start":{"line":120,"column":4},"end":{"line":120,"column":34}},"43":{"start":{"line":120,"column":22},"end":{"line":120,"column":34}},"44":{"start":{"line":122,"column":23},"end":{"line":122,"column":79}},"45":{"start":{"line":123,"column":4},"end":{"line":125,"column":5}},"46":{"start":{"line":124,"column":6},"end":{"line":124,"column":57}},"47":{"start":{"line":127,"column":4},"end":{"line":127,"column":70}},"48":{"start":{"line":128,"column":4},"end":{"line":128,"column":62}},"49":{"start":{"line":135,"column":24},"end":{"line":135,"column":74}},"50":{"start":{"line":136,"column":4},"end":{"line":136,"column":34}},"51":{"start":{"line":136,"column":22},"end":{"line":136,"column":34}},"52":{"start":{"line":138,"column":20},"end":{"line":138,"column":51}},"53":{"start":{"line":139,"column":4},"end":{"line":142,"column":5}},"54":{"start":{"line":140,"column":6},"end":{"line":140,"column":27}},"55":{"start":{"line":141,"column":6},"end":{"line":141,"column":78}},"56":{"start":{"line":143,"column":4},"end":{"line":143,"column":62}},"57":{"start":{"line":149,"column":4},"end":{"line":151,"column":5}},"58":{"start":{"line":150,"column":6},"end":{"line":150,"column":68}},"59":{"start":{"line":153,"column":4},"end":{"line":155,"column":5}},"60":{"start":{"line":154,"column":6},"end":{"line":154,"column":66}},"61":{"start":{"line":158,"column":21},"end":{"line":160,"column":6}},"62":{"start":{"line":161,"column":4},"end":{"line":166,"column":5}},"63":{"start":{"line":162,"column":6},"end":{"line":165,"column":8}},"64":{"start":{"line":169,"column":16},"end":{"line":169,"column":71}},"65":{"start":{"line":170,"column":4},"end":{"line":175,"column":5}},"66":{"start":{"line":171,"column":6},"end":{"line":174,"column":8}},"67":{"start":{"line":178,"column":4},"end":{"line":183,"column":5}},"68":{"start":{"line":179,"column":6},"end":{"line":182,"column":8}},"69":{"start":{"line":185,"column":4},"end":{"line":185,"column":29}},"70":{"start":{"line":193,"column":4},"end":{"line":235,"column":5}},"71":{"start":{"line":194,"column":6},"end":{"line":198,"column":7}},"72":{"start":{"line":195,"column":8},"end":{"line":197,"column":10}},"73":{"start":{"line":200,"column":21},"end":{"line":200,"column":77}},"74":{"start":{"line":202,"column":6},"end":{"line":207,"column":7}},"75":{"start":{"line":203,"column":8},"end":{"line":206,"column":10}},"76":{"start":{"line":209,"column":22},"end":{"line":211,"column":null}},"77":{"start":{"line":214,"column":6},"end":{"line":219,"column":7}},"78":{"start":{"line":215,"column":8},"end":{"line":218,"column":10}},"79":{"start":{"line":221,"column":6},"end":{"line":224,"column":9}},"80":{"start":{"line":226,"column":6},"end":{"line":226,"column":53}},"81":{"start":{"line":228,"column":6},"end":{"line":234,"column":8}},"82":{"start":{"line":239,"column":24},"end":{"line":239,"column":67}},"83":{"start":{"line":240,"column":4},"end":{"line":240,"column":38}},"84":{"start":{"line":17,"column":13},"end":{"line":17,"column":32}},"85":{"start":{"line":17,"column":13},"end":{"line":242,"column":null}}},"fnMap":{"0":{"name":"(anonymous_4)","decl":{"start":{"line":18,"column":2},"end":{"line":18,"column":null}},"loc":{"start":{"line":34,"column":50},"end":{"line":35,"column":6}}},"1":{"name":"(anonymous_5)","decl":{"start":{"line":36,"column":2},"end":{"line":36,"column":7}},"loc":{"start":{"line":36,"column":57},"end":{"line":44,"column":3}}},"2":{"name":"(anonymous_6)","decl":{"start":{"line":46,"column":2},"end":{"line":46,"column":9}},"loc":{"start":{"line":46,"column":9},"end":{"line":54,"column":3}}},"3":{"name":"(anonymous_7)","decl":{"start":{"line":56,"column":2},"end":{"line":56,"column":9}},"loc":{"start":{"line":56,"column":20},"end":{"line":64,"column":3}}},"4":{"name":"(anonymous_8)","decl":{"start":{"line":66,"column":2},"end":{"line":66,"column":7}},"loc":{"start":{"line":66,"column":31},"end":{"line":107,"column":3}}},"5":{"name":"(anonymous_9)","decl":{"start":{"line":109,"column":2},"end":{"line":109,"column":7}},"loc":{"start":{"line":109,"column":37},"end":{"line":113,"column":3}}},"6":{"name":"(anonymous_10)","decl":{"start":{"line":115,"column":2},"end":{"line":115,"column":7}},"loc":{"start":{"line":115,"column":69},"end":{"line":129,"column":3}}},"7":{"name":"(anonymous_11)","decl":{"start":{"line":131,"column":2},"end":{"line":131,"column":7}},"loc":{"start":{"line":133,"column":18},"end":{"line":144,"column":3}}},"8":{"name":"(anonymous_12)","decl":{"start":{"line":146,"column":2},"end":{"line":146,"column":7}},"loc":{"start":{"line":147,"column":30},"end":{"line":186,"column":3}}},"9":{"name":"(anonymous_13)","decl":{"start":{"line":188,"column":2},"end":{"line":188,"column":7}},"loc":{"start":{"line":191,"column":28},"end":{"line":236,"column":3}}},"10":{"name":"(anonymous_14)","decl":{"start":{"line":238,"column":2},"end":{"line":238,"column":7}},"loc":{"start":{"line":238,"column":25},"end":{"line":241,"column":3}}}},"branchMap":{"0":{"loc":{"start":{"line":38,"column":4},"end":{"line":40,"column":5}},"type":"if","locations":[{"start":{"line":38,"column":4},"end":{"line":40,"column":5}},{"start":{},"end":{}}]},"1":{"loc":{"start":{"line":82,"column":25},"end":{"line":82,"column":54}},"type":"binary-expr","locations":[{"start":{"line":82,"column":25},"end":{"line":82,"column":49}},{"start":{"line":82,"column":53},"end":{"line":82,"column":54}}]},"2":{"loc":{"start":{"line":116,"column":4},"end":{"line":116,"column":73}},"type":"if","locations":[{"start":{"line":116,"column":4},"end":{"line":116,"column":73}},{"start":{},"end":{}}]},"3":{"loc":{"start":{"line":116,"column":8},"end":{"line":116,"column":24}},"type":"binary-expr","locations":[{"start":{"line":116,"column":8},"end":{"line":116,"column":11}},{"start":{"line":116,"column":15},"end":{"line":116,"column":24}}]},"4":{"loc":{"start":{"line":120,"column":4},"end":{"line":120,"column":34}},"type":"if","locations":[{"start":{"line":120,"column":4},"end":{"line":120,"column":34}},{"start":{},"end":{}}]},"5":{"loc":{"start":{"line":123,"column":4},"end":{"line":125,"column":5}},"type":"if","locations":[{"start":{"line":123,"column":4},"end":{"line":125,"column":5}},{"start":{},"end":{}}]},"6":{"loc":{"start":{"line":136,"column":4},"end":{"line":136,"column":34}},"type":"if","locations":[{"start":{"line":136,"column":4},"end":{"line":136,"column":34}},{"start":{},"end":{}}]},"7":{"loc":{"start":{"line":138,"column":20},"end":{"line":138,"column":51}},"type":"binary-expr","locations":[{"start":{"line":138,"column":20},"end":{"line":138,"column":45}},{"start":{"line":138,"column":49},"end":{"line":138,"column":51}}]},"8":{"loc":{"start":{"line":139,"column":4},"end":{"line":142,"column":5}},"type":"if","locations":[{"start":{"line":139,"column":4},"end":{"line":142,"column":5}},{"start":{},"end":{}}]},"9":{"loc":{"start":{"line":149,"column":4},"end":{"line":151,"column":5}},"type":"if","locations":[{"start":{"line":149,"column":4},"end":{"line":151,"column":5}},{"start":{},"end":{}}]},"10":{"loc":{"start":{"line":153,"column":4},"end":{"line":155,"column":5}},"type":"if","locations":[{"start":{"line":153,"column":4},"end":{"line":155,"column":5}},{"start":{},"end":{}}]},"11":{"loc":{"start":{"line":161,"column":4},"end":{"line":166,"column":5}},"type":"if","locations":[{"start":{"line":161,"column":4},"end":{"line":166,"column":5}},{"start":{},"end":{}}]},"12":{"loc":{"start":{"line":170,"column":4},"end":{"line":175,"column":5}},"type":"if","locations":[{"start":{"line":170,"column":4},"end":{"line":175,"column":5}},{"start":{},"end":{}}]},"13":{"loc":{"start":{"line":178,"column":4},"end":{"line":183,"column":5}},"type":"if","locations":[{"start":{"line":178,"column":4},"end":{"line":183,"column":5}},{"start":{},"end":{}}]},"14":{"loc":{"start":{"line":194,"column":6},"end":{"line":198,"column":7}},"type":"if","locations":[{"start":{"line":194,"column":6},"end":{"line":198,"column":7}},{"start":{},"end":{}}]},"15":{"loc":{"start":{"line":194,"column":10},"end":{"line":194,"column":40}},"type":"binary-expr","locations":[{"start":{"line":194,"column":10},"end":{"line":194,"column":20}},{"start":{"line":194,"column":24},"end":{"line":194,"column":40}}]},"16":{"loc":{"start":{"line":202,"column":6},"end":{"line":207,"column":7}},"type":"if","locations":[{"start":{"line":202,"column":6},"end":{"line":207,"column":7}},{"start":{},"end":{}}]},"17":{"loc":{"start":{"line":214,"column":6},"end":{"line":219,"column":7}},"type":"if","locations":[{"start":{"line":214,"column":6},"end":{"line":219,"column":7}},{"start":{},"end":{}}]},"18":{"loc":{"start":{"line":231,"column":10},"end":{"line":233,"column":51}},"type":"cond-expr","locations":[{"start":{"line":232,"column":14},"end":{"line":232,"column":27}},{"start":{"line":233,"column":14},"end":{"line":233,"column":51}}]},"19":{"loc":{"start":{"line":20,"column":35},"end":{"line":20,"column":null}},"type":"cond-expr","locations":[{"start":{"line":20,"column":56},"end":{"line":20,"column":null}},{"start":{"line":20,"column":56},"end":{"line":20,"column":null}}]},"20":{"loc":{"start":{"line":20,"column":35},"end":{"line":20,"column":56}},"type":"binary-expr","locations":[{"start":{"line":20,"column":35},"end":{"line":20,"column":null}},{"start":{"line":20,"column":35},"end":{"line":20,"column":56}}]},"21":{"loc":{"start":{"line":20,"column":56},"end":{"line":22,"column":42}},"type":"cond-expr","locations":[{"start":{"line":22,"column":37},"end":{"line":22,"column":42}},{"start":{"line":22,"column":37},"end":{"line":22,"column":42}}]},"22":{"loc":{"start":{"line":20,"column":56},"end":{"line":22,"column":37}},"type":"binary-expr","locations":[{"start":{"line":20,"column":56},"end":{"line":22,"column":42}},{"start":{"line":22,"column":27},"end":{"line":22,"column":37}}]},"23":{"loc":{"start":{"line":22,"column":37},"end":{"line":24,"column":52}},"type":"cond-expr","locations":[{"start":{"line":24,"column":42},"end":{"line":24,"column":52}},{"start":{"line":24,"column":42},"end":{"line":24,"column":52}}]},"24":{"loc":{"start":{"line":22,"column":37},"end":{"line":24,"column":42}},"type":"binary-expr","locations":[{"start":{"line":22,"column":37},"end":{"line":24,"column":52}},{"start":{"line":24,"column":32},"end":{"line":24,"column":42}}]},"25":{"loc":{"start":{"line":24,"column":42},"end":{"line":26,"column":48}},"type":"cond-expr","locations":[{"start":{"line":26,"column":40},"end":{"line":26,"column":48}},{"start":{"line":26,"column":40},"end":{"line":26,"column":48}}]},"26":{"loc":{"start":{"line":24,"column":42},"end":{"line":26,"column":40}},"type":"binary-expr","locations":[{"start":{"line":24,"column":42},"end":{"line":26,"column":48}},{"start":{"line":26,"column":30},"end":{"line":26,"column":40}}]},"27":{"loc":{"start":{"line":26,"column":40},"end":{"line":28,"column":56}},"type":"cond-expr","locations":[{"start":{"line":28,"column":44},"end":{"line":28,"column":56}},{"start":{"line":28,"column":44},"end":{"line":28,"column":56}}]},"28":{"loc":{"start":{"line":26,"column":40},"end":{"line":28,"column":44}},"type":"binary-expr","locations":[{"start":{"line":26,"column":40},"end":{"line":28,"column":56}},{"start":{"line":28,"column":34},"end":{"line":28,"column":44}}]},"29":{"loc":{"start":{"line":28,"column":44},"end":{"line":30,"column":66}},"type":"cond-expr","locations":[{"start":{"line":30,"column":49},"end":{"line":30,"column":66}},{"start":{"line":30,"column":49},"end":{"line":30,"column":66}}]},"30":{"loc":{"start":{"line":28,"column":44},"end":{"line":30,"column":49}},"type":"binary-expr","locations":[{"start":{"line":28,"column":44},"end":{"line":30,"column":66}},{"start":{"line":30,"column":39},"end":{"line":30,"column":49}}]},"31":{"loc":{"start":{"line":30,"column":49},"end":{"line":32,"column":48}},"type":"cond-expr","locations":[{"start":{"line":32,"column":40},"end":{"line":32,"column":48}},{"start":{"line":32,"column":40},"end":{"line":32,"column":48}}]},"32":{"loc":{"start":{"line":30,"column":49},"end":{"line":32,"column":40}},"type":"binary-expr","locations":[{"start":{"line":30,"column":49},"end":{"line":32,"column":48}},{"start":{"line":32,"column":30},"end":{"line":32,"column":40}}]},"33":{"loc":{"start":{"line":32,"column":40},"end":{"line":34,"column":50}},"type":"cond-expr","locations":[{"start":{"line":34,"column":41},"end":{"line":34,"column":50}},{"start":{"line":34,"column":41},"end":{"line":34,"column":50}}]},"34":{"loc":{"start":{"line":32,"column":40},"end":{"line":34,"column":41}},"type":"binary-expr","locations":[{"start":{"line":32,"column":40},"end":{"line":34,"column":50}},{"start":{"line":34,"column":31},"end":{"line":34,"column":41}}]}},"s":{"0":3,"1":3,"2":3,"3":3,"4":3,"5":3,"6":3,"7":3,"8":3,"9":3,"10":3,"11":3,"12":3,"13":24,"14":24,"15":24,"16":24,"17":24,"18":24,"19":24,"20":24,"21":6,"22":6,"23":5,"24":1,"25":1,"26":1,"27":1,"28":1,"29":1,"30":1,"31":1,"32":1,"33":1,"34":1,"35":1,"36":1,"37":1,"38":1,"39":5,"40":1,"41":4,"42":4,"43":1,"44":3,"45":3,"46":2,"47":1,"48":1,"49":3,"50":3,"51":1,"52":2,"53":2,"54":1,"55":1,"56":2,"57":9,"58":1,"59":8,"60":1,"61":7,"62":7,"63":2,"64":5,"65":5,"66":1,"67":4,"68":2,"69":2,"70":4,"71":4,"72":1,"73":3,"74":2,"75":1,"76":1,"77":1,"78":0,"79":1,"80":1,"81":1,"82":2,"83":2,"84":3,"85":3},"f":{"0":24,"1":6,"2":1,"3":1,"4":1,"5":1,"6":5,"7":3,"8":9,"9":4,"10":2},"b":{"0":[5,1],"1":[1,0],"2":[1,4],"3":[5,4],"4":[1,3],"5":[2,1],"6":[1,2],"7":[2,0],"8":[1,1],"9":[1,8],"10":[1,7],"11":[2,5],"12":[1,4],"13":[2,2],"14":[1,3],"15":[4,3],"16":[1,1],"17":[0,1],"18":[1,0],"19":[3,0],"20":[3,3],"21":[3,0],"22":[3,3],"23":[3,0],"24":[3,3],"25":[3,0],"26":[3,3],"27":[3,0],"28":[3,3],"29":[3,0],"30":[3,3],"31":[3,0],"32":[3,3],"33":[3,0],"34":[3,3]}}
,"/home/rozel/My projects/ticket_booking_system (Copy)/backend/src/busschedules/dto/create-busschedule.dto.ts": {"path":"/home/rozel/My projects/ticket_booking_system (Copy)/backend/src/busschedules/dto/create-busschedule.dto.ts","statementMap":{"0":{"start":{"line":1,"column":0},"end":{"line":1,"column":13}}},"fnMap":{},"branchMap":{},"s":{"0":2},"f":{},"b":{}}
,"/home/rozel/My projects/ticket_booking_system (Copy)/backend/src/busschedules/dto/update-busschedule.dto.ts": {"path":"/home/rozel/My projects/ticket_booking_system (Copy)/backend/src/busschedules/dto/update-busschedule.dto.ts","statementMap":{"0":{"start":{"line":1,"column":0},"end":{"line":1,"column":51}},"1":{"start":{"line":2,"column":0},"end":{"line":2,"column":64}},"2":{"start":{"line":4,"column":0},"end":{"line":4,"column":13}}},"fnMap":{},"branchMap":{},"s":{"0":2,"1":2,"2":2},"f":{},"b":{}}
,"/home/rozel/My projects/ticket_booking_system (Copy)/backend/src/busschedules/entities/busschedule.entity.ts": {"path":"/home/rozel/My projects/ticket_booking_system (Copy)/backend/src/busschedules/entities/busschedule.entity.ts","statementMap":{"0":{"start":{"line":1,"column":0},"end":{"line":1,"column":null}},"1":{"start":{"line":8,"column":0},"end":{"line":8,"column":52}},"2":{"start":{"line":9,"column":0},"end":{"line":9,"column":66}},"3":{"start":{"line":12,"column":7},"end":{"line":49,"column":null}},"4":{"start":{"line":12,"column":13},"end":{"line":12,"column":24}},"5":{"start":{"line":14,"column":2},"end":{"line":14,"column":null}},"6":{"start":{"line":20,"column":2},"end":{"line":20,"column":null}},"7":{"start":{"line":26,"column":2},"end":{"line":26,"column":null}},"8":{"start":{"line":33,"column":2},"end":{"line":33,"column":null}},"9":{"start":{"line":40,"column":2},"end":{"line":40,"column":null}},"10":{"start":{"line":44,"column":2},"end":{"line":44,"column":null}},"11":{"start":{"line":42,"column":19},"end":{"line":42,"column":27}},"12":{"start":{"line":42,"column":43},"end":{"line":42,"column":64}},"13":{"start":{"line":48,"column":2},"end":{"line":48,"column":null}},"14":{"start":{"line":46,"column":19},"end":{"line":46,"column":22}},"15":{"start":{"line":46,"column":33},"end":{"line":46,"column":49}},"16":{"start":{"line":12,"column":13},"end":{"line":49,"column":null}}},"fnMap":{"0":{"name":"(anonymous_2)","decl":{"start":{"line":42,"column":13},"end":{"line":42,"column":16}},"loc":{"start":{"line":42,"column":19},"end":{"line":42,"column":27}}},"1":{"name":"(anonymous_3)","decl":{"start":{"line":42,"column":29},"end":{"line":42,"column":30}},"loc":{"start":{"line":42,"column":43},"end":{"line":42,"column":64}}},"2":{"name":"(anonymous_4)","decl":{"start":{"line":46,"column":13},"end":{"line":46,"column":16}},"loc":{"start":{"line":46,"column":19},"end":{"line":46,"column":22}}},"3":{"name":"(anonymous_5)","decl":{"start":{"line":46,"column":24},"end":{"line":46,"column":25}},"loc":{"start":{"line":46,"column":33},"end":{"line":46,"column":49}}}},"branchMap":{"0":{"loc":{"start":{"line":44,"column":12},"end":{"line":44,"column":21}},"type":"cond-expr","locations":[{"start":{"line":44,"column":20},"end":{"line":44,"column":21}},{"start":{"line":44,"column":20},"end":{"line":44,"column":21}}]},"1":{"loc":{"start":{"line":44,"column":12},"end":{"line":44,"column":20}},"type":"binary-expr","locations":[{"start":{"line":44,"column":12},"end":{"line":44,"column":21}},{"start":{"line":44,"column":12},"end":{"line":44,"column":20}}]},"2":{"loc":{"start":{"line":48,"column":7},"end":{"line":48,"column":11}},"type":"cond-expr","locations":[{"start":{"line":48,"column":10},"end":{"line":48,"column":11}},{"start":{"line":48,"column":10},"end":{"line":48,"column":11}}]},"3":{"loc":{"start":{"line":48,"column":7},"end":{"line":48,"column":10}},"type":"binary-expr","locations":[{"start":{"line":48,"column":7},"end":{"line":48,"column":11}},{"start":{"line":48,"column":7},"end":{"line":48,"column":10}}]}},"s":{"0":27,"1":27,"2":27,"3":27,"4":27,"5":27,"6":27,"7":27,"8":27,"9":27,"10":27,"11":0,"12":0,"13":27,"14":0,"15":0,"16":27},"f":{"0":0,"1":0,"2":0,"3":0},"b":{"0":[23,4],"1":[27,23],"2":[21,6],"3":[27,21]}}
,"/home/rozel/My projects/ticket_booking_system (Copy)/backend/src/complaints/complaints.controller.ts": {"path":"/home/rozel/My projects/ticket_booking_system (Copy)/backend/src/complaints/complaints.controller.ts","statementMap":{"0":{"start":{"line":1,"column":0},"end":{"line":1,"column":null}},"1":{"start":{"line":10,"column":0},"end":{"line":10,"column":57}},"2":{"start":{"line":11,"column":0},"end":{"line":11,"column":64}},"3":{"start":{"line":12,"column":0},"end":{"line":12,"column":64}},"4":{"start":{"line":15,"column":7},"end":{"line":50,"column":null}},"5":{"start":{"line":16,"column":31},"end":{"line":16,"column":50}},"6":{"start":{"line":20,"column":4},"end":{"line":20,"column":61}},"7":{"start":{"line":25,"column":4},"end":{"line":25,"column":44}},"8":{"start":{"line":30,"column":4},"end":{"line":30,"column":47}},"9":{"start":{"line":35,"column":4},"end":{"line":35,"column":60}},"10":{"start":{"line":43,"column":4},"end":{"line":43,"column":66}},"11":{"start":{"line":48,"column":4},"end":{"line":48,"column":46}},"12":{"start":{"line":15,"column":13},"end":{"line":15,"column":33}},"13":{"start":{"line":19,"column":2},"end":{"line":21,"column":null}},"14":{"start":{"line":24,"column":2},"end":{"line":26,"column":null}},"15":{"start":{"line":29,"column":2},"end":{"line":31,"column":null}},"16":{"start":{"line":34,"column":8},"end":{"line":36,"column":null}},"17":{"start":{"line":39,"column":2},"end":{"line":44,"column":null}},"18":{"start":{"line":47,"column":2},"end":{"line":49,"column":null}},"19":{"start":{"line":15,"column":13},"end":{"line":50,"column":null}}},"fnMap":{"0":{"name":"(anonymous_4)","decl":{"start":{"line":16,"column":2},"end":{"line":16,"column":31}},"loc":{"start":{"line":16,"column":67},"end":{"line":16,"column":71}}},"1":{"name":"(anonymous_5)","decl":{"start":{"line":19,"column":2},"end":{"line":19,"column":8}},"loc":{"start":{"line":19,"column":55},"end":{"line":21,"column":3}}},"2":{"name":"(anonymous_6)","decl":{"start":{"line":24,"column":2},"end":{"line":24,"column":9}},"loc":{"start":{"line":24,"column":9},"end":{"line":26,"column":3}}},"3":{"name":"(anonymous_7)","decl":{"start":{"line":29,"column":2},"end":{"line":29,"column":9}},"loc":{"start":{"line":29,"column":33},"end":{"line":31,"column":3}}},"4":{"name":"(anonymous_8)","decl":{"start":{"line":34,"column":8},"end":{"line":34,"column":25}},"loc":{"start":{"line":34,"column":49},"end":{"line":36,"column":3}}},"5":{"name":"(anonymous_9)","decl":{"start":{"line":39,"column":2},"end":{"line":39,"column":8}},"loc":{"start":{"line":41,"column":50},"end":{"line":44,"column":3}}},"6":{"name":"(anonymous_10)","decl":{"start":{"line":47,"column":2},"end":{"line":47,"column":8}},"loc":{"start":{"line":47,"column":32},"end":{"line":49,"column":3}}}},"branchMap":{"0":{"loc":{"start":{"line":19,"column":37},"end":{"line":19,"column":null}},"type":"cond-expr","locations":[{"start":{"line":19,"column":55},"end":{"line":19,"column":null}},{"start":{"line":19,"column":55},"end":{"line":19,"column":null}}]},"1":{"loc":{"start":{"line":19,"column":37},"end":{"line":19,"column":55}},"type":"binary-expr","locations":[{"start":{"line":19,"column":37},"end":{"line":19,"column":null}},{"start":{"line":19,"column":37},"end":{"line":19,"column":55}}]},"2":{"loc":{"start":{"line":41,"column":32},"end":{"line":41,"column":null}},"type":"cond-expr","locations":[{"start":{"line":41,"column":50},"end":{"line":41,"column":null}},{"start":{"line":41,"column":50},"end":{"line":41,"column":null}}]},"3":{"loc":{"start":{"line":41,"column":32},"end":{"line":41,"column":50}},"type":"binary-expr","locations":[{"start":{"line":41,"column":32},"end":{"line":41,"column":null}},{"start":{"line":41,"column":32},"end":{"line":41,"column":50}}]},"4":{"loc":{"start":{"line":16,"column":50},"end":{"line":16,"column":70}},"type":"cond-expr","locations":[{"start":{"line":16,"column":67},"end":{"line":16,"column":70}},{"start":{"line":16,"column":67},"end":{"line":16,"column":70}}]},"5":{"loc":{"start":{"line":16,"column":50},"end":{"line":16,"column":67}},"type":"binary-expr","locations":[{"start":{"line":16,"column":50},"end":{"line":16,"column":70}},{"start":{"line":16,"column":50},"end":{"line":16,"column":67}}]}},"s":{"0":1,"1":1,"2":1,"3":1,"4":1,"5":6,"6":1,"7":1,"8":1,"9":1,"10":1,"11":1,"12":1,"13":1,"14":1,"15":1,"16":1,"17":1,"18":1,"19":1},"f":{"0":6,"1":1,"2":1,"3":1,"4":1,"5":1,"6":1},"b":{"0":[1,0],"1":[1,1],"2":[1,0],"3":[1,1],"4":[1,0],"5":[1,1]}}
,"/home/rozel/My projects/ticket_booking_system (Copy)/backend/src/complaints/complaints.module.ts": {"path":"/home/rozel/My projects/ticket_booking_system (Copy)/backend/src/complaints/complaints.module.ts","statementMap":{"0":{"start":{"line":1,"column":0},"end":{"line":1,"column":40}},"1":{"start":{"line":2,"column":0},"end":{"line":2,"column":57}},"2":{"start":{"line":3,"column":0},"end":{"line":3,"column":63}},"3":{"start":{"line":4,"column":0},"end":{"line":4,"column":48}},"4":{"start":{"line":5,"column":0},"end":{"line":5,"column":56}},"5":{"start":{"line":12,"column":7},"end":{"line":12,"column":null}},"6":{"start":{"line":12,"column":13},"end":{"line":12,"column":29}},"7":{"start":{"line":12,"column":13},"end":{"line":12,"column":null}}},"fnMap":{},"branchMap":{},"s":{"0":0,"1":0,"2":0,"3":0,"4":0,"5":0,"6":0,"7":0},"f":{},"b":{}}
,"/home/rozel/My projects/ticket_booking_system (Copy)/backend/src/complaints/complaints.service.ts": {"path":"/home/rozel/My projects/ticket_booking_system (Copy)/backend/src/complaints/complaints.service.ts","statementMap":{"0":{"start":{"line":1,"column":0},"end":{"line":1,"column":44}},"1":{"start":{"line":4,"column":0},"end":{"line":4,"column":51}},"2":{"start":{"line":5,"column":0},"end":{"line":5,"column":56}},"3":{"start":{"line":6,"column":0},"end":{"line":6,"column":37}},"4":{"start":{"line":9,"column":7},"end":{"line":42,"column":null}},"5":{"start":{"line":12,"column":12},"end":{"line":12,"column":33}},"6":{"start":{"line":15,"column":22},"end":{"line":15,"column":73}},"7":{"start":{"line":16,"column":4},"end":{"line":16,"column":58}},"8":{"start":{"line":20,"column":4},"end":{"line":20,"column":43}},"9":{"start":{"line":23,"column":4},"end":{"line":23,"column":64}},"10":{"start":{"line":27,"column":4},"end":{"line":27,"column":54}},"11":{"start":{"line":31,"column":22},"end":{"line":31,"column":70}},"12":{"start":{"line":32,"column":4},"end":{"line":32,"column":32}},"13":{"start":{"line":32,"column":20},"end":{"line":32,"column":32}},"14":{"start":{"line":34,"column":4},"end":{"line":34,"column":66}},"15":{"start":{"line":35,"column":4},"end":{"line":35,"column":60}},"16":{"start":{"line":39,"column":22},"end":{"line":39,"column":63}},"17":{"start":{"line":40,"column":4},"end":{"line":40,"column":36}},"18":{"start":{"line":9,"column":13},"end":{"line":9,"column":30}},"19":{"start":{"line":9,"column":13},"end":{"line":42,"column":null}}},"fnMap":{"0":{"name":"(anonymous_4)","decl":{"start":{"line":10,"column":2},"end":{"line":10,"column":null}},"loc":{"start":{"line":12,"column":54},"end":{"line":13,"column":6}}},"1":{"name":"(anonymous_5)","decl":{"start":{"line":14,"column":2},"end":{"line":14,"column":7}},"loc":{"start":{"line":14,"column":53},"end":{"line":17,"column":3}}},"2":{"name":"(anonymous_6)","decl":{"start":{"line":19,"column":2},"end":{"line":19,"column":9}},"loc":{"start":{"line":19,"column":9},"end":{"line":21,"column":3}}},"3":{"name":"(anonymous_7)","decl":{"start":{"line":22,"column":2},"end":{"line":22,"column":7}},"loc":{"start":{"line":22,"column":38},"end":{"line":24,"column":3}}},"4":{"name":"(anonymous_8)","decl":{"start":{"line":26,"column":2},"end":{"line":26,"column":9}},"loc":{"start":{"line":26,"column":20},"end":{"line":28,"column":3}}},"5":{"name":"(anonymous_9)","decl":{"start":{"line":30,"column":2},"end":{"line":30,"column":7}},"loc":{"start":{"line":30,"column":65},"end":{"line":36,"column":3}}},"6":{"name":"(anonymous_10)","decl":{"start":{"line":38,"column":2},"end":{"line":38,"column":7}},"loc":{"start":{"line":38,"column":25},"end":{"line":41,"column":3}}}},"branchMap":{"0":{"loc":{"start":{"line":32,"column":4},"end":{"line":32,"column":32}},"type":"if","locations":[{"start":{"line":32,"column":4},"end":{"line":32,"column":32}},{"start":{},"end":{}}]},"1":{"loc":{"start":{"line":12,"column":33},"end":{"line":12,"column":54}},"type":"cond-expr","locations":[{"start":{"line":12,"column":43},"end":{"line":12,"column":54}},{"start":{"line":12,"column":43},"end":{"line":12,"column":54}}]},"2":{"loc":{"start":{"line":12,"column":33},"end":{"line":12,"column":43}},"type":"binary-expr","locations":[{"start":{"line":12,"column":33},"end":{"line":12,"column":54}},{"start":{"line":12,"column":33},"end":{"line":12,"column":43}}]}},"s":{"0":2,"1":2,"2":2,"3":2,"4":2,"5":8,"6":1,"7":1,"8":1,"9":1,"10":1,"11":2,"12":2,"13":1,"14":1,"15":1,"16":2,"17":2,"18":2,"19":2},"f":{"0":8,"1":1,"2":1,"3":1,"4":1,"5":2,"6":2},"b":{"0":[1,1],"1":[2,0],"2":[2,2]}}
,"/home/rozel/My projects/ticket_booking_system (Copy)/backend/src/complaints/dto/create-complaint.dto.ts": {"path":"/home/rozel/My projects/ticket_booking_system (Copy)/backend/src/complaints/dto/create-complaint.dto.ts","statementMap":{"0":{"start":{"line":1,"column":0},"end":{"line":1,"column":13}}},"fnMap":{},"branchMap":{},"s":{"0":1},"f":{},"b":{}}
,"/home/rozel/My projects/ticket_booking_system (Copy)/backend/src/complaints/dto/update-complaint.dto.ts": {"path":"/home/rozel/My projects/ticket_booking_system (Copy)/backend/src/complaints/dto/update-complaint.dto.ts","statementMap":{"0":{"start":{"line":1,"column":0},"end":{"line":1,"column":51}},"1":{"start":{"line":2,"column":0},"end":{"line":2,"column":60}},"2":{"start":{"line":4,"column":0},"end":{"line":4,"column":13}}},"fnMap":{},"branchMap":{},"s":{"0":1,"1":1,"2":1},"f":{},"b":{}}
[...]
,"column":null}},"46":{"start":{"line":18,"column":13},"end":{"line":110,"column":null}}},"fnMap":{"0":{"name":"(anonymous_4)","decl":{"start":{"line":19,"column":2},"end":{"line":19,"column":null}},"loc":{"start":{"line":21,"column":43},"end":{"line":22,"column":6}}},"1":{"name":"(anonymous_5)","decl":{"start":{"line":25,"column":2},"end":{"line":25,"column":8}},"loc":{"start":{"line":25,"column":45},"end":{"line":27,"column":3}}},"2":{"name":"(anonymous_6)","decl":{"start":{"line":30,"column":8},"end":{"line":30,"column":16}},"loc":{"start":{"line":30,"column":47},"end":{"line":38,"column":3}}},"3":{"name":"(anonymous_7)","decl":{"start":{"line":41,"column":8},"end":{"line":41,"column":13}},"loc":{"start":{"line":41,"column":63},"end":{"line":53,"column":3}}},"4":{"name":"(anonymous_8)","decl":{"start":{"line":56,"column":8},"end":{"line":56,"column":15}},"loc":{"start":{"line":56,"column":55},"end":{"line":68,"column":3}}},"5":{"name":"(anonymous_9)","decl":{"start":{"line":71,"column":8},"end":{"line":71,"column":14}},"loc":{"start":{"line":71,"column":53},"end":{"line":79,"column":3}}},"6":{"name":"(anonymous_10)","decl":{"start":{"line":82,"column":2},"end":{"line":82,"column":9}},"loc":{"start":{"line":82,"column":9},"end":{"line":84,"column":3}}},"7":{"name":"(anonymous_11)","decl":{"start":{"line":87,"column":2},"end":{"line":87,"column":9}},"loc":{"start":{"line":87,"column":33},"end":{"line":89,"column":3}}},"8":{"name":"(anonymous_12)","decl":{"start":{"line":92,"column":8},"end":{"line":92,"column":26}},"loc":{"start":{"line":92,"column":50},"end":{"line":94,"column":3}}},"9":{"name":"(anonymous_13)","decl":{"start":{"line":97,"column":8},"end":{"line":97,"column":22}},"loc":{"start":{"line":97,"column":75},"end":{"line":99,"column":3}}},"10":{"name":"(anonymous_14)","decl":{"start":{"line":102,"column":2},"end":{"line":102,"column":8}},"loc":{"start":{"line":102,"column":70},"end":{"line":104,"column":3}}},"11":{"name":"(anonymous_15)","decl":{"start":{"line":107,"column":2},"end":{"line":107,"column":8}},"loc":{"start":{"line":107,"column":32},"end":{"line":109,"column":3}}}},"branchMap":{"0":{"loc":{"start":{"line":25,"column":32},"end":{"line":25,"column":null}},"type":"cond-expr","locations":[{"start":{"line":25,"column":45},"end":{"line":25,"column":null}},{"start":{"line":25,"column":45},"end":{"line":25,"column":null}}]},"1":{"loc":{"start":{"line":25,"column":32},"end":{"line":25,"column":45}},"type":"binary-expr","locations":[{"start":{"line":25,"column":32},"end":{"line":25,"column":null}},{"start":{"line":25,"column":32},"end":{"line":25,"column":45}}]},"2":{"loc":{"start":{"line":30,"column":34},"end":{"line":30,"column":null}},"type":"cond-expr","locations":[{"start":{"line":30,"column":47},"end":{"line":30,"column":null}},{"start":{"line":30,"column":47},"end":{"line":30,"column":null}}]},"3":{"loc":{"start":{"line":30,"column":34},"end":{"line":30,"column":47}},"type":"binary-expr","locations":[{"start":{"line":30,"column":34},"end":{"line":30,"column":null}},{"start":{"line":30,"column":34},"end":{"line":30,"column":47}}]},"4":{"loc":{"start":{"line":97,"column":62},"end":{"line":97,"column":null}},"type":"cond-expr","locations":[{"start":{"line":97,"column":75},"end":{"line":97,"column":null}},{"start":{"line":97,"column":75},"end":{"line":97,"column":null}}]},"5":{"loc":{"start":{"line":97,"column":62},"end":{"line":97,"column":75}},"type":"binary-expr","locations":[{"start":{"line":97,"column":62},"end":{"line":97,"column":null}},{"start":{"line":97,"column":62},"end":{"line":97,"column":75}}]},"6":{"loc":{"start":{"line":102,"column":57},"end":{"line":102,"column":null}},"type":"cond-expr","locations":[{"start":{"line":102,"column":70},"end":{"line":102,"column":null}},{"start":{"line":102,"column":70},"end":{"line":102,"column":null}}]},"7":{"loc":{"start":{"line":102,"column":57},"end":{"line":102,"column":70}},"type":"binary-expr","locations":[{"start":{"line":102,"column":57},"end":{"line":102,"column":null}},{"start":{"line":102,"column":57},"end":{"line":102,"column":70}}]},"8":{"loc":{"start":{"line":20,"column":35},"end":{"line":20,"column":null}},"type":"cond-expr","locations":[{"start":{"line":20,"column":47},"end":{"line":20,"column":null}},{"start":{"line":20,"column":47},"end":{"line":20,"column":null}}]},"9":{"loc":{"start":{"line":20,"column":35},"end":{"line":20,"column":47}},"type":"binary-expr","locations":[{"start":{"line":20,"column":35},"end":{"line":20,"column":null}},{"start":{"line":20,"column":35},"end":{"line":20,"column":47}}]},"10":{"loc":{"start":{"line":20,"column":47},"end":{"line":21,"column":null}},"type":"cond-expr","locations":[{"start":{"line":21,"column":43},"end":{"line":21,"column":null}},{"start":{"line":21,"column":43},"end":{"line":21,"column":null}}]},"11":{"loc":{"start":{"line":20,"column":47},"end":{"line":21,"column":43}},"type":"binary-expr","locations":[{"start":{"line":20,"column":47},"end":{"line":21,"column":null}},{"start":{"line":21,"column":33},"end":{"line":21,"column":43}}]}},"s":{"0":1,"1":1,"2":1,"3":1,"4":1,"5":1,"6":15,"7":15,"8":1,"9":2,"10":2,"11":1,"12":1,"13":2,"14":2,"15":2,"16":1,"17":1,"18":2,"19":2,"20":2,"21":1,"22":1,"23":2,"24":2,"25":2,"26":1,"27":1,"28":1,"29":1,"30":1,"31":1,"32":1,"33":1,"34":1,"35":1,"36":1,"37":1,"38":1,"39":1,"40":1,"41":1,"42":1,"43":1,"44":1,"45":1,"46":1},"f":{"0":15,"1":1,"2":2,"3":2,"4":2,"5":2,"6":1,"7":1,"8":1,"9":1,"10":1,"11":1},"b":{"0":[1,0],"1":[1,1],"2":[1,0],"3":[1,1],"4":[1,0],"5":[1,1],"6":[1,0],"7":[1,1],"8":[1,0],"9":[1,1],"10":[1,0],"11":[1,1]}}
,"/home/rozel/My projects/ticket_booking_system (Copy)/backend/src/users/users.module.ts": {"path":"/home/rozel/My projects/ticket_booking_system (Copy)/backend/src/users/users.module.ts","statementMap":{"0":{"start":{"line":1,"column":0},"end":{"line":1,"column":40}},"1":{"start":{"line":2,"column":0},"end":{"line":2,"column":47}},"2":{"start":{"line":3,"column":0},"end":{"line":3,"column":53}},"3":{"start":{"line":4,"column":0},"end":{"line":4,"column":48}},"4":{"start":{"line":5,"column":0},"end":{"line":5,"column":46}},"5":{"start":{"line":6,"column":0},"end":{"line":6,"column":43}},"6":{"start":{"line":14,"column":7},"end":{"line":14,"column":null}},"7":{"start":{"line":14,"column":13},"end":{"line":14,"column":24}},"8":{"start":{"line":14,"column":13},"end":{"line":14,"column":null}}},"fnMap":{},"branchMap":{},"s":{"0":0,"1":0,"2":0,"3":0,"4":0,"5":0,"6":0,"7":0,"8":0},"f":{},"b":{}}
,"/home/rozel/My projects/ticket_booking_system (Copy)/backend/src/users/users.service.ts": {"path":"/home/rozel/My projects/ticket_booking_system (Copy)/backend/src/users/users.service.ts","statementMap":{"0":{"start":{"line":1,"column":0},"end":{"line":1,"column":44}},"1":{"start":{"line":4,"column":0},"end":{"line":4,"column":51}},"2":{"start":{"line":5,"column":0},"end":{"line":5,"column":37}},"3":{"start":{"line":6,"column":0},"end":{"line":6,"column":46}},"4":{"start":{"line":7,"column":0},"end":{"line":7,"column":43}},"5":{"start":{"line":8,"column":0},"end":{"line":8,"column":30}},"6":{"start":{"line":12,"column":7},"end":{"line":120,"column":null}},"7":{"start":{"line":14,"column":12},"end":{"line":14,"column":24}},"8":{"start":{"line":16,"column":12},"end":{"line":16,"column":28}},"9":{"start":{"line":19,"column":17},"end":{"line":19,"column":58}},"10":{"start":{"line":20,"column":4},"end":{"line":20,"column":48}},"11":{"start":{"line":24,"column":4},"end":{"line":24,"column":38}},"12":{"start":{"line":28,"column":4},"end":{"line":28,"column":55}},"13":{"start":{"line":32,"column":19},"end":{"line":41,"column":15}},"14":{"start":{"line":43,"column":4},"end":{"line":43,"column":28}},"15":{"start":{"line":46,"column":13},"end":{"line":70,"column":3}},"16":{"start":{"line":47,"column":32},"end":{"line":47,"column":39}},"17":{"start":{"line":48,"column":25},"end":{"line":48,"column":71}},"18":{"start":{"line":49,"column":4},"end":{"line":51,"column":5}},"19":{"start":{"line":50,"column":6},"end":{"line":50,"column":45}},"20":{"start":{"line":53,"column":4},"end":{"line":53,"column":55}},"21":{"start":{"line":54,"column":17},"end":{"line":54,"column":52}},"22":{"start":{"line":57,"column":4},"end":{"line":57,"column":41}},"23":{"start":{"line":60,"column":42},"end":{"line":60,"column":78}},"24":{"start":{"line":63,"column":4},"end":{"line":63,"column":38}},"25":{"start":{"line":64,"column":4},"end":{"line":64,"column":41}},"26":{"start":{"line":66,"column":20},"end":{"line":66,"column":27}},"27":{"start":{"line":67,"column":4},"end":{"line":67,"column":33}},"28":{"start":{"line":69,"column":4},"end":{"line":69,"column":50}},"29":{"start":{"line":72,"column":10},"end":{"line":92,"column":3}},"30":{"start":{"line":73,"column":17},"end":{"line":73,"column":63}},"31":{"start":{"line":75,"column":4},"end":{"line":77,"column":5}},"32":{"start":{"line":76,"column":6},"end":{"line":76,"column":45}},"33":{"start":{"line":79,"column":42},"end":{"line":79,"column":78}},"34":{"start":{"line":81,"column":4},"end":{"line":81,"column":38}},"35":{"start":{"line":83,"column":4},"end":{"line":83,"column":41}},"36":{"start":{"line":85,"column":4},"end":{"line":91,"column":6}},"37":{"start":{"line":94,"column":11},"end":{"line":102,"column":3}},"38":{"start":{"line":95,"column":17},"end":{"line":97,"column":6}},"39":{"start":{"line":98,"column":4},"end":{"line":101,"column":5}},"40":{"start":{"line":99,"column":6},"end":{"line":99,"column":30}},"41":{"start":{"line":100,"column":6},"end":{"line":100,"column":43}},"42":{"start":{"line":105,"column":17},"end":{"line":105,"column":60}},"43":{"start":{"line":106,"column":4},"end":{"line":106,"column":27}},"44":{"start":{"line":106,"column":15},"end":{"line":106,"column":27}},"45":{"start":{"line":108,"column":25},"end":{"line":108,"column":38}},"46":{"start":{"line":110,"column":4},"end":{"line":110,"column":69}},"47":{"start":{"line":112,"column":4},"end":{"line":112,"column":56}},"48":{"start":{"line":113,"column":4},"end":{"line":113,"column":55}},"49":{"start":{"line":117,"column":19},"end":{"line":117,"column":55}},"50":{"start":{"line":118,"column":4},"end":{"line":118,"column":33}},"51":{"start":{"line":12,"column":13},"end":{"line":12,"column":25}},"52":{"start":{"line":12,"column":13},"end":{"line":120,"column":null}}},"fnMap":{"0":{"name":"(anonymous_5)","decl":{"start":{"line":13,"column":2},"end":{"line":13,"column":null}},"loc":{"start":{"line":16,"column":44},"end":{"line":17,"column":6}}},"1":{"name":"(anonymous_6)","decl":{"start":{"line":18,"column":2},"end":{"line":18,"column":7}},"loc":{"start":{"line":18,"column":43},"end":{"line":21,"column":3}}},"2":{"name":"(anonymous_7)","decl":{"start":{"line":23,"column":2},"end":{"line":23,"column":9}},"loc":{"start":{"line":23,"column":9},"end":{"line":25,"column":3}}},"3":{"name":"(anonymous_8)","decl":{"start":{"line":27,"column":2},"end":{"line":27,"column":7}},"loc":{"start":{"line":27,"column":26},"end":{"line":29,"column":3}}},"4":{"name":"(anonymous_9)","decl":{"start":{"line":31,"column":2},"end":{"line":31,"column":7}},"loc":{"start":{"line":31,"column":34},"end":{"line":44,"column":3}}},"5":{"name":"(anonymous_10)","decl":{"start":{"line":46,"column":13},"end":{"line":46,"column":18}},"loc":{"start":{"line":46,"column":46},"end":{"line":70,"column":3}}},"6":{"name":"(anonymous_11)","decl":{"start":{"line":72,"column":10},"end":{"line":72,"column":15}},"loc":{"start":{"line":72,"column":52},"end":{"line":92,"column":3}}},"7":{"name":"(anonymous_12)","decl":{"start":{"line":94,"column":11},"end":{"line":94,"column":16}},"loc":{"start":{"line":94,"column":43},"end":{"line":102,"column":3}}},"8":{"name":"(anonymous_13)","decl":{"start":{"line":104,"column":2},"end":{"line":104,"column":7}},"loc":{"start":{"line":104,"column":55},"end":{"line":114,"column":3}}},"9":{"name":"(anonymous_14)","decl":{"start":{"line":116,"column":2},"end":{"line":116,"column":7}},"loc":{"start":{"line":116,"column":25},"end":{"line":119,"column":3}}}},"branchMap":{"0":{"loc":{"start":{"line":49,"column":4},"end":{"line":51,"column":5}},"type":"if","locations":[{"start":{"line":49,"column":4},"end":{"line":51,"column":5}},{"start":{},"end":{}}]},"1":{"loc":{"start":{"line":75,"column":4},"end":{"line":77,"column":5}},"type":"if","locations":[{"start":{"line":75,"column":4},"end":{"line":77,"column":5}},{"start":{},"end":{}}]},"2":{"loc":{"start":{"line":75,"column":8},"end":{"line":75,"column":65}},"type":"binary-expr","locations":[{"start":{"line":75,"column":8},"end":{"line":75,"column":13}},{"start":{"line":75,"column":17},"end":{"line":75,"column":65}}]},"3":{"loc":{"start":{"line":98,"column":4},"end":{"line":101,"column":5}},"type":"if","locations":[{"start":{"line":98,"column":4},"end":{"line":101,"column":5}},{"start":{},"end":{}}]},"4":{"loc":{"start":{"line":106,"column":4},"end":{"line":106,"column":27}},"type":"if","locations":[{"start":{"line":106,"column":4},"end":{"line":106,"column":27}},{"start":{},"end":{}}]},"5":{"loc":{"start":{"line":14,"column":24},"end":{"line":14,"column":null}},"type":"cond-expr","locations":[{"start":{"line":14,"column":34},"end":{"line":14,"column":null}},{"start":{"line":14,"column":34},"end":{"line":14,"column":null}}]},"6":{"loc":{"start":{"line":14,"column":24},"end":{"line":14,"column":34}},"type":"binary-expr","locations":[{"start":{"line":14,"column":24},"end":{"line":14,"column":null}},{"start":{"line":14,"column":24},"end":{"line":14,"column":34}}]},"7":{"loc":{"start":{"line":14,"column":34},"end":{"line":16,"column":44}},"type":"cond-expr","locations":[{"start":{"line":16,"column":38},"end":{"line":16,"column":44}},{"start":{"line":16,"column":38},"end":{"line":16,"column":44}}]},"8":{"loc":{"start":{"line":14,"column":34},"end":{"line":16,"column":38}},"type":"binary-expr","locations":[{"start":{"line":14,"column":34},"end":{"line":16,"column":44}},{"start":{"line":16,"column":28},"end":{"line":16,"column":38}}]}},"s":{"0":3,"1":3,"2":3,"3":3,"4":3,"5":3,"6":3,"7":13,"8":13,"9":1,"10":1,"11":1,"12":1,"13":2,"14":2,"15":13,"16":2,"17":2,"18":2,"19":1,"20":1,"21":1,"22":1,"23":1,"24":1,"25":1,"26":1,"27":1,"28":1,"29":13,"30":2,"31":2,"32":1,"33":1,"34":1,"35":1,"36":1,"37":13,"38":1,"39":1,"40":1,"41":1,"42":2,"43":2,"44":1,"45":1,"46":1,"47":1,"48":1,"49":1,"50":1,"51":3,"52":3},"f":{"0":13,"1":1,"2":1,"3":1,"4":2,"5":2,"6":2,"7":1,"8":2,"9":1},"b":{"0":[1,1],"1":[1,1],"2":[2,1],"3":[1,0],"4":[1,1],"5":[3,0],"6":[3,3],"7":[3,0],"8":[3,3]}}
,"/home/rozel/My projects/ticket_booking_system (Copy)/backend/src/users/dto/create-user.dto.ts": {"path":"/home/rozel/My projects/ticket_booking_system (Copy)/backend/src/users/dto/create-user.dto.ts","statementMap":{"0":{"start":{"line":1,"column":0},"end":{"line":1,"column":13}}},"fnMap":{},"branchMap":{},"s":{"0":1},"f":{},"b":{}}
,"/home/rozel/My projects/ticket_booking_system (Copy)/backend/src/users/dto/update-user.dto.ts": {"path":"/home/rozel/My projects/ticket_booking_system (Copy)/backend/src/users/dto/update-user.dto.ts","statementMap":{"0":{"start":{"line":1,"column":0},"end":{"line":1,"column":51}},"1":{"start":{"line":2,"column":0},"end":{"line":2,"column":50}},"2":{"start":{"line":4,"column":0},"end":{"line":4,"column":13}}},"fnMap":{},"branchMap":{},"s":{"0":1,"1":1,"2":1},"f":{},"b":{}}
,"/home/rozel/My projects/ticket_booking_system (Copy)/backend/src/users/entities/role.entity.ts": {"path":"/home/rozel/My projects/ticket_booking_system (Copy)/backend/src/users/entities/role.entity.ts","statementMap":{"0":{"start":{"line":1,"column":0},"end":{"line":1,"column":76}},"1":{"start":{"line":2,"column":0},"end":{"line":2,"column":37}},"2":{"start":{"line":5,"column":7},"end":{"line":18,"column":null}},"3":{"start":{"line":5,"column":13},"end":{"line":5,"column":17}},"4":{"start":{"line":7,"column":2},"end":{"line":7,"column":null}},"5":{"start":{"line":14,"column":2},"end":{"line":14,"column":null}},"6":{"start":{"line":17,"column":2},"end":{"line":17,"column":null}},"7":{"start":{"line":16,"column":19},"end":{"line":16,"column":23}},"8":{"start":{"line":16,"column":35},"end":{"line":16,"column":44}},"9":{"start":{"line":5,"column":13},"end":{"line":18,"column":null}}},"fnMap":{"0":{"name":"(anonymous_2)","decl":{"start":{"line":16,"column":13},"end":{"line":16,"column":16}},"loc":{"start":{"line":16,"column":19},"end":{"line":16,"column":23}}},"1":{"name":"(anonymous_3)","decl":{"start":{"line":16,"column":25},"end":{"line":16,"column":26}},"loc":{"start":{"line":16,"column":35},"end":{"line":16,"column":44}}}},"branchMap":{},"s":{"0":21,"1":21,"2":21,"3":21,"4":21,"5":21,"6":21,"7":0,"8":0,"9":21},"f":{"0":0,"1":0},"b":{}}
,"/home/rozel/My projects/ticket_booking_system (Copy)/backend/src/users/entities/user.entity.ts": {"path":"/home/rozel/My projects/ticket_booking_system (Copy)/backend/src/users/entities/user.entity.ts","statementMap":{"0":{"start":{"line":1,"column":0},"end":{"line":1,"column":null}},"1":{"start":{"line":9,"column":0},"end":{"line":9,"column":37}},"2":{"start":{"line":10,"column":0},"end":{"line":10,"column":63}},"3":{"start":{"line":13,"column":7},"end":{"line":99,"column":null}},"4":{"start":{"line":13,"column":13},"end":{"line":13,"column":17}},"5":{"start":{"line":15,"column":2},"end":{"line":15,"column":null}},"6":{"start":{"line":22,"column":2},"end":{"line":22,"column":null}},"7":{"start":{"line":29,"column":2},"end":{"line":29,"column":null}},"8":{"start":{"line":36,"column":2},"end":{"line":36,"column":null}},"9":{"start":{"line":43,"column":2},"end":{"line":43,"column":null}},"10":{"start":{"line":50,"column":2},"end":{"line":50,"column":null}},"11":{"start":{"line":58,"column":2},"end":{"line":58,"column":null}},"12":{"start":{"line":65,"column":2},"end":{"line":65,"column":null}},"13":{"start":{"line":71,"column":2},"end":{"line":71,"column":null}},"14":{"start":{"line":77,"column":2},"end":{"line":77,"column":null}},"15":{"start":{"line":84,"column":2},"end":{"line":84,"column":null}},"16":{"start":{"line":91,"column":2},"end":{"line":91,"column":null}},"17":{"start":{"line":95,"column":2},"end":{"line":95,"column":null}},"18":{"start":{"line":93,"column":19},"end":{"line":93,"column":23}},"19":{"start":{"line":93,"column":35},"end":{"line":93,"column":45}},"20":{"start":{"line":98,"column":2},"end":{"line":98,"column":null}},"21":{"start":{"line":97,"column":19},"end":{"line":97,"column":26}},"22":{"start":{"line":97,"column":41},"end":{"line":97,"column":53}},"23":{"start":{"line":13,"column":13},"end":{"line":99,"column":null}}},"fnMap":{"0":{"name":"(anonymous_2)","decl":{"start":{"line":93,"column":13},"end":{"line":93,"column":16}},"loc":{"start":{"line":93,"column":19},"end":{"line":93,"column":23}}},"1":{"name":"(anonymous_3)","decl":{"start":{"line":93,"column":25},"end":{"line":93,"column":26}},"loc":{"start":{"line":93,"column":35},"end":{"line":93,"column":45}}},"2":{"name":"(anonymous_4)","decl":{"start":{"line":97,"column":13},"end":{"line":97,"column":16}},"loc":{"start":{"line":97,"column":19},"end":{"line":97,"column":26}}},"3":{"name":"(anonymous_5)","decl":{"start":{"line":97,"column":28},"end":{"line":97,"column":29}},"loc":{"start":{"line":97,"column":41},"end":{"line":97,"column":53}}}},"branchMap":{"0":{"loc":{"start":{"line":95,"column":8},"end":{"line":95,"column":13}},"type":"cond-expr","locations":[{"start":{"line":95,"column":12},"end":{"line":95,"column":13}},{"start":{"line":95,"column":12},"end":{"line":95,"column":13}}]},"1":{"loc":{"start":{"line":95,"column":8},"end":{"line":95,"column":12}},"type":"binary-expr","locations":[{"start":{"line":95,"column":8},"end":{"line":95,"column":13}},{"start":{"line":95,"column":8},"end":{"line":95,"column":12}}]}},"s":{"0":21,"1":21,"2":21,"3":21,"4":21,"5":21,"6":21,"7":21,"8":21,"9":21,"10":21,"11":21,"12":21,"13":21,"14":21,"15":21,"16":21,"17":21,"18":0,"19":0,"20":21,"21":0,"22":0,"23":21},"f":{"0":0,"1":0,"2":0,"3":0},"b":{"0":[21,0],"1":[21,21]}}
}
