{"/home/rozel/Документы/Универ/Ticket_booking_system/server/src/config/db.config.ts": {"path":"/home/rozel/Документы/Универ/Ticket_booking_system/server/src/config/db.config.ts","statementMap":{"0":{"start":{"line":1,"column":0},"end":{"line":1,"column":37}},"1":{"start":{"line":3,"column":0},"end":{"line":3,"column":27}},"2":{"start":{"line":5,"column":13},"end":{"line":16,"column":null}}},"fnMap":{},"branchMap":{},"s":{"0":15,"1":15,"2":15},"f":{},"b":{}}
,"/home/rozel/Документы/Универ/Ticket_booking_system/server/src/modules/auth/conroller/authController.ts": {"path":"/home/rozel/Документы/Универ/Ticket_booking_system/server/src/modules/auth/conroller/authController.ts","statementMap":{"0":{"start":{"line":2,"column":0},"end":{"line":2,"column":26}},"1":{"start":{"line":3,"column":0},"end":{"line":3,"column":66}},"2":{"start":{"line":4,"column":0},"end":{"line":4,"column":35}},"3":{"start":{"line":5,"column":0},"end":{"line":5,"column":82}},"4":{"start":{"line":8,"column":7},"end":{"line":63,"column":null}},"5":{"start":{"line":14,"column":8},"end":{"line":19,"column":9}},"6":{"start":{"line":15,"column":59},"end":{"line":15,"column":82}},"7":{"start":{"line":16,"column":12},"end":{"line":16,"column":80}},"8":{"start":{"line":18,"column":12},"end":{"line":18,"column":79}},"9":{"start":{"line":27,"column":8},"end":{"line":33,"column":9}},"10":{"start":{"line":28,"column":38},"end":{"line":28,"column":42}},"11":{"start":{"line":29,"column":79},"end":{"line":29,"column":107}},"12":{"start":{"line":30,"column":12},"end":{"line":30,"column":100}},"13":{"start":{"line":32,"column":12},"end":{"line":32,"column":79}},"14":{"start":{"line":41,"column":8},"end":{"line":47,"column":9}},"15":{"start":{"line":42,"column":37},"end":{"line":42,"column":41}},"16":{"start":{"line":43,"column":36},"end":{"line":43,"column":74}},"17":{"start":{"line":44,"column":12},"end":{"line":44,"column":57}},"18":{"start":{"line":46,"column":12},"end":{"line":46,"column":79}},"19":{"start":{"line":55,"column":8},"end":{"line":61,"column":9}},"20":{"start":{"line":56,"column":37},"end":{"line":56,"column":41}},"21":{"start":{"line":57,"column":12},"end":{"line":57,"column":39}},"22":{"start":{"line":58,"column":12},"end":{"line":58,"column":80}},"23":{"start":{"line":60,"column":12},"end":{"line":60,"column":79}},"24":{"start":{"line":8,"column":13},"end":{"line":8,"column":27}},"25":{"start":{"line":10,"column":10},"end":{"line":20,"column":null}},"26":{"start":{"line":23,"column":10},"end":{"line":34,"column":null}},"27":{"start":{"line":37,"column":10},"end":{"line":48,"column":null}},"28":{"start":{"line":51,"column":10},"end":{"line":62,"column":null}},"29":{"start":{"line":8,"column":13},"end":{"line":63,"column":null}}},"fnMap":{"0":{"name":"(anonymous_11)","decl":{"start":{"line":10,"column":10},"end":{"line":10,"column":18}},"loc":{"start":{"line":12,"column":28},"end":{"line":20,"column":null}}},"1":{"name":"(anonymous_13)","decl":{"start":{"line":23,"column":10},"end":{"line":23,"column":15}},"loc":{"start":{"line":25,"column":28},"end":{"line":34,"column":null}}},"2":{"name":"(anonymous_15)","decl":{"start":{"line":37,"column":10},"end":{"line":37,"column":17}},"loc":{"start":{"line":39,"column":28},"end":{"line":48,"column":null}}},"3":{"name":"(anonymous_17)","decl":{"start":{"line":51,"column":10},"end":{"line":51,"column":16}},"loc":{"start":{"line":53,"column":28},"end":{"line":62,"column":null}}}},"branchMap":{"0":{"loc":{"start":{"line":12,"column":20},"end":{"line":12,"column":null}},"type":"cond-expr","locations":[{"start":{"line":12,"column":28},"end":{"line":12,"column":null}},{"start":{"line":12,"column":28},"end":{"line":12,"column":null}}]},"1":{"loc":{"start":{"line":12,"column":20},"end":{"line":12,"column":28}},"type":"binary-expr","locations":[{"start":{"line":12,"column":20},"end":{"line":12,"column":null}},{"start":{"line":12,"column":20},"end":{"line":12,"column":28}}]},"2":{"loc":{"start":{"line":25,"column":20},"end":{"line":25,"column":null}},"type":"cond-expr","locations":[{"start":{"line":25,"column":28},"end":{"line":25,"column":null}},{"start":{"line":25,"column":28},"end":{"line":25,"column":null}}]},"3":{"loc":{"start":{"line":25,"column":20},"end":{"line":25,"column":28}},"type":"binary-expr","locations":[{"start":{"line":25,"column":20},"end":{"line":25,"column":null}},{"start":{"line":25,"column":20},"end":{"line":25,"column":28}}]},"4":{"loc":{"start":{"line":39,"column":20},"end":{"line":39,"column":null}},"type":"cond-expr","locations":[{"start":{"line":39,"column":28},"end":{"line":39,"column":null}},{"start":{"line":39,"column":28},"end":{"line":39,"column":null}}]},"5":{"loc":{"start":{"line":39,"column":20},"end":{"line":39,"column":28}},"type":"binary-expr","locations":[{"start":{"line":39,"column":20},"end":{"line":39,"column":null}},{"start":{"line":39,"column":20},"end":{"line":39,"column":28}}]},"6":{"loc":{"start":{"line":53,"column":20},"end":{"line":53,"column":null}},"type":"cond-expr","locations":[{"start":{"line":53,"column":28},"end":{"line":53,"column":null}},{"start":{"line":53,"column":28},"end":{"line":53,"column":null}}]},"7":{"loc":{"start":{"line":53,"column":20},"end":{"line":53,"column":28}},"type":"binary-expr","locations":[{"start":{"line":53,"column":20},"end":{"line":53,"column":null}},{"start":{"line":53,"column":20},"end":{"line":53,"column":28}}]}},"s":{"0":1,"1":1,"2":1,"3":1,"4":1,"5":2,"6":2,"7":1,"8":1,"9":2,"10":2,"11":2,"12":1,"13":1,"14":1,"15":1,"16":1,"17":1,"18":0,"19":1,"20":1,"21":1,"22":1,"23":0,"24":1,"25":1,"26":1,"27":1,"28":1,"29":1},"f":{"0":2,"1":2,"2":1,"3":1},"b":{"0":[0,1],"1":[1,0],"2":[0,1],"3":[1,0],"4":[0,1],"5":[1,0],"6":[0,1],"7":[1,0]}}
,"/home/rozel/Документы/Универ/Ticket_booking_system/server/src/modules/auth/entities/role.ts": {"path":"/home/rozel/Документы/Универ/Ticket_booking_system/server/src/modules/auth/entities/role.ts","statementMap":{"0":{"start":{"line":1,"column":0},"end":{"line":1,"column":76}},"1":{"start":{"line":2,"column":0},"end":{"line":2,"column":30}},"2":{"start":{"line":5,"column":7},"end":{"line":19,"column":null}},"3":{"start":{"line":5,"column":13},"end":{"line":5,"column":17}},"4":{"start":{"line":7,"column":4},"end":{"line":7,"column":null}},"5":{"start":{"line":14,"column":4},"end":{"line":14,"column":null}},"6":{"start":{"line":18,"column":4},"end":{"line":18,"column":null}},"7":{"start":{"line":17,"column":21},"end":{"line":17,"column":25}},"8":{"start":{"line":17,"column":35},"end":{"line":17,"column":44}},"9":{"start":{"line":5,"column":13},"end":{"line":19,"column":null}}},"fnMap":{"0":{"name":"(anonymous_2)","decl":{"start":{"line":17,"column":15},"end":{"line":17,"column":18}},"loc":{"start":{"line":17,"column":21},"end":{"line":17,"column":25}}},"1":{"name":"(anonymous_3)","decl":{"start":{"line":17,"column":27},"end":{"line":17,"column":31}},"loc":{"start":{"line":17,"column":35},"end":{"line":17,"column":44}}}},"branchMap":{},"s":{"0":9,"1":9,"2":9,"3":9,"4":9,"5":9,"6":9,"7":0,"8":0,"9":9},"f":{"0":0,"1":0},"b":{}}
,"/home/rozel/Документы/Универ/Ticket_booking_system/server/src/modules/auth/entities/user.ts": {"path":"/home/rozel/Документы/Универ/Ticket_booking_system/server/src/modules/auth/entities/user.ts","statementMap":{"0":{"start":{"line":1,"column":0},"end":{"line":1,"column":88}},"1":{"start":{"line":2,"column":0},"end":{"line":2,"column":30}},"2":{"start":{"line":5,"column":7},"end":{"line":81,"column":null}},"3":{"start":{"line":5,"column":13},"end":{"line":5,"column":17}},"4":{"start":{"line":7,"column":4},"end":{"line":7,"column":null}},"5":{"start":{"line":14,"column":4},"end":{"line":14,"column":null}},"6":{"start":{"line":21,"column":4},"end":{"line":21,"column":null}},"7":{"start":{"line":28,"column":4},"end":{"line":28,"column":null}},"8":{"start":{"line":35,"column":4},"end":{"line":35,"column":null}},"9":{"start":{"line":42,"column":4},"end":{"line":42,"column":null}},"10":{"start":{"line":50,"column":4},"end":{"line":50,"column":null}},"11":{"start":{"line":57,"column":4},"end":{"line":57,"column":null}},"12":{"start":{"line":63,"column":4},"end":{"line":63,"column":null}},"13":{"start":{"line":69,"column":4},"end":{"line":69,"column":null}},"14":{"start":{"line":76,"column":4},"end":{"line":76,"column":null}},"15":{"start":{"line":80,"column":4},"end":{"line":80,"column":null}},"16":{"start":{"line":78,"column":21},"end":{"line":78,"column":25}},"17":{"start":{"line":78,"column":35},"end":{"line":78,"column":45}},"18":{"start":{"line":5,"column":13},"end":{"line":81,"column":null}}},"fnMap":{"0":{"name":"(anonymous_2)","decl":{"start":{"line":78,"column":15},"end":{"line":78,"column":18}},"loc":{"start":{"line":78,"column":21},"end":{"line":78,"column":25}}},"1":{"name":"(anonymous_3)","decl":{"start":{"line":78,"column":27},"end":{"line":78,"column":31}},"loc":{"start":{"line":78,"column":35},"end":{"line":78,"column":45}}}},"branchMap":{},"s":{"0":9,"1":9,"2":9,"3":9,"4":9,"5":9,"6":9,"7":9,"8":9,"9":9,"10":9,"11":9,"12":9,"13":9,"14":9,"15":9,"16":0,"17":0,"18":9},"f":{"0":0,"1":0},"b":{}}
,"/home/rozel/Документы/Универ/Ticket_booking_system/server/src/modules/auth/repository/repository.ts": {"path":"/home/rozel/Документы/Универ/Ticket_booking_system/server/src/modules/auth/repository/repository.ts","statementMap":{"0":{"start":{"line":2,"column":0},"end":{"line":2,"column":40}},"1":{"start":{"line":4,"column":0},"end":{"line":4,"column":58}},"2":{"start":{"line":10,"column":4},"end":{"line":10,"column":53}},"3":{"start":{"line":14,"column":17},"end":{"line":14,"column":45}},"4":{"start":{"line":15,"column":4},"end":{"line":15,"column":44}},"5":{"start":{"line":19,"column":4},"end":{"line":19,"column":37}},"6":{"start":{"line":23,"column":4},"end":{"line":23,"column":51}},"7":{"start":{"line":27,"column":4},"end":{"line":27,"column":54}},"8":{"start":{"line":31,"column":4},"end":{"line":31,"column":51}},"9":{"start":{"line":35,"column":4},"end":{"line":35,"column":40}},"10":{"start":{"line":39,"column":17},"end":{"line":39,"column":43}},"11":{"start":{"line":40,"column":4},"end":{"line":42,"column":5}},"12":{"start":{"line":41,"column":6},"end":{"line":41,"column":18}},"13":{"start":{"line":44,"column":4},"end":{"line":44,"column":43}},"14":{"start":{"line":45,"column":4},"end":{"line":45,"column":38}},"15":{"start":{"line":49,"column":19},"end":{"line":49,"column":51}},"16":{"start":{"line":50,"column":4},"end":{"line":50,"column":33}},"17":{"start":{"line":6,"column":0},"end":{"line":6,"column":13}},"18":{"start":{"line":54,"column":13},"end":{"line":54,"column":64}}},"fnMap":{"0":{"name":"(anonymous_7)","decl":{"start":{"line":9,"column":2},"end":{"line":9,"column":14}},"loc":{"start":{"line":9,"column":36},"end":{"line":11,"column":3}}},"1":{"name":"(anonymous_8)","decl":{"start":{"line":13,"column":8},"end":{"line":13,"column":14}},"loc":{"start":{"line":13,"column":34},"end":{"line":16,"column":null}}},"2":{"name":"(anonymous_10)","decl":{"start":{"line":18,"column":8},"end":{"line":18,"column":12}},"loc":{"start":{"line":18,"column":23},"end":{"line":20,"column":null}}},"3":{"name":"(anonymous_12)","decl":{"start":{"line":22,"column":8},"end":{"line":22,"column":19}},"loc":{"start":{"line":22,"column":30},"end":{"line":24,"column":null}}},"4":{"name":"(anonymous_14)","decl":{"start":{"line":26,"column":8},"end":{"line":26,"column":22}},"loc":{"start":{"line":26,"column":36},"end":{"line":28,"column":null}}},"5":{"name":"(anonymous_16)","decl":{"start":{"line":30,"column":8},"end":{"line":30,"column":15}},"loc":{"start":{"line":30,"column":30},"end":{"line":32,"column":null}}},"6":{"name":"(anonymous_18)","decl":{"start":{"line":34,"column":8},"end":{"line":34,"column":15}},"loc":{"start":{"line":34,"column":15},"end":{"line":36,"column":null}}},"7":{"name":"(anonymous_20)","decl":{"start":{"line":38,"column":8},"end":{"line":38,"column":14}},"loc":{"start":{"line":38,"column":46},"end":{"line":46,"column":null}}},"8":{"name":"(anonymous_22)","decl":{"start":{"line":48,"column":8},"end":{"line":48,"column":14}},"loc":{"start":{"line":48,"column":25},"end":{"line":51,"column":null}}}},"branchMap":{"0":{"loc":{"start":{"line":40,"column":4},"end":{"line":42,"column":5}},"type":"if","locations":[{"start":{"line":40,"column":4},"end":{"line":42,"column":5}}]}},"s":{"0":3,"1":3,"2":13,"3":1,"4":1,"5":1,"6":1,"7":1,"8":1,"9":1,"10":2,"11":2,"12":1,"13":1,"14":1,"15":2,"16":2,"17":3,"18":3},"f":{"0":13,"1":1,"2":1,"3":1,"4":1,"5":1,"6":1,"7":2,"8":2},"b":{"0":[1]}}
,"/home/rozel/Документы/Универ/Ticket_booking_system/server/src/modules/auth/services/service.ts": {"path":"/home/rozel/Документы/Универ/Ticket_booking_system/server/src/modules/auth/services/service.ts","statementMap":{"0":{"start":{"line":1,"column":0},"end":{"line":1,"column":31}},"1":{"start":{"line":2,"column":0},"end":{"line":2,"column":30}},"2":{"start":{"line":4,"column":0},"end":{"line":4,"column":58}},"3":{"start":{"line":5,"column":0},"end":{"line":5,"column":18}},"4":{"start":{"line":7,"column":24},"end":{"line":28,"column":2}},"5":{"start":{"line":7,"column":47},"end":{"line":28,"column":2}},"6":{"start":{"line":8,"column":77},"end":{"line":8,"column":84}},"7":{"start":{"line":9,"column":25},"end":{"line":9,"column":67}},"8":{"start":{"line":10,"column":4},"end":{"line":12,"column":5}},"9":{"start":{"line":11,"column":8},"end":{"line":11,"column":47}},"10":{"start":{"line":14,"column":27},"end":{"line":14,"column":58}},"11":{"start":{"line":15,"column":17},"end":{"line":20,"column":6}},"12":{"start":{"line":22,"column":42},"end":{"line":22,"column":62}},"13":{"start":{"line":23,"column":20},"end":{"line":23,"column":27}},"14":{"start":{"line":24,"column":4},"end":{"line":24,"column":38}},"15":{"start":{"line":25,"column":4},"end":{"line":25,"column":36}},"16":{"start":{"line":27,"column":4},"end":{"line":27,"column":50}},"17":{"start":{"line":7,"column":13},"end":{"line":7,"column":24}},"18":{"start":{"line":30,"column":21},"end":{"line":49,"column":2}},"19":{"start":{"line":30,"column":63},"end":{"line":49,"column":2}},"20":{"start":{"line":31,"column":18},"end":{"line":31,"column":23}},"21":{"start":{"line":32,"column":17},"end":{"line":32,"column":59}},"22":{"start":{"line":33,"column":20},"end":{"line":33,"column":28}},"23":{"start":{"line":34,"column":4},"end":{"line":36,"column":5}},"24":{"start":{"line":35,"column":8},"end":{"line":35,"column":47}},"25":{"start":{"line":38,"column":4},"end":{"line":40,"column":5}},"26":{"start":{"line":39,"column":8},"end":{"line":39,"column":23}},"27":{"start":{"line":42,"column":42},"end":{"line":42,"column":62}},"28":{"start":{"line":44,"column":4},"end":{"line":44,"column":38}},"29":{"start":{"line":45,"column":20},"end":{"line":45,"column":35}},"30":{"start":{"line":46,"column":4},"end":{"line":46,"column":36}},"31":{"start":{"line":48,"column":4},"end":{"line":48,"column":70}},"32":{"start":{"line":30,"column":13},"end":{"line":30,"column":21}},"33":{"start":{"line":51,"column":34},"end":{"line":65,"column":2}},"34":{"start":{"line":51,"column":65},"end":{"line":65,"column":2}},"35":{"start":{"line":52,"column":17},"end":{"line":52,"column":65}},"36":{"start":{"line":53,"column":4},"end":{"line":55,"column":5}},"37":{"start":{"line":54,"column":8},"end":{"line":54,"column":49}},"38":{"start":{"line":57,"column":4},"end":{"line":61,"column":5}},"39":{"start":{"line":58,"column":8},"end":{"line":58,"column":67}},"40":{"start":{"line":60,"column":8},"end":{"line":60,"column":49}},"41":{"start":{"line":63,"column":24},"end":{"line":63,"column":49}},"42":{"start":{"line":64,"column":4},"end":{"line":64,"column":27}},"43":{"start":{"line":51,"column":13},"end":{"line":51,"column":34}},"44":{"start":{"line":67,"column":22},"end":{"line":73,"column":2}},"45":{"start":{"line":67,"column":54},"end":{"line":73,"column":2}},"46":{"start":{"line":68,"column":17},"end":{"line":68,"column":66}},"47":{"start":{"line":69,"column":4},"end":{"line":72,"column":5}},"48":{"start":{"line":70,"column":8},"end":{"line":70,"column":34}},"49":{"start":{"line":71,"column":8},"end":{"line":71,"column":40}},"50":{"start":{"line":67,"column":13},"end":{"line":67,"column":22}},"51":{"start":{"line":75,"column":23},"end":{"line":81,"column":1}},"52":{"start":{"line":76,"column":24},"end":{"line":76,"column":49}},"53":{"start":{"line":77,"column":25},"end":{"line":79,"column":6}},"54":{"start":{"line":80,"column":4},"end":{"line":80,"column":41}},"55":{"start":{"line":83,"column":28},"end":{"line":87,"column":1}},"56":{"start":{"line":84,"column":4},"end":{"line":86,"column":7}},"57":{"start":{"line":89,"column":33},"end":{"line":91,"column":1}},"58":{"start":{"line":90,"column":4},"end":{"line":90,"column":62}},"59":{"start":{"line":89,"column":13},"end":{"line":89,"column":33}}},"fnMap":{"0":{"name":"(anonymous_8)","decl":{"start":{"line":7,"column":24},"end":{"line":7,"column":31}},"loc":{"start":{"line":7,"column":47},"end":{"line":28,"column":2}}},"1":{"name":"(anonymous_9)","decl":{"start":{"line":7,"column":47},"end":{"line":7,"column":null}},"loc":{"start":{"line":7,"column":47},"end":{"line":28,"column":1}}},"2":{"name":"(anonymous_10)","decl":{"start":{"line":30,"column":21},"end":{"line":30,"column":28}},"loc":{"start":{"line":30,"column":63},"end":{"line":49,"column":2}}},"3":{"name":"(anonymous_11)","decl":{"start":{"line":30,"column":63},"end":{"line":30,"column":null}},"loc":{"start":{"line":30,"column":63},"end":{"line":49,"column":1}}},"4":{"name":"(anonymous_12)","decl":{"start":{"line":51,"column":34},"end":{"line":51,"column":41}},"loc":{"start":{"line":51,"column":65},"end":{"line":65,"column":2}}},"5":{"name":"(anonymous_13)","decl":{"start":{"line":51,"column":65},"end":{"line":51,"column":null}},"loc":{"start":{"line":51,"column":65},"end":{"line":65,"column":1}}},"6":{"name":"(anonymous_14)","decl":{"start":{"line":67,"column":22},"end":{"line":67,"column":29}},"loc":{"start":{"line":67,"column":54},"end":{"line":73,"column":2}}},"7":{"name":"(anonymous_15)","decl":{"start":{"line":67,"column":54},"end":{"line":67,"column":null}},"loc":{"start":{"line":67,"column":54},"end":{"line":73,"column":1}}},"8":{"name":"(anonymous_16)","decl":{"start":{"line":75,"column":23},"end":{"line":75,"column":24}},"loc":{"start":{"line":75,"column":38},"end":{"line":81,"column":1}}},"9":{"name":"(anonymous_17)","decl":{"start":{"line":83,"column":28},"end":{"line":83,"column":29}},"loc":{"start":{"line":83,"column":43},"end":{"line":87,"column":1}}},"10":{"name":"(anonymous_18)","decl":{"start":{"line":89,"column":33},"end":{"line":89,"column":34}},"loc":{"start":{"line":89,"column":51},"end":{"line":91,"column":1}}}},"branchMap":{"0":{"loc":{"start":{"line":10,"column":4},"end":{"line":12,"column":5}},"type":"if","locations":[{"start":{"line":10,"column":4},"end":{"line":12,"column":5}}]},"1":{"loc":{"start":{"line":33,"column":20},"end":{"line":33,"column":28}},"type":"cond-expr","locations":[{"start":{"line":33,"column":24},"end":{"line":33,"column":26}},{"start":{"line":33,"column":20},"end":{"line":33,"column":28}}]},"2":{"loc":{"start":{"line":33,"column":20},"end":{"line":33,"column":26}},"type":"binary-expr","locations":[{"start":{"line":33,"column":20},"end":{"line":33,"column":26}},{"start":{"line":33,"column":20},"end":{"line":33,"column":26}}]},"3":{"loc":{"start":{"line":34,"column":4},"end":{"line":36,"column":5}},"type":"if","locations":[{"start":{"line":34,"column":4},"end":{"line":36,"column":5}}]},"4":{"loc":{"start":{"line":34,"column":8},"end":{"line":34,"column":65}},"type":"binary-expr","locations":[{"start":{"line":34,"column":8},"end":{"line":34,"column":13}},{"start":{"line":34,"column":17},"end":{"line":34,"column":65}}]},"5":{"loc":{"start":{"line":38,"column":4},"end":{"line":40,"column":5}},"type":"if","locations":[{"start":{"line":38,"column":4},"end":{"line":40,"column":5}}]},"6":{"loc":{"start":{"line":53,"column":4},"end":{"line":55,"column":5}},"type":"if","locations":[{"start":{"line":53,"column":4},"end":{"line":55,"column":5}}]},"7":{"loc":{"start":{"line":69,"column":4},"end":{"line":72,"column":5}},"type":"if","locations":[{"start":{"line":69,"column":4},"end":{"line":72,"column":5}}]}},"s":{"0":2,"1":2,"2":2,"3":2,"4":2,"5":2,"6":2,"7":2,"8":2,"9":1,"10":1,"11":1,"12":1,"13":1,"14":1,"15":1,"16":1,"17":2,"18":2,"19":4,"20":4,"21":4,"22":4,"23":4,"24":2,"25":2,"26":1,"27":2,"28":2,"29":2,"30":2,"31":2,"32":2,"33":2,"34":3,"35":3,"36":3,"37":1,"38":2,"39":2,"40":1,"41":1,"42":1,"43":2,"44":2,"45":2,"46":2,"47":2,"48":1,"49":1,"50":2,"51":2,"52":3,"53":3,"54":3,"55":2,"56":4,"57":2,"58":1,"59":2},"f":{"0":2,"1":2,"2":4,"3":4,"4":3,"5":3,"6":2,"7":2,"8":3,"9":4,"10":1},"b":{"0":[1],"1":[1,3],"2":[4,3],"3":[2],"4":[4,3],"5":[1],"6":[1],"7":[1]}}
,"/home/rozel/Документы/Универ/Ticket_booking_system/server/src/modules/bookings/controller/controller.ts": {"path":"/home/rozel/Документы/Универ/Ticket_booking_system/server/src/modules/bookings/controller/controller.ts","statementMap":{"0":{"start":{"line":1,"column":0},"end":{"line":1,"column":26}},"1":{"start":{"line":2,"column":0},"end":{"line":2,"column":93}},"2":{"start":{"line":3,"column":0},"end":{"line":3,"column":61}},"3":{"start":{"line":4,"column":0},"end":{"line":4,"column":46}},"4":{"start":{"line":7,"column":7},"end":{"line":37,"column":null}},"5":{"start":{"line":10,"column":4},"end":{"line":10,"column":45}},"6":{"start":{"line":15,"column":4},"end":{"line":15,"column":55}},"7":{"start":{"line":20,"column":4},"end":{"line":20,"column":52}},"8":{"start":{"line":25,"column":4},"end":{"line":25,"column":56}},"9":{"start":{"line":30,"column":4},"end":{"line":30,"column":52}},"10":{"start":{"line":35,"column":4},"end":{"line":35,"column":46}},"11":{"start":{"line":7,"column":13},"end":{"line":7,"column":30}},"12":{"start":{"line":9,"column":8},"end":{"line":11,"column":null}},"13":{"start":{"line":14,"column":8},"end":{"line":16,"column":null}},"14":{"start":{"line":19,"column":8},"end":{"line":21,"column":null}},"15":{"start":{"line":24,"column":8},"end":{"line":26,"column":null}},"16":{"start":{"line":29,"column":8},"end":{"line":31,"column":null}},"17":{"start":{"line":34,"column":8},"end":{"line":36,"column":null}},"18":{"start":{"line":7,"column":13},"end":{"line":37,"column":null}}},"fnMap":{"0":{"name":"(anonymous_11)","decl":{"start":{"line":9,"column":8},"end":{"line":9,"column":14}},"loc":{"start":{"line":9,"column":14},"end":{"line":11,"column":null}}},"1":{"name":"(anonymous_13)","decl":{"start":{"line":14,"column":8},"end":{"line":14,"column":26}},"loc":{"start":{"line":14,"column":55},"end":{"line":16,"column":null}}},"2":{"name":"(anonymous_15)","decl":{"start":{"line":19,"column":8},"end":{"line":19,"column":21}},"loc":{"start":{"line":19,"column":47},"end":{"line":21,"column":null}}},"3":{"name":"(anonymous_17)","decl":{"start":{"line":24,"column":8},"end":{"line":24,"column":25}},"loc":{"start":{"line":24,"column":76},"end":{"line":26,"column":null}}},"4":{"name":"(anonymous_19)","decl":{"start":{"line":29,"column":8},"end":{"line":29,"column":25}},"loc":{"start":{"line":29,"column":72},"end":{"line":31,"column":null}}},"5":{"name":"(anonymous_21)","decl":{"start":{"line":34,"column":8},"end":{"line":34,"column":25}},"loc":{"start":{"line":34,"column":49},"end":{"line":36,"column":null}}}},"branchMap":{},"s":{"0":1,"1":1,"2":1,"3":1,"4":1,"5":1,"6":1,"7":1,"8":1,"9":1,"10":1,"11":1,"12":1,"13":1,"14":1,"15":1,"16":1,"17":1,"18":1},"f":{"0":1,"1":1,"2":1,"3":1,"4":1,"5":1},"b":{}}
,"/home/rozel/Документы/Универ/Ticket_booking_system/server/src/modules/bookings/entities/booking.ts": {"path":"/home/rozel/Документы/Универ/Ticket_booking_system/server/src/modules/bookings/entities/booking.ts","statementMap":{"0":{"start":{"line":1,"column":0},"end":{"line":1,"column":88}},"1":{"start":{"line":2,"column":0},"end":{"line":2,"column":48}},"2":{"start":{"line":3,"column":0},"end":{"line":3,"column":70}},"3":{"start":{"line":6,"column":7},"end":{"line":42,"column":null}},"4":{"start":{"line":6,"column":13},"end":{"line":6,"column":20}},"5":{"start":{"line":8,"column":4},"end":{"line":8,"column":null}},"6":{"start":{"line":14,"column":4},"end":{"line":14,"column":null}},"7":{"start":{"line":20,"column":4},"end":{"line":20,"column":null}},"8":{"start":{"line":26,"column":4},"end":{"line":26,"column":null}},"9":{"start":{"line":33,"column":4},"end":{"line":33,"column":null}},"10":{"start":{"line":37,"column":4},"end":{"line":37,"column":null}},"11":{"start":{"line":35,"column":21},"end":{"line":35,"column":32}},"12":{"start":{"line":35,"column":49},"end":{"line":35,"column":63}},"13":{"start":{"line":41,"column":4},"end":{"line":41,"column":null}},"14":{"start":{"line":39,"column":21},"end":{"line":39,"column":25}},"15":{"start":{"line":39,"column":35},"end":{"line":39,"column":42}},"16":{"start":{"line":6,"column":13},"end":{"line":42,"column":null}}},"fnMap":{"0":{"name":"(anonymous_2)","decl":{"start":{"line":35,"column":15},"end":{"line":35,"column":18}},"loc":{"start":{"line":35,"column":21},"end":{"line":35,"column":32}}},"1":{"name":"(anonymous_3)","decl":{"start":{"line":35,"column":34},"end":{"line":35,"column":45}},"loc":{"start":{"line":35,"column":49},"end":{"line":35,"column":63}}},"2":{"name":"(anonymous_4)","decl":{"start":{"line":39,"column":15},"end":{"line":39,"column":18}},"loc":{"start":{"line":39,"column":21},"end":{"line":39,"column":25}}},"3":{"name":"(anonymous_5)","decl":{"start":{"line":39,"column":27},"end":{"line":39,"column":31}},"loc":{"start":{"line":39,"column":35},"end":{"line":39,"column":42}}}},"branchMap":{},"s":{"0":6,"1":6,"2":6,"3":6,"4":6,"5":6,"6":6,"7":6,"8":6,"9":6,"10":6,"11":0,"12":0,"13":6,"14":0,"15":0,"16":6},"f":{"0":0,"1":0,"2":0,"3":0},"b":{}}
,"/home/rozel/Документы/Универ/Ticket_booking_system/server/src/modules/bookings/repository/repository.ts": {"path":"/home/rozel/Документы/Универ/Ticket_booking_system/server/src/modules/bookings/repository/repository.ts","statementMap":{"0":{"start":{"line":2,"column":0},"end":{"line":2,"column":58}},"1":{"start":{"line":4,"column":0},"end":{"line":4,"column":46}},"2":{"start":{"line":5,"column":0},"end":{"line":5,"column":81}},"3":{"start":{"line":6,"column":0},"end":{"line":6,"column":66}},"4":{"start":{"line":7,"column":0},"end":{"line":7,"column":71}},"5":{"start":{"line":13,"column":4},"end":{"line":13,"column":56}},"6":{"start":{"line":17,"column":15},"end":{"line":17,"column":77}},"7":{"start":{"line":19,"column":4},"end":{"line":19,"column":46}},"8":{"start":{"line":19,"column":12},"end":{"line":19,"column":46}},"9":{"start":{"line":21,"column":20},"end":{"line":21,"column":48}},"10":{"start":{"line":22,"column":4},"end":{"line":22,"column":47}},"11":{"start":{"line":26,"column":4},"end":{"line":26,"column":51}},"12":{"start":{"line":30,"column":4},"end":{"line":30,"column":40}},"13":{"start":{"line":34,"column":20},"end":{"line":41,"column":16}},"14":{"start":{"line":42,"column":4},"end":{"line":42,"column":19}},"15":{"start":{"line":46,"column":31},"end":{"line":46,"column":107}},"16":{"start":{"line":47,"column":4},"end":{"line":47,"column":31}},"17":{"start":{"line":51,"column":20},"end":{"line":51,"column":46}},"18":{"start":{"line":52,"column":4},"end":{"line":54,"column":5}},"19":{"start":{"line":53,"column":6},"end":{"line":53,"column":18}},"20":{"start":{"line":56,"column":4},"end":{"line":56,"column":43}},"21":{"start":{"line":57,"column":4},"end":{"line":57,"column":38}},"22":{"start":{"line":61,"column":20},"end":{"line":61,"column":62}},"23":{"start":{"line":62,"column":20},"end":{"line":62,"column":59}},"24":{"start":{"line":63,"column":24},"end":{"line":63,"column":88}},"25":{"start":{"line":64,"column":16},"end":{"line":64,"column":67}},"26":{"start":{"line":65,"column":18},"end":{"line":65,"column":39}},"27":{"start":{"line":66,"column":4},"end":{"line":68,"column":7}},"28":{"start":{"line":67,"column":6},"end":{"line":67,"column":36}},"29":{"start":{"line":69,"column":4},"end":{"line":69,"column":65}},"30":{"start":{"line":70,"column":4},"end":{"line":70,"column":43}},"31":{"start":{"line":71,"column":4},"end":{"line":71,"column":38}},"32":{"start":{"line":75,"column":19},"end":{"line":75,"column":51}},"33":{"start":{"line":76,"column":4},"end":{"line":76,"column":33}},"34":{"start":{"line":9,"column":0},"end":{"line":9,"column":13}},"35":{"start":{"line":80,"column":13},"end":{"line":80,"column":70}}},"fnMap":{"0":{"name":"(anonymous_7)","decl":{"start":{"line":12,"column":2},"end":{"line":12,"column":14}},"loc":{"start":{"line":12,"column":36},"end":{"line":14,"column":3}}},"1":{"name":"(anonymous_8)","decl":{"start":{"line":16,"column":8},"end":{"line":16,"column":14}},"loc":{"start":{"line":16,"column":37},"end":{"line":23,"column":null}}},"2":{"name":"(anonymous_10)","decl":{"start":{"line":25,"column":8},"end":{"line":25,"column":19}},"loc":{"start":{"line":25,"column":30},"end":{"line":27,"column":null}}},"3":{"name":"(anonymous_12)","decl":{"start":{"line":29,"column":8},"end":{"line":29,"column":15}},"loc":{"start":{"line":29,"column":15},"end":{"line":31,"column":null}}},"4":{"name":"(anonymous_14)","decl":{"start":{"line":33,"column":8},"end":{"line":33,"column":23}},"loc":{"start":{"line":33,"column":39},"end":{"line":43,"column":null}}},"5":{"name":"(anonymous_16)","decl":{"start":{"line":45,"column":8},"end":{"line":45,"column":23}},"loc":{"start":{"line":45,"column":64},"end":{"line":48,"column":null}}},"6":{"name":"(anonymous_18)","decl":{"start":{"line":50,"column":8},"end":{"line":50,"column":14}},"loc":{"start":{"line":50,"column":49},"end":{"line":58,"column":null}}},"7":{"name":"(anonymous_20)","decl":{"start":{"line":60,"column":8},"end":{"line":60,"column":14}},"loc":{"start":{"line":60,"column":49},"end":{"line":72,"column":null}}},"8":{"name":"(anonymous_22)","decl":{"start":{"line":66,"column":20},"end":{"line":66,"column":26}},"loc":{"start":{"line":66,"column":29},"end":{"line":68,"column":5}}},"9":{"name":"(anonymous_23)","decl":{"start":{"line":74,"column":8},"end":{"line":74,"column":14}},"loc":{"start":{"line":74,"column":25},"end":{"line":77,"column":null}}}},"branchMap":{"0":{"loc":{"start":{"line":19,"column":4},"end":{"line":19,"column":46}},"type":"if","locations":[{"start":{"line":19,"column":4},"end":{"line":19,"column":46}}]},"1":{"loc":{"start":{"line":47,"column":11},"end":{"line":47,"column":30}},"type":"cond-expr","locations":[{"start":{"line":47,"column":25},"end":{"line":47,"column":29}},{"start":{"line":47,"column":29},"end":{"line":47,"column":30}}]},"2":{"loc":{"start":{"line":47,"column":11},"end":{"line":47,"column":29}},"type":"binary-expr","locations":[{"start":{"line":47,"column":11},"end":{"line":47,"column":29}},{"start":{"line":47,"column":25},"end":{"line":47,"column":29}}]},"3":{"loc":{"start":{"line":47,"column":11},"end":{"line":47,"column":25}},"type":"cond-expr","locations":[{"start":{"line":47,"column":21},"end":{"line":47,"column":23}},{"start":{"line":47,"column":21},"end":{"line":47,"column":25}}]},"4":{"loc":{"start":{"line":47,"column":11},"end":{"line":47,"column":23}},"type":"binary-expr","locations":[{"start":{"line":47,"column":11},"end":{"line":47,"column":23}},{"start":{"line":47,"column":21},"end":{"line":47,"column":23}}]},"5":{"loc":{"start":{"line":52,"column":4},"end":{"line":54,"column":5}},"type":"if","locations":[{"start":{"line":52,"column":4},"end":{"line":54,"column":5}}]}},"s":{"0":3,"1":3,"2":3,"3":3,"4":3,"5":13,"6":1,"7":1,"8":0,"9":1,"10":1,"11":4,"12":1,"13":1,"14":1,"15":3,"16":3,"17":2,"18":2,"19":1,"20":1,"21":1,"22":0,"23":0,"24":0,"25":0,"26":0,"27":0,"28":0,"29":0,"30":0,"31":0,"32":2,"33":2,"34":3,"35":3},"f":{"0":13,"1":1,"2":4,"3":1,"4":1,"5":3,"6":2,"7":0,"8":0,"9":2},"b":{"0":[0],"1":[1,2],"2":[3,3],"3":[2,1],"4":[3,3],"5":[1]}}
,"/home/rozel/Документы/Универ/Ticket_booking_system/server/src/modules/buses/controller/controller.ts": {"path":"/home/rozel/Документы/Универ/Ticket_booking_system/server/src/modules/buses/controller/controller.ts","statementMap":{"0":{"start":{"line":1,"column":0},"end":{"line":1,"column":26}},"1":{"start":{"line":2,"column":0},"end":{"line":2,"column":93}},"2":{"start":{"line":3,"column":0},"end":{"line":3,"column":38}},"3":{"start":{"line":4,"column":0},"end":{"line":4,"column":57}},"4":{"start":{"line":7,"column":7},"end":{"line":32,"column":null}},"5":{"start":{"line":10,"column":4},"end":{"line":10,"column":41}},"6":{"start":{"line":15,"column":4},"end":{"line":15,"column":47}},"7":{"start":{"line":20,"column":4},"end":{"line":20,"column":45}},"8":{"start":{"line":25,"column":4},"end":{"line":25,"column":49}},"9":{"start":{"line":30,"column":4},"end":{"line":30,"column":42}},"10":{"start":{"line":7,"column":13},"end":{"line":7,"column":26}},"11":{"start":{"line":9,"column":8},"end":{"line":11,"column":null}},"12":{"start":{"line":14,"column":8},"end":{"line":16,"column":null}},"13":{"start":{"line":19,"column":8},"end":{"line":21,"column":null}},"14":{"start":{"line":24,"column":8},"end":{"line":26,"column":null}},"15":{"start":{"line":29,"column":8},"end":{"line":31,"column":null}},"16":{"start":{"line":7,"column":13},"end":{"line":32,"column":null}}},"fnMap":{"0":{"name":"(anonymous_11)","decl":{"start":{"line":9,"column":8},"end":{"line":9,"column":14}},"loc":{"start":{"line":9,"column":14},"end":{"line":11,"column":null}}},"1":{"name":"(anonymous_13)","decl":{"start":{"line":14,"column":8},"end":{"line":14,"column":18}},"loc":{"start":{"line":14,"column":42},"end":{"line":16,"column":null}}},"2":{"name":"(anonymous_15)","decl":{"start":{"line":19,"column":8},"end":{"line":19,"column":17}},"loc":{"start":{"line":19,"column":36},"end":{"line":21,"column":null}}},"3":{"name":"(anonymous_17)","decl":{"start":{"line":24,"column":8},"end":{"line":24,"column":21}},"loc":{"start":{"line":24,"column":65},"end":{"line":26,"column":null}}},"4":{"name":"(anonymous_19)","decl":{"start":{"line":29,"column":8},"end":{"line":29,"column":21}},"loc":{"start":{"line":29,"column":45},"end":{"line":31,"column":null}}}},"branchMap":{},"s":{"0":1,"1":1,"2":1,"3":1,"4":1,"5":1,"6":1,"7":1,"8":1,"9":1,"10":1,"11":1,"12":1,"13":1,"14":1,"15":1,"16":1},"f":{"0":1,"1":1,"2":1,"3":1,"4":1},"b":{}}
,"/home/rozel/Документы/Универ/Ticket_booking_system/server/src/modules/buses/entities/Bus.ts": {"path":"/home/rozel/Документы/Универ/Ticket_booking_system/server/src/modules/buses/entities/Bus.ts","statementMap":{"0":{"start":{"line":1,"column":0},"end":{"line":1,"column":76}},"1":{"start":{"line":2,"column":0},"end":{"line":2,"column":70}},"2":{"start":{"line":5,"column":7},"end":{"line":38,"column":null}},"3":{"start":{"line":5,"column":13},"end":{"line":5,"column":16}},"4":{"start":{"line":7,"column":4},"end":{"line":7,"column":null}},"5":{"start":{"line":14,"column":4},"end":{"line":14,"column":null}},"6":{"start":{"line":21,"column":4},"end":{"line":21,"column":null}},"7":{"start":{"line":28,"column":4},"end":{"line":28,"column":null}},"8":{"start":{"line":34,"column":4},"end":{"line":34,"column":null}},"9":{"start":{"line":37,"column":4},"end":{"line":37,"column":null}},"10":{"start":{"line":36,"column":21},"end":{"line":36,"column":32}},"11":{"start":{"line":36,"column":49},"end":{"line":36,"column":64}},"12":{"start":{"line":5,"column":13},"end":{"line":38,"column":null}}},"fnMap":{"0":{"name":"(anonymous_2)","decl":{"start":{"line":36,"column":15},"end":{"line":36,"column":18}},"loc":{"start":{"line":36,"column":21},"end":{"line":36,"column":32}}},"1":{"name":"(anonymous_3)","decl":{"start":{"line":36,"column":34},"end":{"line":36,"column":45}},"loc":{"start":{"line":36,"column":49},"end":{"line":36,"column":64}}}},"branchMap":{},"s":{"0":18,"1":18,"2":18,"3":18,"4":18,"5":18,"6":18,"7":18,"8":18,"9":18,"10":0,"11":0,"12":18},"f":{"0":0,"1":0},"b":{}}
,"/home/rozel/Документы/Универ/Ticket_booking_system/server/src/modules/buses/repository/repository.ts": {"path":"/home/rozel/Документы/Универ/Ticket_booking_system/server/src/modules/buses/repository/repository.ts","statementMap":{"0":{"start":{"line":2,"column":0},"end":{"line":2,"column":38}},"1":{"start":{"line":3,"column":0},"end":{"line":3,"column":58}},"2":{"start":{"line":10,"column":4},"end":{"line":10,"column":52}},"3":{"start":{"line":14,"column":4},"end":{"line":14,"column":65}},"4":{"start":{"line":15,"column":16},"end":{"line":15,"column":44}},"5":{"start":{"line":16,"column":4},"end":{"line":16,"column":43}},"6":{"start":{"line":19,"column":41},"end":{"line":19,"column":66}},"7":{"start":{"line":19,"column":56},"end":{"line":19,"column":66}},"8":{"start":{"line":22,"column":4},"end":{"line":22,"column":51}},"9":{"start":{"line":26,"column":4},"end":{"line":26,"column":40}},"10":{"start":{"line":30,"column":16},"end":{"line":30,"column":42}},"11":{"start":{"line":31,"column":4},"end":{"line":33,"column":5}},"12":{"start":{"line":32,"column":6},"end":{"line":32,"column":18}},"13":{"start":{"line":34,"column":4},"end":{"line":34,"column":65}},"14":{"start":{"line":35,"column":4},"end":{"line":35,"column":43}},"15":{"start":{"line":36,"column":4},"end":{"line":36,"column":38}},"16":{"start":{"line":40,"column":19},"end":{"line":40,"column":51}},"17":{"start":{"line":41,"column":4},"end":{"line":41,"column":33}},"18":{"start":{"line":6,"column":0},"end":{"line":6,"column":13}},"19":{"start":{"line":45,"column":13},"end":{"line":45,"column":62}}},"fnMap":{"0":{"name":"(anonymous_7)","decl":{"start":{"line":9,"column":2},"end":{"line":9,"column":14}},"loc":{"start":{"line":9,"column":36},"end":{"line":11,"column":3}}},"1":{"name":"(anonymous_8)","decl":{"start":{"line":13,"column":8},"end":{"line":13,"column":14}},"loc":{"start":{"line":13,"column":33},"end":{"line":17,"column":null}}},"2":{"name":"(anonymous_10)","decl":{"start":{"line":19,"column":10},"end":{"line":19,"column":11}},"loc":{"start":{"line":19,"column":37},"end":{"line":19,"column":67}}},"3":{"name":"(anonymous_11)","decl":{"start":{"line":21,"column":8},"end":{"line":21,"column":19}},"loc":{"start":{"line":21,"column":30},"end":{"line":23,"column":null}}},"4":{"name":"(anonymous_13)","decl":{"start":{"line":25,"column":8},"end":{"line":25,"column":15}},"loc":{"start":{"line":25,"column":15},"end":{"line":27,"column":null}}},"5":{"name":"(anonymous_15)","decl":{"start":{"line":29,"column":8},"end":{"line":29,"column":14}},"loc":{"start":{"line":29,"column":45},"end":{"line":37,"column":null}}},"6":{"name":"(anonymous_17)","decl":{"start":{"line":39,"column":8},"end":{"line":39,"column":14}},"loc":{"start":{"line":39,"column":25},"end":{"line":42,"column":null}}}},"branchMap":{"0":{"loc":{"start":{"line":31,"column":4},"end":{"line":33,"column":5}},"type":"if","locations":[{"start":{"line":31,"column":4},"end":{"line":33,"column":5}}]}},"s":{"0":4,"1":4,"2":11,"3":1,"4":1,"5":1,"6":2,"7":15,"8":1,"9":1,"10":2,"11":2,"12":1,"13":1,"14":1,"15":1,"16":2,"17":2,"18":4,"19":4},"f":{"0":11,"1":1,"2":2,"3":1,"4":1,"5":2,"6":2},"b":{"0":[1]}}
,"/home/rozel/Документы/Универ/Ticket_booking_system/server/src/modules/busschedules/controller/controller.ts": {"path":"/home/rozel/Документы/Универ/Ticket_booking_system/server/src/modules/busschedules/controller/controller.ts","statementMap":{"0":{"start":{"line":1,"column":0},"end":{"line":1,"column":26}},"1":{"start":{"line":2,"column":0},"end":{"line":2,"column":93}},"2":{"start":{"line":3,"column":0},"end":{"line":3,"column":65}},"3":{"start":{"line":4,"column":0},"end":{"line":4,"column":54}},"4":{"start":{"line":7,"column":7},"end":{"line":32,"column":null}},"5":{"start":{"line":10,"column":4},"end":{"line":10,"column":49}},"6":{"start":{"line":15,"column":4},"end":{"line":15,"column":55}},"7":{"start":{"line":20,"column":4},"end":{"line":20,"column":53}},"8":{"start":{"line":25,"column":4},"end":{"line":25,"column":57}},"9":{"start":{"line":30,"column":4},"end":{"line":30,"column":50}},"10":{"start":{"line":7,"column":13},"end":{"line":7,"column":34}},"11":{"start":{"line":9,"column":8},"end":{"line":11,"column":null}},"12":{"start":{"line":14,"column":8},"end":{"line":16,"column":null}},"13":{"start":{"line":19,"column":8},"end":{"line":21,"column":null}},"14":{"start":{"line":24,"column":8},"end":{"line":26,"column":null}},"15":{"start":{"line":29,"column":8},"end":{"line":31,"column":null}},"16":{"start":{"line":7,"column":13},"end":{"line":32,"column":null}}},"fnMap":{"0":{"name":"(anonymous_11)","decl":{"start":{"line":9,"column":8},"end":{"line":9,"column":14}},"loc":{"start":{"line":9,"column":14},"end":{"line":11,"column":null}}},"1":{"name":"(anonymous_13)","decl":{"start":{"line":14,"column":8},"end":{"line":14,"column":18}},"loc":{"start":{"line":14,"column":42},"end":{"line":16,"column":null}}},"2":{"name":"(anonymous_15)","decl":{"start":{"line":19,"column":8},"end":{"line":19,"column":17}},"loc":{"start":{"line":19,"column":44},"end":{"line":21,"column":null}}},"3":{"name":"(anonymous_17)","decl":{"start":{"line":24,"column":8},"end":{"line":24,"column":21}},"loc":{"start":{"line":24,"column":73},"end":{"line":26,"column":null}}},"4":{"name":"(anonymous_19)","decl":{"start":{"line":29,"column":8},"end":{"line":29,"column":21}},"loc":{"start":{"line":29,"column":45},"end":{"line":31,"column":null}}}},"branchMap":{},"s":{"0":1,"1":1,"2":1,"3":1,"4":1,"5":1,"6":1,"7":1,"8":1,"9":1,"10":1,"11":1,"12":1,"13":1,"14":1,"15":1,"16":1},"f":{"0":1,"1":1,"2":1,"3":1,"4":1},"b":{}}
,"/home/rozel/Документы/Универ/Ticket_booking_system/server/src/modules/busschedules/entities/BusSchedule.ts": {"path":"/home/rozel/Документы/Универ/Ticket_booking_system/server/src/modules/busschedules/entities/BusSchedule.ts","statementMap":{"0":{"start":{"line":1,"column":0},"end":{"line":1,"column":88}},"1":{"start":{"line":2,"column":0},"end":{"line":2,"column":47}},"2":{"start":{"line":3,"column":0},"end":{"line":3,"column":61}},"3":{"start":{"line":6,"column":7},"end":{"line":36,"column":null}},"4":{"start":{"line":6,"column":13},"end":{"line":6,"column":24}},"5":{"start":{"line":8,"column":4},"end":{"line":8,"column":null}},"6":{"start":{"line":14,"column":4},"end":{"line":14,"column":null}},"7":{"start":{"line":20,"column":4},"end":{"line":20,"column":null}},"8":{"start":{"line":27,"column":4},"end":{"line":27,"column":null}},"9":{"start":{"line":31,"column":4},"end":{"line":31,"column":null}},"10":{"start":{"line":29,"column":21},"end":{"line":29,"column":29}},"11":{"start":{"line":29,"column":43},"end":{"line":29,"column":64}},"12":{"start":{"line":35,"column":4},"end":{"line":35,"column":null}},"13":{"start":{"line":33,"column":21},"end":{"line":33,"column":24}},"14":{"start":{"line":33,"column":33},"end":{"line":33,"column":49}},"15":{"start":{"line":6,"column":13},"end":{"line":36,"column":null}}},"fnMap":{"0":{"name":"(anonymous_2)","decl":{"start":{"line":29,"column":15},"end":{"line":29,"column":18}},"loc":{"start":{"line":29,"column":21},"end":{"line":29,"column":29}}},"1":{"name":"(anonymous_3)","decl":{"start":{"line":29,"column":31},"end":{"line":29,"column":39}},"loc":{"start":{"line":29,"column":43},"end":{"line":29,"column":64}}},"2":{"name":"(anonymous_4)","decl":{"start":{"line":33,"column":15},"end":{"line":33,"column":18}},"loc":{"start":{"line":33,"column":21},"end":{"line":33,"column":24}}},"3":{"name":"(anonymous_5)","decl":{"start":{"line":33,"column":26},"end":{"line":33,"column":29}},"loc":{"start":{"line":33,"column":33},"end":{"line":33,"column":49}}}},"branchMap":{},"s":{"0":18,"1":18,"2":18,"3":18,"4":18,"5":18,"6":18,"7":18,"8":18,"9":18,"10":0,"11":0,"12":18,"13":0,"14":0,"15":18},"f":{"0":0,"1":0,"2":0,"3":0},"b":{}}
,"/home/rozel/Документы/Универ/Ticket_booking_system/server/src/modules/busschedules/repository/repository.ts": {"path":"/home/rozel/Документы/Универ/Ticket_booking_system/server/src/modules/busschedules/repository/repository.ts","statementMap":{"0":{"start":{"line":2,"column":0},"end":{"line":2,"column":54}},"1":{"start":{"line":3,"column":0},"end":{"line":3,"column":58}},"2":{"start":{"line":10,"column":4},"end":{"line":10,"column":60}},"3":{"start":{"line":14,"column":24},"end":{"line":14,"column":52}},"4":{"start":{"line":15,"column":4},"end":{"line":15,"column":51}},"5":{"start":{"line":19,"column":25},"end":{"line":25,"column":15}},"6":{"start":{"line":26,"column":4},"end":{"line":26,"column":24}},"7":{"start":{"line":30,"column":25},"end":{"line":36,"column":16}},"8":{"start":{"line":37,"column":4},"end":{"line":37,"column":24}},"9":{"start":{"line":41,"column":24},"end":{"line":41,"column":50}},"10":{"start":{"line":42,"column":4},"end":{"line":44,"column":5}},"11":{"start":{"line":43,"column":6},"end":{"line":43,"column":18}},"12":{"start":{"line":46,"column":4},"end":{"line":46,"column":43}},"13":{"start":{"line":47,"column":4},"end":{"line":47,"column":38}},"14":{"start":{"line":51,"column":19},"end":{"line":51,"column":51}},"15":{"start":{"line":52,"column":4},"end":{"line":52,"column":33}},"16":{"start":{"line":6,"column":0},"end":{"line":6,"column":13}},"17":{"start":{"line":56,"column":13},"end":{"line":56,"column":78}}},"fnMap":{"0":{"name":"(anonymous_7)","decl":{"start":{"line":9,"column":2},"end":{"line":9,"column":14}},"loc":{"start":{"line":9,"column":36},"end":{"line":11,"column":3}}},"1":{"name":"(anonymous_8)","decl":{"start":{"line":13,"column":8},"end":{"line":13,"column":14}},"loc":{"start":{"line":13,"column":41},"end":{"line":16,"column":null}}},"2":{"name":"(anonymous_10)","decl":{"start":{"line":18,"column":8},"end":{"line":18,"column":19}},"loc":{"start":{"line":18,"column":30},"end":{"line":27,"column":null}}},"3":{"name":"(anonymous_12)","decl":{"start":{"line":29,"column":8},"end":{"line":29,"column":15}},"loc":{"start":{"line":29,"column":15},"end":{"line":38,"column":null}}},"4":{"name":"(anonymous_14)","decl":{"start":{"line":40,"column":8},"end":{"line":40,"column":14}},"loc":{"start":{"line":40,"column":53},"end":{"line":48,"column":null}}},"5":{"name":"(anonymous_16)","decl":{"start":{"line":50,"column":8},"end":{"line":50,"column":14}},"loc":{"start":{"line":50,"column":25},"end":{"line":53,"column":null}}}},"branchMap":{"0":{"loc":{"start":{"line":42,"column":4},"end":{"line":44,"column":5}},"type":"if","locations":[{"start":{"line":42,"column":4},"end":{"line":44,"column":5}}]}},"s":{"0":4,"1":4,"2":11,"3":1,"4":1,"5":4,"6":4,"7":1,"8":1,"9":2,"10":2,"11":1,"12":1,"13":1,"14":2,"15":2,"16":4,"17":4},"f":{"0":11,"1":1,"2":4,"3":1,"4":2,"5":2},"b":{"0":[1]}}
,"/home/rozel/Документы/Универ/Ticket_booking_system/server/src/modules/routes/controller/controller.ts": {"path":"/home/rozel/Документы/Универ/Ticket_booking_system/server/src/modules/routes/controller/controller.ts","statementMap":{"0":{"start":{"line":1,"column":0},"end":{"line":1,"column":26}},"1":{"start":{"line":2,"column":0},"end":{"line":2,"column":113}},"2":{"start":{"line":3,"column":0},"end":{"line":3,"column":42}},"3":{"start":{"line":4,"column":0},"end":{"line":4,"column":59}},"4":{"start":{"line":8,"column":7},"end":{"line":38,"column":null}},"5":{"start":{"line":11,"column":4},"end":{"line":11,"column":43}},"6":{"start":{"line":16,"column":4},"end":{"line":16,"column":49}},"7":{"start":{"line":21,"column":4},"end":{"line":21,"column":51}},"8":{"start":{"line":26,"column":4},"end":{"line":26,"column":47}},"9":{"start":{"line":31,"column":4},"end":{"line":31,"column":51}},"10":{"start":{"line":36,"column":4},"end":{"line":36,"column":44}},"11":{"start":{"line":8,"column":13},"end":{"line":8,"column":28}},"12":{"start":{"line":10,"column":8},"end":{"line":12,"column":null}},"13":{"start":{"line":15,"column":8},"end":{"line":17,"column":null}},"14":{"start":{"line":20,"column":8},"end":{"line":22,"column":null}},"15":{"start":{"line":25,"column":8},"end":{"line":27,"column":null}},"16":{"start":{"line":30,"column":8},"end":{"line":32,"column":null}},"17":{"start":{"line":35,"column":8},"end":{"line":37,"column":null}},"18":{"start":{"line":8,"column":13},"end":{"line":38,"column":null}}},"fnMap":{"0":{"name":"(anonymous_11)","decl":{"start":{"line":10,"column":8},"end":{"line":10,"column":14}},"loc":{"start":{"line":10,"column":14},"end":{"line":12,"column":null}}},"1":{"name":"(anonymous_13)","decl":{"start":{"line":15,"column":8},"end":{"line":15,"column":20}},"loc":{"start":{"line":15,"column":44},"end":{"line":17,"column":null}}},"2":{"name":"(anonymous_15)","decl":{"start":{"line":20,"column":8},"end":{"line":20,"column":20}},"loc":{"start":{"line":20,"column":44},"end":{"line":22,"column":null}}},"3":{"name":"(anonymous_17)","decl":{"start":{"line":25,"column":8},"end":{"line":25,"column":19}},"loc":{"start":{"line":25,"column":40},"end":{"line":27,"column":null}}},"4":{"name":"(anonymous_19)","decl":{"start":{"line":30,"column":8},"end":{"line":30,"column":23}},"loc":{"start":{"line":30,"column":69},"end":{"line":32,"column":null}}},"5":{"name":"(anonymous_21)","decl":{"start":{"line":35,"column":8},"end":{"line":35,"column":23}},"loc":{"start":{"line":35,"column":47},"end":{"line":37,"column":null}}}},"branchMap":{},"s":{"0":1,"1":1,"2":1,"3":1,"4":1,"5":1,"6":1,"7":0,"8":1,"9":1,"10":1,"11":1,"12":1,"13":1,"14":1,"15":1,"16":1,"17":1,"18":1},"f":{"0":1,"1":1,"2":0,"3":1,"4":1,"5":1},"b":{}}
,"/home/rozel/Документы/Универ/Ticket_booking_system/server/src/modules/routes/entities/Route.ts": {"path":"/home/rozel/Документы/Универ/Ticket_booking_system/server/src/modules/routes/entities/Route.ts","statementMap":{"0":{"start":{"line":1,"column":0},"end":{"line":1,"column":76}},"1":{"start":{"line":2,"column":0},"end":{"line":2,"column":61}},"2":{"start":{"line":5,"column":7},"end":{"line":29,"column":null}},"3":{"start":{"line":5,"column":13},"end":{"line":5,"column":18}},"4":{"start":{"line":7,"column":2},"end":{"line":7,"column":null}},"5":{"start":{"line":10,"column":2},"end":{"line":10,"column":null}},"6":{"start":{"line":13,"column":2},"end":{"line":13,"column":null}},"7":{"start":{"line":16,"column":2},"end":{"line":16,"column":null}},"8":{"start":{"line":19,"column":2},"end":{"line":19,"column":null}},"9":{"start":{"line":22,"column":2},"end":{"line":22,"column":null}},"10":{"start":{"line":25,"column":2},"end":{"line":25,"column":null}},"11":{"start":{"line":28,"column":2},"end":{"line":28,"column":null}},"12":{"start":{"line":27,"column":19},"end":{"line":27,"column":27}},"13":{"start":{"line":27,"column":43},"end":{"line":27,"column":57}},"14":{"start":{"line":5,"column":13},"end":{"line":29,"column":null}}},"fnMap":{"0":{"name":"(anonymous_2)","decl":{"start":{"line":27,"column":13},"end":{"line":27,"column":16}},"loc":{"start":{"line":27,"column":19},"end":{"line":27,"column":27}}},"1":{"name":"(anonymous_3)","decl":{"start":{"line":27,"column":29},"end":{"line":27,"column":30}},"loc":{"start":{"line":27,"column":43},"end":{"line":27,"column":57}}}},"branchMap":{},"s":{"0":18,"1":18,"2":18,"3":18,"4":18,"5":18,"6":18,"7":18,"8":18,"9":18,"10":18,"11":18,"12":0,"13":0,"14":18},"f":{"0":0,"1":0},"b":{}}
,"/home/rozel/Документы/Универ/Ticket_booking_system/server/src/modules/routes/repository/repository.ts": {"path":"/home/rozel/Документы/Универ/Ticket_booking_system/server/src/modules/routes/repository/repository.ts","statementMap":{"0":{"start":{"line":2,"column":0},"end":{"line":2,"column":42}},"1":{"start":{"line":3,"column":0},"end":{"line":3,"column":58}},"2":{"start":{"line":10,"column":4},"end":{"line":10,"column":54}},"3":{"start":{"line":14,"column":18},"end":{"line":14,"column":46}},"4":{"start":{"line":15,"column":4},"end":{"line":15,"column":45}},"5":{"start":{"line":19,"column":4},"end":{"line":19,"column":51}},"6":{"start":{"line":23,"column":4},"end":{"line":23,"column":59}},"7":{"start":{"line":28,"column":4},"end":{"line":28,"column":40}},"8":{"start":{"line":32,"column":18},"end":{"line":32,"column":44}},"9":{"start":{"line":33,"column":4},"end":{"line":35,"column":5}},"10":{"start":{"line":34,"column":6},"end":{"line":34,"column":18}},"11":{"start":{"line":37,"column":4},"end":{"line":37,"column":43}},"12":{"start":{"line":38,"column":4},"end":{"line":38,"column":38}},"13":{"start":{"line":42,"column":19},"end":{"line":42,"column":51}},"14":{"start":{"line":43,"column":4},"end":{"line":43,"column":33}},"15":{"start":{"line":6,"column":0},"end":{"line":6,"column":13}},"16":{"start":{"line":47,"column":13},"end":{"line":47,"column":66}}},"fnMap":{"0":{"name":"(anonymous_7)","decl":{"start":{"line":9,"column":2},"end":{"line":9,"column":14}},"loc":{"start":{"line":9,"column":36},"end":{"line":11,"column":3}}},"1":{"name":"(anonymous_8)","decl":{"start":{"line":13,"column":8},"end":{"line":13,"column":14}},"loc":{"start":{"line":13,"column":35},"end":{"line":16,"column":null}}},"2":{"name":"(anonymous_10)","decl":{"start":{"line":18,"column":8},"end":{"line":18,"column":19}},"loc":{"start":{"line":18,"column":30},"end":{"line":20,"column":null}}},"3":{"name":"(anonymous_12)","decl":{"start":{"line":22,"column":8},"end":{"line":22,"column":21}},"loc":{"start":{"line":22,"column":32},"end":{"line":24,"column":null}}},"4":{"name":"(anonymous_14)","decl":{"start":{"line":27,"column":8},"end":{"line":27,"column":15}},"loc":{"start":{"line":27,"column":15},"end":{"line":29,"column":null}}},"5":{"name":"(anonymous_16)","decl":{"start":{"line":31,"column":8},"end":{"line":31,"column":14}},"loc":{"start":{"line":31,"column":47},"end":{"line":39,"column":null}}},"6":{"name":"(anonymous_18)","decl":{"start":{"line":41,"column":8},"end":{"line":41,"column":14}},"loc":{"start":{"line":41,"column":25},"end":{"line":44,"column":null}}}},"branchMap":{"0":{"loc":{"start":{"line":33,"column":4},"end":{"line":35,"column":5}},"type":"if","locations":[{"start":{"line":33,"column":4},"end":{"line":35,"column":5}}]}},"s":{"0":2,"1":2,"2":10,"3":1,"4":1,"5":1,"6":1,"7":1,"8":2,"9":2,"10":1,"11":1,"12":1,"13":2,"14":2,"15":2,"16":2},"f":{"0":10,"1":1,"2":1,"3":1,"4":1,"5":2,"6":2},"b":{"0":[1]}}
,"/home/rozel/Документы/Универ/Ticket_booking_system/server/src/modules/schedules/controller/controller.ts": {"path":"/home/rozel/Документы/Универ/Ticket_booking_system/server/src/modules/schedules/controller/controller.ts","statementMap":{"0":{"start":{"line":1,"column":0},"end":{"line":1,"column":26}},"1":{"start":{"line":2,"column":0},"end":{"line":2,"column":93}},"2":{"start":{"line":3,"column":0},"end":{"line":3,"column":62}},"3":{"start":{"line":4,"column":0},"end":{"line":4,"column":48}},"4":{"start":{"line":7,"column":7},"end":{"line":32,"column":null}},"5":{"start":{"line":10,"column":4},"end":{"line":10,"column":46}},"6":{"start":{"line":15,"column":4},"end":{"line":15,"column":52}},"7":{"start":{"line":20,"column":4},"end":{"line":20,"column":53}},"8":{"start":{"line":25,"column":4},"end":{"line":25,"column":57}},"9":{"start":{"line":30,"column":4},"end":{"line":30,"column":47}},"10":{"start":{"line":7,"column":13},"end":{"line":7,"column":31}},"11":{"start":{"line":9,"column":8},"end":{"line":11,"column":null}},"12":{"start":{"line":14,"column":8},"end":{"line":16,"column":null}},"13":{"start":{"line":19,"column":8},"end":{"line":21,"column":null}},"14":{"start":{"line":24,"column":8},"end":{"line":26,"column":null}},"15":{"start":{"line":29,"column":8},"end":{"line":31,"column":null}},"16":{"start":{"line":7,"column":13},"end":{"line":32,"column":null}}},"fnMap":{"0":{"name":"(anonymous_11)","decl":{"start":{"line":9,"column":8},"end":{"line":9,"column":14}},"loc":{"start":{"line":9,"column":14},"end":{"line":11,"column":null}}},"1":{"name":"(anonymous_13)","decl":{"start":{"line":14,"column":8},"end":{"line":14,"column":23}},"loc":{"start":{"line":14,"column":47},"end":{"line":16,"column":null}}},"2":{"name":"(anonymous_15)","decl":{"start":{"line":19,"column":8},"end":{"line":19,"column":22}},"loc":{"start":{"line":19,"column":49},"end":{"line":21,"column":null}}},"3":{"name":"(anonymous_17)","decl":{"start":{"line":24,"column":8},"end":{"line":24,"column":26}},"loc":{"start":{"line":24,"column":78},"end":{"line":26,"column":null}}},"4":{"name":"(anonymous_19)","decl":{"start":{"line":29,"column":8},"end":{"line":29,"column":26}},"loc":{"start":{"line":29,"column":50},"end":{"line":31,"column":null}}}},"branchMap":{},"s":{"0":1,"1":1,"2":1,"3":1,"4":1,"5":1,"6":1,"7":1,"8":1,"9":1,"10":1,"11":1,"12":1,"13":1,"14":1,"15":1,"16":1},"f":{"0":1,"1":1,"2":1,"3":1,"4":1},"b":{}}
,"/home/rozel/Документы/Универ/Ticket_booking_system/server/src/modules/schedules/entities/Schedule.ts": {"path":"/home/rozel/Документы/Универ/Ticket_booking_system/server/src/modules/schedules/entities/Schedule.ts","statementMap":{"0":{"start":{"line":1,"column":0},"end":{"line":1,"column":99}},"1":{"start":{"line":2,"column":0},"end":{"line":2,"column":52}},"2":{"start":{"line":3,"column":0},"end":{"line":3,"column":70}},"3":{"start":{"line":6,"column":7},"end":{"line":25,"column":null}},"4":{"start":{"line":6,"column":13},"end":{"line":6,"column":21}},"5":{"start":{"line":8,"column":2},"end":{"line":8,"column":null}},"6":{"start":{"line":11,"column":2},"end":{"line":11,"column":null}},"7":{"start":{"line":14,"column":2},"end":{"line":14,"column":null}},"8":{"start":{"line":17,"column":2},"end":{"line":17,"column":null}},"9":{"start":{"line":21,"column":2},"end":{"line":21,"column":null}},"10":{"start":{"line":19,"column":19},"end":{"line":19,"column":24}},"11":{"start":{"line":19,"column":37},"end":{"line":19,"column":52}},"12":{"start":{"line":24,"column":2},"end":{"line":24,"column":null}},"13":{"start":{"line":23,"column":19},"end":{"line":23,"column":30}},"14":{"start":{"line":23,"column":47},"end":{"line":23,"column":67}},"15":{"start":{"line":6,"column":13},"end":{"line":25,"column":null}}},"fnMap":{"0":{"name":"(anonymous_2)","decl":{"start":{"line":19,"column":13},"end":{"line":19,"column":16}},"loc":{"start":{"line":19,"column":19},"end":{"line":19,"column":24}}},"1":{"name":"(anonymous_3)","decl":{"start":{"line":19,"column":26},"end":{"line":19,"column":27}},"loc":{"start":{"line":19,"column":37},"end":{"line":19,"column":52}}},"2":{"name":"(anonymous_4)","decl":{"start":{"line":23,"column":13},"end":{"line":23,"column":16}},"loc":{"start":{"line":23,"column":19},"end":{"line":23,"column":30}}},"3":{"name":"(anonymous_5)","decl":{"start":{"line":23,"column":32},"end":{"line":23,"column":43}},"loc":{"start":{"line":23,"column":47},"end":{"line":23,"column":67}}}},"branchMap":{},"s":{"0":18,"1":18,"2":18,"3":18,"4":18,"5":18,"6":18,"7":18,"8":18,"9":18,"10":0,"11":0,"12":18,"13":0,"14":0,"15":18},"f":{"0":0,"1":0,"2":0,"3":0},"b":{}}
,"/home/rozel/Документы/Универ/Ticket_booking_system/server/src/modules/schedules/repository/repository.ts": {"path":"/home/rozel/Документы/Универ/Ticket_booking_system/server/src/modules/schedules/repository/repository.ts","statementMap":{"0":{"start":{"line":2,"column":0},"end":{"line":2,"column":58}},"1":{"start":{"line":4,"column":0},"end":{"line":4,"column":48}},"2":{"start":{"line":10,"column":4},"end":{"line":10,"column":57}},"3":{"start":{"line":14,"column":21},"end":{"line":14,"column":49}},"4":{"start":{"line":15,"column":4},"end":{"line":15,"column":48}},"5":{"start":{"line":19,"column":4},"end":{"line":19,"column":51}},"6":{"start":{"line":23,"column":4},"end":{"line":23,"column":40}},"7":{"start":{"line":27,"column":21},"end":{"line":27,"column":47}},"8":{"start":{"line":28,"column":4},"end":{"line":30,"column":5}},"9":{"start":{"line":29,"column":6},"end":{"line":29,"column":18}},"10":{"start":{"line":32,"column":4},"end":{"line":32,"column":43}},"11":{"start":{"line":33,"column":4},"end":{"line":33,"column":38}},"12":{"start":{"line":37,"column":19},"end":{"line":37,"column":51}},"13":{"start":{"line":38,"column":4},"end":{"line":38,"column":33}},"14":{"start":{"line":42,"column":19},"end":{"line":42,"column":76}},"15":{"start":{"line":43,"column":4},"end":{"line":43,"column":27}},"16":{"start":{"line":6,"column":0},"end":{"line":6,"column":13}},"17":{"start":{"line":47,"column":13},"end":{"line":47,"column":72}}},"fnMap":{"0":{"name":"(anonymous_7)","decl":{"start":{"line":9,"column":2},"end":{"line":9,"column":14}},"loc":{"start":{"line":9,"column":36},"end":{"line":11,"column":3}}},"1":{"name":"(anonymous_8)","decl":{"start":{"line":13,"column":8},"end":{"line":13,"column":14}},"loc":{"start":{"line":13,"column":38},"end":{"line":16,"column":null}}},"2":{"name":"(anonymous_10)","decl":{"start":{"line":18,"column":8},"end":{"line":18,"column":19}},"loc":{"start":{"line":18,"column":30},"end":{"line":20,"column":null}}},"3":{"name":"(anonymous_12)","decl":{"start":{"line":22,"column":8},"end":{"line":22,"column":15}},"loc":{"start":{"line":22,"column":15},"end":{"line":24,"column":null}}},"4":{"name":"(anonymous_14)","decl":{"start":{"line":26,"column":8},"end":{"line":26,"column":14}},"loc":{"start":{"line":26,"column":50},"end":{"line":34,"column":null}}},"5":{"name":"(anonymous_16)","decl":{"start":{"line":36,"column":8},"end":{"line":36,"column":14}},"loc":{"start":{"line":36,"column":25},"end":{"line":39,"column":null}}},"6":{"name":"(anonymous_18)","decl":{"start":{"line":41,"column":8},"end":{"line":41,"column":23}},"loc":{"start":{"line":41,"column":40},"end":{"line":44,"column":null}}}},"branchMap":{"0":{"loc":{"start":{"line":28,"column":4},"end":{"line":30,"column":5}},"type":"if","locations":[{"start":{"line":28,"column":4},"end":{"line":30,"column":5}}]}},"s":{"0":2,"1":2,"2":10,"3":1,"4":1,"5":1,"6":1,"7":2,"8":2,"9":1,"10":1,"11":1,"12":2,"13":2,"14":1,"15":1,"16":2,"17":2},"f":{"0":10,"1":1,"2":1,"3":1,"4":2,"5":2,"6":1},"b":{"0":[1]}}
,"/home/rozel/Документы/Универ/Ticket_booking_system/server/src/modules/tickets/controller/controller.ts": {"path":"/home/rozel/Документы/Универ/Ticket_booking_system/server/src/modules/tickets/controller/controller.ts","statementMap":{"0":{"start":{"line":1,"column":0},"end":{"line":1,"column":26}},"1":{"start":{"line":2,"column":0},"end":{"line":2,"column":93}},"2":{"start":{"line":3,"column":0},"end":{"line":3,"column":60}},"3":{"start":{"line":4,"column":0},"end":{"line":4,"column":45}},"4":{"start":{"line":7,"column":7},"end":{"line":37,"column":null}},"5":{"start":{"line":10,"column":4},"end":{"line":10,"column":44}},"6":{"start":{"line":15,"column":4},"end":{"line":15,"column":54}},"7":{"start":{"line":20,"column":4},"end":{"line":20,"column":49}},"8":{"start":{"line":25,"column":4},"end":{"line":25,"column":53}},"9":{"start":{"line":30,"column":4},"end":{"line":30,"column":53}},"10":{"start":{"line":35,"column":4},"end":{"line":35,"column":45}},"11":{"start":{"line":7,"column":13},"end":{"line":7,"column":29}},"12":{"start":{"line":9,"column":8},"end":{"line":11,"column":null}},"13":{"start":{"line":14,"column":8},"end":{"line":16,"column":null}},"14":{"start":{"line":19,"column":8},"end":{"line":21,"column":null}},"15":{"start":{"line":24,"column":8},"end":{"line":26,"column":null}},"16":{"start":{"line":29,"column":8},"end":{"line":31,"column":null}},"17":{"start":{"line":34,"column":8},"end":{"line":36,"column":null}},"18":{"start":{"line":7,"column":13},"end":{"line":37,"column":null}}},"fnMap":{"0":{"name":"(anonymous_11)","decl":{"start":{"line":9,"column":8},"end":{"line":9,"column":14}},"loc":{"start":{"line":9,"column":14},"end":{"line":11,"column":null}}},"1":{"name":"(anonymous_13)","decl":{"start":{"line":14,"column":8},"end":{"line":14,"column":21}},"loc":{"start":{"line":14,"column":53},"end":{"line":16,"column":null}}},"2":{"name":"(anonymous_15)","decl":{"start":{"line":19,"column":8},"end":{"line":19,"column":20}},"loc":{"start":{"line":19,"column":43},"end":{"line":21,"column":null}}},"3":{"name":"(anonymous_17)","decl":{"start":{"line":24,"column":8},"end":{"line":24,"column":24}},"loc":{"start":{"line":24,"column":72},"end":{"line":26,"column":null}}},"4":{"name":"(anonymous_19)","decl":{"start":{"line":29,"column":8},"end":{"line":29,"column":24}},"loc":{"start":{"line":29,"column":72},"end":{"line":31,"column":null}}},"5":{"name":"(anonymous_21)","decl":{"start":{"line":34,"column":8},"end":{"line":34,"column":24}},"loc":{"start":{"line":34,"column":48},"end":{"line":36,"column":null}}}},"branchMap":{},"s":{"0":1,"1":1,"2":1,"3":1,"4":1,"5":1,"6":1,"7":3,"8":1,"9":1,"10":1,"11":1,"12":1,"13":1,"14":1,"15":1,"16":1,"17":1,"18":1},"f":{"0":1,"1":1,"2":3,"3":1,"4":1,"5":1},"b":{}}
,"/home/rozel/Документы/Универ/Ticket_booking_system/server/src/modules/tickets/entities/tickets.ts": {"path":"/home/rozel/Документы/Универ/Ticket_booking_system/server/src/modules/tickets/entities/tickets.ts","statementMap":{"0":{"start":{"line":1,"column":0},"end":{"line":1,"column":88}},"1":{"start":{"line":2,"column":0},"end":{"line":2,"column":58}},"2":{"start":{"line":5,"column":7},"end":{"line":39,"column":null}},"3":{"start":{"line":5,"column":13},"end":{"line":5,"column":19}},"4":{"start":{"line":7,"column":4},"end":{"line":7,"column":null}},"5":{"start":{"line":13,"column":4},"end":{"line":13,"column":null}},"6":{"start":{"line":19,"column":4},"end":{"line":19,"column":null}},"7":{"start":{"line":26,"column":4},"end":{"line":26,"column":null}},"8":{"start":{"line":34,"column":4},"end":{"line":34,"column":null}},"9":{"start":{"line":38,"column":4},"end":{"line":38,"column":null}},"10":{"start":{"line":36,"column":21},"end":{"line":36,"column":28}},"11":{"start":{"line":36,"column":41},"end":{"line":36,"column":51}},"12":{"start":{"line":5,"column":13},"end":{"line":39,"column":null}}},"fnMap":{"0":{"name":"(anonymous_2)","decl":{"start":{"line":36,"column":15},"end":{"line":36,"column":18}},"loc":{"start":{"line":36,"column":21},"end":{"line":36,"column":28}}},"1":{"name":"(anonymous_3)","decl":{"start":{"line":36,"column":30},"end":{"line":36,"column":37}},"loc":{"start":{"line":36,"column":41},"end":{"line":36,"column":51}}}},"branchMap":{},"s":{"0":4,"1":4,"2":4,"3":4,"4":4,"5":4,"6":4,"7":4,"8":4,"9":4,"10":0,"11":0,"12":4},"f":{"0":0,"1":0},"b":{}}
,"/home/rozel/Документы/Универ/Ticket_booking_system/server/src/modules/tickets/repository/repository.ts": {"path":"/home/rozel/Документы/Универ/Ticket_booking_system/server/src/modules/tickets/repository/repository.ts","statementMap":{"0":{"start":{"line":2,"column":0},"end":{"line":2,"column":58}},"1":{"start":{"line":4,"column":0},"end":{"line":4,"column":45}},"2":{"start":{"line":5,"column":0},"end":{"line":5,"column":66}},"3":{"start":{"line":6,"column":0},"end":{"line":6,"column":73}},"4":{"start":{"line":7,"column":0},"end":{"line":7,"column":81}},"5":{"start":{"line":13,"column":4},"end":{"line":13,"column":55}},"6":{"start":{"line":17,"column":20},"end":{"line":17,"column":72}},"7":{"start":{"line":18,"column":24},"end":{"line":18,"column":88}},"8":{"start":{"line":19,"column":16},"end":{"line":19,"column":67}},"9":{"start":{"line":20,"column":18},"end":{"line":20,"column":53}},"10":{"start":{"line":22,"column":4},"end":{"line":22,"column":51}},"11":{"start":{"line":23,"column":19},"end":{"line":23,"column":47}},"12":{"start":{"line":24,"column":4},"end":{"line":24,"column":35}},"13":{"start":{"line":25,"column":4},"end":{"line":25,"column":65}},"14":{"start":{"line":26,"column":4},"end":{"line":26,"column":46}},"15":{"start":{"line":30,"column":4},"end":{"line":38,"column":5}},"16":{"start":{"line":30,"column":17},"end":{"line":30,"column":18}},"17":{"start":{"line":31,"column":6},"end":{"line":37,"column":7}},"18":{"start":{"line":31,"column":19},"end":{"line":31,"column":20}},"19":{"start":{"line":32,"column":8},"end":{"line":36,"column":9}},"20":{"start":{"line":33,"column":23},"end":{"line":33,"column":29}},"21":{"start":{"line":34,"column":10},"end":{"line":34,"column":30}},"22":{"start":{"line":35,"column":10},"end":{"line":35,"column":28}},"23":{"start":{"line":40,"column":4},"end":{"line":40,"column":15}},"24":{"start":{"line":44,"column":4},"end":{"line":44,"column":51}},"25":{"start":{"line":48,"column":4},"end":{"line":48,"column":56}},"26":{"start":{"line":52,"column":4},"end":{"line":52,"column":40}},"27":{"start":{"line":56,"column":19},"end":{"line":56,"column":45}},"28":{"start":{"line":57,"column":4},"end":{"line":59,"column":5}},"29":{"start":{"line":58,"column":6},"end":{"line":58,"column":18}},"30":{"start":{"line":60,"column":4},"end":{"line":60,"column":38}},"31":{"start":{"line":60,"column":23},"end":{"line":60,"column":38}},"32":{"start":{"line":62,"column":4},"end":{"line":62,"column":43}},"33":{"start":{"line":63,"column":4},"end":{"line":63,"column":38}},"34":{"start":{"line":67,"column":22},"end":{"line":67,"column":74}},"35":{"start":{"line":68,"column":26},"end":{"line":68,"column":90}},"36":{"start":{"line":69,"column":18},"end":{"line":69,"column":69}},"37":{"start":{"line":70,"column":20},"end":{"line":70,"column":41}},"38":{"start":{"line":71,"column":6},"end":{"line":71,"column":34}},"39":{"start":{"line":72,"column":6},"end":{"line":72,"column":67}},"40":{"start":{"line":73,"column":6},"end":{"line":73,"column":39}},"41":{"start":{"line":74,"column":6},"end":{"line":74,"column":40}},"42":{"start":{"line":78,"column":19},"end":{"line":78,"column":51}},"43":{"start":{"line":79,"column":4},"end":{"line":79,"column":33}},"44":{"start":{"line":9,"column":0},"end":{"line":9,"column":13}},"45":{"start":{"line":83,"column":13},"end":{"line":83,"column":68}}},"fnMap":{"0":{"name":"(anonymous_7)","decl":{"start":{"line":12,"column":2},"end":{"line":12,"column":14}},"loc":{"start":{"line":12,"column":36},"end":{"line":14,"column":3}}},"1":{"name":"(anonymous_8)","decl":{"start":{"line":16,"column":8},"end":{"line":16,"column":14}},"loc":{"start":{"line":16,"column":36},"end":{"line":27,"column":null}}},"2":{"name":"(anonymous_10)","decl":{"start":{"line":29,"column":2},"end":{"line":29,"column":9}},"loc":{"start":{"line":29,"column":23},"end":{"line":41,"column":3}}},"3":{"name":"(anonymous_11)","decl":{"start":{"line":43,"column":8},"end":{"line":43,"column":19}},"loc":{"start":{"line":43,"column":30},"end":{"line":45,"column":null}}},"4":{"name":"(anonymous_13)","decl":{"start":{"line":47,"column":8},"end":{"line":47,"column":23}},"loc":{"start":{"line":47,"column":42},"end":{"line":49,"column":null}}},"5":{"name":"(anonymous_15)","decl":{"start":{"line":51,"column":8},"end":{"line":51,"column":15}},"loc":{"start":{"line":51,"column":15},"end":{"line":53,"column":null}}},"6":{"name":"(anonymous_17)","decl":{"start":{"line":55,"column":8},"end":{"line":55,"column":14}},"loc":{"start":{"line":55,"column":48},"end":{"line":64,"column":null}}},"7":{"name":"(anonymous_19)","decl":{"start":{"line":66,"column":8},"end":{"line":66,"column":14}},"loc":{"start":{"line":66,"column":48},"end":{"line":75,"column":null}}},"8":{"name":"(anonymous_21)","decl":{"start":{"line":77,"column":8},"end":{"line":77,"column":14}},"loc":{"start":{"line":77,"column":25},"end":{"line":80,"column":null}}}},"branchMap":{"0":{"loc":{"start":{"line":32,"column":8},"end":{"line":36,"column":9}},"type":"if","locations":[{"start":{"line":32,"column":8},"end":{"line":36,"column":9}}]},"1":{"loc":{"start":{"line":57,"column":4},"end":{"line":59,"column":5}},"type":"if","locations":[{"start":{"line":57,"column":4},"end":{"line":59,"column":5}}]},"2":{"loc":{"start":{"line":60,"column":4},"end":{"line":60,"column":38}},"type":"if","locations":[{"start":{"line":60,"column":4},"end":{"line":60,"column":38}}]}},"s":{"0":3,"1":3,"2":3,"3":3,"4":3,"5":12,"6":2,"7":2,"8":2,"9":2,"10":2,"11":2,"12":2,"13":2,"14":2,"15":3,"16":3,"17":11,"18":11,"19":16,"20":9,"21":9,"22":9,"23":3,"24":4,"25":1,"26":1,"27":2,"28":2,"29":1,"30":1,"31":0,"32":1,"33":1,"34":0,"35":0,"36":0,"37":0,"38":0,"39":0,"40":0,"41":0,"42":2,"43":2,"44":3,"45":3},"f":{"0":12,"1":2,"2":3,"3":4,"4":1,"5":1,"6":2,"7":0,"8":2},"b":{"0":[9],"1":[1],"2":[0]}}
}
