TN:
SF:src/app.controller.ts
FN:6,(anonymous_2)
FN:9,(anonymous_3)
FNF:2
FNH:2
FNDA:1,(anonymous_2)
FNDA:1,(anonymous_3)
DA:1,1
DA:2,1
DA:5,1
DA:6,1
DA:9,1
DA:10,1
LF:6
LH:6
BRDA:6,0,0,1
BRDA:6,0,1,0
BRDA:6,1,0,1
BRDA:6,1,1,1
BRF:4
BRH:3
end_of_record
TN:
SF:src/app.module.ts
FNF:0
FNH:0
DA:1,0
DA:2,0
DA:3,0
DA:4,0
DA:5,0
DA:6,0
DA:7,0
DA:8,0
DA:9,0
DA:10,0
DA:11,0
DA:12,0
DA:13,0
DA:14,0
DA:15,0
DA:16,0
DA:17,0
DA:18,0
DA:19,0
DA:20,0
DA:21,0
DA:54,0
LF:22
LH:0
BRF:0
BRH:0
end_of_record
TN:
SF:src/app.service.ts
FN:5,(anonymous_1)
FNF:1
FNH:1
FNDA:1,(anonymous_1)
DA:1,1
DA:4,1
DA:6,1
LF:3
LH:3
BRF:0
BRH:0
end_of_record
TN:
SF:src/main.ts
FN:5,bootstrap
FN:10,(anonymous_1)
FNF:2
FNH:0
FNDA:0,bootstrap
FNDA:0,(anonymous_1)
DA:1,0
DA:2,0
DA:3,0
DA:6,0
DA:7,0
DA:9,0
DA:10,0
DA:13,0
DA:19,0
DA:21,0
DA:22,0
DA:23,0
DA:25,0
LF:13
LH:0
BRDA:9,0,0,0
BRDA:9,0,1,0
BRDA:21,1,0,0
BRDA:21,1,1,0
BRF:4
BRH:0
end_of_record
TN:
SF:src/bookings/bookings.controller.ts
FN:16,(anonymous_4)
FN:19,(anonymous_5)
FN:24,(anonymous_6)
FN:29,(anonymous_7)
FN:34,(anonymous_8)
FN:39,(anonymous_9)
FN:45,(anonymous_10)
FN:50,(anonymous_11)
FNF:8
FNH:8
FNDA:8,(anonymous_4)
FNDA:1,(anonymous_5)
FNDA:1,(anonymous_6)
FNDA:1,(anonymous_7)
FNDA:1,(anonymous_8)
FNDA:1,(anonymous_9)
FNDA:1,(anonymous_10)
FNDA:1,(anonymous_11)
DA:1,1
DA:10,1
DA:11,1
DA:12,1
DA:15,1
DA:16,8
DA:19,1
DA:20,1
DA:24,1
DA:25,1
DA:29,1
DA:30,1
DA:34,1
DA:35,1
DA:39,1
DA:40,1
DA:41,1
DA:45,1
DA:46,1
DA:50,1
DA:51,1
LF:21
LH:21
BRDA:19,0,0,1
BRDA:19,0,1,0
BRDA:19,1,0,1
BRDA:19,1,1,1
BRDA:45,2,0,1
BRDA:45,2,1,0
BRDA:45,3,0,1
BRDA:45,3,1,1
BRDA:16,4,0,1
BRDA:16,4,1,0
BRDA:16,5,0,1
BRDA:16,5,1,1
BRF:12
BRH:9
end_of_record
TN:
SF:src/bookings/bookings.module.ts
FNF:0
FNH:0
DA:1,0
DA:2,0
DA:3,0
DA:4,0
DA:5,0
DA:6,0
DA:13,0
LF:7
LH:0
BRF:0
BRH:0
end_of_record
TN:
SF:src/bookings/bookings.service.ts
FN:11,(anonymous_4)
FN:18,(anonymous_5)
FN:22,(anonymous_6)
FN:34,(anonymous_7)
FN:38,(anonymous_8)
FN:51,(anonymous_9)
FN:63,(anonymous_10)
FN:87,(anonymous_11)
FN:94,(anonymous_12)
FN:97,(anonymous_13)
FN:105,(anonymous_14)
FN:106,(anonymous_15)
FN:120,(anonymous_16)
FN:133,(anonymous_17)
FN:137,(anonymous_18)
FNF:15
FNH:15
FNDA:20,(anonymous_4)
FNDA:1,(anonymous_5)
FNDA:1,(anonymous_6)
FNDA:1,(anonymous_7)
FNDA:2,(anonymous_8)
FNDA:2,(anonymous_9)
FNDA:4,(anonymous_10)
FNDA:1,(anonymous_11)
FNDA:3,(anonymous_12)
FNDA:3,(anonymous_13)
FNDA:3,(anonymous_14)
FNDA:2,(anonymous_15)
FNDA:2,(anonymous_16)
FNDA:1,(anonymous_17)
FNDA:1,(anonymous_18)
DA:1,2
DA:4,2
DA:5,2
DA:6,2
DA:7,2
DA:10,2
DA:13,20
DA:15,20
DA:19,1
DA:23,1
DA:31,1
DA:35,1
DA:39,2
DA:44,2
DA:46,1
DA:48,1
DA:55,2
DA:60,2
DA:67,4
DA:69,4
DA:71,3
DA:75,2
DA:82,3
DA:84,3
DA:88,1
DA:95,3
DA:97,3
DA:98,3
DA:99,3
DA:100,3
DA:101,3
DA:103,3
DA:104,3
DA:105,3
DA:106,2
DA:107,3
DA:121,2
DA:122,2
DA:123,1
DA:129,2
DA:130,2
DA:134,1
DA:138,1
LF:43
LH:43
BRDA:44,0,0,1
BRDA:44,0,1,1
BRDA:60,1,0,2
BRDA:60,1,1,1
BRDA:69,2,0,1
BRDA:69,2,1,3
BRDA:71,3,0,2
BRDA:71,3,1,1
BRDA:72,4,0,3
BRDA:72,4,1,2
BRDA:99,5,0,3
BRDA:99,5,1,0
BRDA:103,6,0,3
BRDA:103,6,1,0
BRDA:122,7,0,1
BRDA:122,7,1,1
BRDA:13,8,0,2
BRDA:13,8,1,0
BRDA:13,9,0,2
BRDA:13,9,1,2
BRDA:13,10,0,2
BRDA:13,10,1,0
BRDA:13,11,0,2
BRDA:13,11,1,2
BRF:24
BRH:20
end_of_record
TN:
SF:src/bookings/dto/create-booking.dto.ts
FNF:0
FNH:0
DA:1,1
LF:1
LH:1
BRF:0
BRH:0
end_of_record
TN:
SF:src/bookings/dto/update-booking.dto.ts
FNF:0
FNH:0
DA:1,1
LF:1
LH:1
BRF:0
BRH:0
end_of_record
TN:
SF:src/bookings/entities/booking.entity.ts
FN:50,(anonymous_2)
FN:50,(anonymous_3)
FN:54,(anonymous_4)
FN:54,(anonymous_5)
FN:58,(anonymous_6)
FN:58,(anonymous_7)
FNF:6
FNH:0
FNDA:0,(anonymous_2)
FNDA:0,(anonymous_3)
FNDA:0,(anonymous_4)
FNDA:0,(anonymous_5)
FNDA:0,(anonymous_6)
FNDA:0,(anonymous_7)
DA:1,21
DA:9,21
DA:10,21
DA:11,21
DA:14,21
DA:16,21
DA:22,21
DA:28,21
DA:34,21
DA:41,21
DA:48,21
DA:50,0
DA:52,21
DA:54,0
DA:56,21
DA:58,0
DA:59,21
LF:17
LH:14
BRDA:34,0,0,21
BRDA:34,0,1,0
BRDA:34,1,0,21
BRDA:34,1,1,21
BRDA:52,2,0,21
BRDA:52,2,1,0
BRDA:52,3,0,21
BRDA:52,3,1,21
BRDA:56,4,0,4
BRDA:56,4,1,17
BRDA:56,5,0,21
BRDA:56,5,1,4
BRF:12
BRH:10
end_of_record
TN:
SF:src/buses/buses.controller.ts
FN:8,(anonymous_4)
FN:11,(anonymous_5)
FN:16,(anonymous_6)
FN:21,(anonymous_7)
FN:26,(anonymous_8)
FN:31,(anonymous_9)
FNF:6
FNH:6
FNDA:6,(anonymous_4)
FNDA:1,(anonymous_5)
FNDA:1,(anonymous_6)
FNDA:1,(anonymous_7)
FNDA:1,(anonymous_8)
FNDA:1,(anonymous_9)
DA:1,1
DA:2,1
DA:3,1
DA:4,1
DA:7,1
DA:8,6
DA:11,1
DA:12,1
DA:16,1
DA:17,1
DA:21,1
DA:22,1
DA:26,1
DA:27,1
DA:31,1
DA:32,1
LF:16
LH:16
BRDA:11,0,0,1
BRDA:11,0,1,0
BRDA:11,1,0,1
BRDA:11,1,1,1
BRDA:26,2,0,1
BRDA:26,2,1,0
BRDA:26,3,0,1
BRDA:26,3,1,1
BRDA:8,4,0,1
BRDA:8,4,1,0
BRDA:8,5,0,1
BRDA:8,5,1,1
BRF:12
BRH:9
end_of_record
TN:
SF:src/buses/buses.module.ts
FNF:0
FNH:0
DA:1,0
DA:2,0
DA:3,0
DA:4,0
DA:5,0
DA:12,0
LF:6
LH:0
BRF:0
BRH:0
end_of_record
TN:
SF:src/buses/buses.service.ts
FN:10,(anonymous_4)
FN:14,(anonymous_5)
FN:18,(anonymous_6)
FN:25,(anonymous_7)
FN:29,(anonymous_8)
FN:33,(anonymous_9)
FN:47,(anonymous_10)
FN:55,(anonymous_11)
FNF:8
FNH:8
FNDA:8,(anonymous_4)
FNDA:1,(anonymous_5)
FNDA:5,(anonymous_6)
FNDA:1,(anonymous_7)
FNDA:1,(anonymous_8)
FNDA:3,(anonymous_9)
FNDA:5,(anonymous_10)
FNDA:2,(anonymous_11)
DA:1,2
DA:4,2
DA:5,2
DA:6,2
DA:9,2
DA:12,8
DA:15,1
DA:16,1
DA:18,5
DA:21,1
DA:22,1
DA:26,1
DA:30,1
DA:34,3
DA:35,3
DA:36,1
DA:39,2
DA:43,1
DA:44,1
DA:45,1
DA:47,5
DA:51,2
DA:52,2
DA:56,2
DA:57,2
LF:25
LH:25
BRDA:35,0,0,1
BRDA:35,0,1,2
BRDA:39,1,0,1
BRDA:39,1,1,1
BRDA:40,2,0,2
BRDA:40,2,1,1
BRDA:12,3,0,2
BRDA:12,3,1,0
BRDA:12,4,0,2
BRDA:12,4,1,2
BRF:10
BRH:9
end_of_record
TN:
SF:src/buses/dto/create-bus.dto.ts
FNF:0
FNH:0
DA:1,1
DA:2,0
LF:2
LH:1
BRF:0
BRH:0
end_of_record
TN:
SF:src/buses/dto/update-bus.dto.ts
FNF:0
FNH:0
DA:1,1
DA:2,1
DA:4,1
LF:3
LH:3
BRF:0
BRH:0
end_of_record
TN:
SF:src/buses/entities/bus.entity.ts
FN:36,(anonymous_2)
FN:36,(anonymous_3)
FNF:2
FNH:0
FNDA:0,(anonymous_2)
FNDA:0,(anonymous_3)
DA:1,27
DA:2,27
DA:5,27
DA:7,27
DA:14,27
DA:21,27
DA:28,27
DA:34,27
DA:36,0
DA:37,27
LF:10
LH:9
BRF:0
BRH:0
end_of_record
TN:
SF:src/busschedules/busschedule.repository.ts
FN:7,(anonymous_1)
FNF:1
FNH:0
FNDA:0,(anonymous_1)
DA:1,4
DA:2,4
DA:6,4
DA:11,0
DA:12,0
DA:14,0
DA:19,0
DA:20,0
LF:8
LH:3
BRDA:12,0,0,0
BRDA:12,0,1,0
BRF:2
BRH:0
end_of_record
TN:
SF:src/busschedules/busschedules.controller.ts
FN:16,(anonymous_4)
FN:19,(anonymous_5)
FN:24,(anonymous_6)
FN:29,(anonymous_7)
FN:34,(anonymous_8)
FN:39,(anonymous_9)
FN:44,(anonymous_10)
FN:56,(anonymous_11)
FN:61,(anonymous_12)
FNF:9
FNH:9
FNDA:9,(anonymous_4)
FNDA:1,(anonymous_5)
FNDA:1,(anonymous_6)
FNDA:1,(anonymous_7)
FNDA:1,(anonymous_8)
FNDA:1,(anonymous_9)
FNDA:2,(anonymous_10)
FNDA:1,(anonymous_11)
FNDA:1,(anonymous_12)
DA:1,1
DA:10,1
DA:11,1
DA:12,1
DA:15,1
DA:16,9
DA:19,1
DA:20,1
DA:24,1
DA:25,1
DA:29,1
DA:30,1
DA:34,1
DA:35,1
DA:39,1
DA:40,1
DA:44,1
DA:48,2
DA:49,2
DA:50,1
DA:52,1
DA:56,1
DA:57,1
DA:61,1
DA:62,1
LF:25
LH:25
BRDA:49,0,0,1
BRDA:49,0,1,1
BRDA:19,1,0,1
BRDA:19,1,1,0
BRDA:19,2,0,1
BRDA:19,2,1,1
BRDA:46,3,0,1
BRDA:46,3,1,0
BRDA:46,4,0,1
BRDA:46,4,1,1
BRDA:16,5,0,1
BRDA:16,5,1,0
BRDA:16,6,0,1
BRDA:16,6,1,1
BRF:14
BRH:11
end_of_record
TN:
SF:src/busschedules/busschedules.module.ts
FNF:0
FNH:0
DA:1,0
DA:2,0
DA:3,0
DA:4,0
DA:5,0
DA:6,0
DA:7,0
DA:8,0
DA:9,0
DA:10,0
DA:11,0
DA:12,0
DA:13,0
DA:32,0
LF:14
LH:0
BRF:0
BRH:0
end_of_record
TN:
SF:src/busschedules/busschedules.service.ts
FN:18,(anonymous_4)
FN:36,(anonymous_5)
FN:46,(anonymous_6)
FN:56,(anonymous_7)
FN:66,(anonymous_8)
FN:109,(anonymous_9)
FN:115,(anonymous_10)
FN:131,(anonymous_11)
FN:146,(anonymous_12)
FN:188,(anonymous_13)
FN:238,(anonymous_14)
FNF:11
FNH:11
FNDA:24,(anonymous_4)
FNDA:6,(anonymous_5)
FNDA:1,(anonymous_6)
FNDA:1,(anonymous_7)
FNDA:1,(anonymous_8)
FNDA:1,(anonymous_9)
FNDA:5,(anonymous_10)
FNDA:3,(anonymous_11)
FNDA:9,(anonymous_12)
FNDA:4,(anonymous_13)
FNDA:2,(anonymous_14)
DA:1,3
DA:4,3
DA:5,3
DA:6,3
DA:7,3
DA:8,3
DA:9,3
DA:10,3
DA:11,3
DA:12,3
DA:13,3
DA:14,3
DA:17,3
DA:20,24
DA:22,24
DA:24,24
DA:26,24
DA:28,24
DA:30,24
DA:32,24
DA:34,24
DA:37,6
DA:38,6
DA:39,5
DA:42,1
DA:43,1
DA:47,1
DA:57,1
DA:67,1
DA:75,1
DA:76,1
DA:81,1
DA:82,1
DA:84,1
DA:95,1
DA:102,1
DA:106,1
DA:110,1
DA:112,1
DA:116,5
DA:118,4
DA:120,4
DA:122,3
DA:123,3
DA:124,2
DA:127,1
DA:128,1
DA:135,3
DA:136,3
DA:138,2
DA:139,2
DA:140,1
DA:141,1
DA:143,2
DA:149,9
DA:150,1
DA:153,8
DA:154,1
DA:158,7
DA:161,7
DA:162,2
DA:169,5
DA:170,5
DA:171,1
DA:178,4
DA:179,2
DA:185,2
DA:193,4
DA:194,4
DA:195,1
DA:200,3
DA:202,2
DA:203,1
DA:209,1
DA:214,1
DA:215,0
DA:221,1
DA:226,1
DA:228,1
DA:239,2
DA:240,2
LF:81
LH:80
BRDA:38,0,0,5
BRDA:38,0,1,1
BRDA:82,1,0,1
BRDA:82,1,1,0
BRDA:116,2,0,1
BRDA:116,2,1,4
BRDA:116,3,0,5
BRDA:116,3,1,4
BRDA:120,4,0,1
BRDA:120,4,1,3
BRDA:123,5,0,2
BRDA:123,5,1,1
BRDA:136,6,0,1
BRDA:136,6,1,2
BRDA:138,7,0,2
BRDA:138,7,1,0
BRDA:139,8,0,1
BRDA:139,8,1,1
BRDA:149,9,0,1
BRDA:149,9,1,8
BRDA:153,10,0,1
BRDA:153,10,1,7
BRDA:161,11,0,2
BRDA:161,11,1,5
BRDA:170,12,0,1
BRDA:170,12,1,4
BRDA:178,13,0,2
BRDA:178,13,1,2
BRDA:194,14,0,1
BRDA:194,14,1,3
BRDA:194,15,0,4
BRDA:194,15,1,3
BRDA:202,16,0,1
BRDA:202,16,1,1
BRDA:214,17,0,0
BRDA:214,17,1,1
BRDA:231,18,0,1
BRDA:231,18,1,0
BRDA:20,19,0,3
BRDA:20,19,1,0
BRDA:20,20,0,3
BRDA:20,20,1,3
BRDA:20,21,0,3
BRDA:20,21,1,0
BRDA:20,22,0,3
BRDA:20,22,1,3
BRDA:22,23,0,3
BRDA:22,23,1,0
BRDA:22,24,0,3
BRDA:22,24,1,3
BRDA:24,25,0,3
BRDA:24,25,1,0
BRDA:24,26,0,3
BRDA:24,26,1,3
BRDA:26,27,0,3
BRDA:26,27,1,0
BRDA:26,28,0,3
BRDA:26,28,1,3
BRDA:28,29,0,3
BRDA:28,29,1,0
BRDA:28,30,0,3
BRDA:28,30,1,3
BRDA:30,31,0,3
BRDA:30,31,1,0
BRDA:30,32,0,3
BRDA:30,32,1,3
BRDA:32,33,0,3
BRDA:32,33,1,0
BRDA:32,34,0,3
BRDA:32,34,1,3
BRF:70
BRH:58
end_of_record
TN:
SF:src/busschedules/dto/create-busschedule.dto.ts
FNF:0
FNH:0
DA:1,2
LF:1
LH:1
BRF:0
BRH:0
end_of_record
TN:
SF:src/busschedules/dto/update-busschedule.dto.ts
FNF:0
FNH:0
DA:1,2
DA:2,2
DA:4,2
LF:3
LH:3
BRF:0
BRH:0
end_of_record
TN:
SF:src/busschedules/entities/busschedule.entity.ts
FN:42,(anonymous_2)
FN:42,(anonymous_3)
FN:46,(anonymous_4)
FN:46,(anonymous_5)
FNF:4
FNH:0
FNDA:0,(anonymous_2)
FNDA:0,(anonymous_3)
FNDA:0,(anonymous_4)
FNDA:0,(anonymous_5)
DA:1,27
DA:8,27
DA:9,27
DA:12,27
DA:14,27
DA:20,27
DA:26,27
DA:33,27
DA:40,27
DA:42,0
DA:44,27
DA:46,0
DA:48,27
LF:13
LH:11
BRDA:44,0,0,23
BRDA:44,0,1,4
BRDA:44,1,0,27
BRDA:44,1,1,23
BRDA:48,2,0,21
BRDA:48,2,1,6
BRDA:48,3,0,27
BRDA:48,3,1,21
BRF:8
BRH:8
end_of_record
TN:
SF:src/complaints/complaints.controller.ts
FN:16,(anonymous_4)
FN:19,(anonymous_5)
FN:24,(anonymous_6)
FN:29,(anonymous_7)
FN:34,(anonymous_8)
FN:39,(anonymous_9)
FN:47,(anonymous_10)
FNF:7
FNH:7
FNDA:6,(anonymous_4)
FNDA:1,(anonymous_5)
FNDA:1,(anonymous_6)
FNDA:1,(anonymous_7)
FNDA:1,(anonymous_8)
FNDA:1,(anonymous_9)
FNDA:1,(anonymous_10)
DA:1,1
DA:10,1
DA:11,1
DA:12,1
DA:15,1
DA:16,6
DA:19,1
DA:20,1
DA:24,1
DA:25,1
DA:29,1
DA:30,1
DA:34,1
DA:35,1
DA:39,1
DA:43,1
DA:47,1
DA:48,1
LF:18
LH:18
BRDA:19,0,0,1
BRDA:19,0,1,0
BRDA:19,1,0,1
BRDA:19,1,1,1
BRDA:41,2,0,1
BRDA:41,2,1,0
BRDA:41,3,0,1
BRDA:41,3,1,1
BRDA:16,4,0,1
BRDA:16,4,1,0
BRDA:16,5,0,1
BRDA:16,5,1,1
BRF:12
BRH:9
end_of_record
TN:
SF:src/complaints/complaints.module.ts
FNF:0
FNH:0
DA:1,0
DA:2,0
DA:3,0
DA:4,0
DA:5,0
DA:12,0
LF:6
LH:0
BRF:0
BRH:0
end_of_record
TN:
SF:src/complaints/complaints.service.ts
FN:10,(anonymous_4)
FN:14,(anonymous_5)
FN:19,(anonymous_6)
FN:22,(anonymous_7)
FN:26,(anonymous_8)
FN:30,(anonymous_9)
FN:38,(anonymous_10)
FNF:7
FNH:7
FNDA:8,(anonymous_4)
FNDA:1,(anonymous_5)
FNDA:1,(anonymous_6)
FNDA:1,(anonymous_7)
FNDA:1,(anonymous_8)
FNDA:2,(anonymous_9)
FNDA:2,(anonymous_10)
DA:1,2
DA:4,2
DA:5,2
DA:6,2
DA:9,2
DA:12,8
DA:15,1
DA:16,1
DA:20,1
DA:23,1
DA:27,1
DA:31,2
DA:32,2
DA:34,1
DA:35,1
DA:39,2
DA:40,2
LF:17
LH:17
BRDA:32,0,0,1
BRDA:32,0,1,1
BRDA:12,1,0,2
BRDA:12,1,1,0
BRDA:12,2,0,2
BRDA:12,2,1,2
BRF:6
BRH:5
end_of_record
TN:
SF:src/complaints/dto/create-complaint.dto.ts
FNF:0
FNH:0
DA:1,1
LF:1
LH:1
BRF:0
BRH:0
end_of_record
TN:
SF:src/complaints/dto/update-complaint.dto.ts
FNF:0
FNH:0
DA:1,1
DA:2,1
DA:4,1
LF:3
LH:3
BRF:0
BRH:0
end_of_record
TN:
SF:src/complaints/entities/complaint.entity.ts
FN:25,(anonymous_2)
FN:29,(anonymous_3)
FNF:2
FNH:0
FNDA:0,(anonymous_2)
FNDA:0,(anonymous_3)
DA:1,2
DA:2,2
DA:3,2
DA:12,2
DA:14,2
DA:17,2
DA:20,2
DA:23,2
DA:25,0
DA:27,2
DA:29,0
DA:31,2
LF:12
LH:10
BRDA:27,0,0,2
BRDA:27,0,1,0
BRDA:27,1,0,2
BRDA:27,1,1,2
BRDA:31,2,0,2
BRDA:31,2,1,0
BRDA:31,3,0,2
BRDA:31,3,1,2
BRF:8
BRH:6
end_of_record
TN:
SF:src/config/db.config.ts
FN:4,getTypeOrmConfig
FNF:1
FNH:0
FNDA:0,getTypeOrmConfig
DA:3,0
DA:4,0
DA:7,0
LF:3
LH:0
BRF:0
BRH:0
end_of_record
TN:
SF:src/drivers/drivers.controller.ts
FN:16,(anonymous_4)
FN:19,(anonymous_5)
FN:24,(anonymous_6)
FN:29,(anonymous_7)
FN:34,(anonymous_8)
FN:39,(anonymous_9)
FN:44,(anonymous_10)
FNF:7
FNH:7
FNDA:6,(anonymous_4)
FNDA:1,(anonymous_5)
FNDA:1,(anonymous_6)
FNDA:1,(anonymous_7)
FNDA:1,(anonymous_8)
FNDA:1,(anonymous_9)
FNDA:1,(anonymous_10)
DA:1,1
DA:10,1
DA:11,1
DA:12,1
DA:15,1
DA:16,6
DA:19,1
DA:20,1
DA:24,1
DA:25,1
DA:29,1
DA:30,1
DA:34,1
DA:35,1
DA:39,1
DA:40,1
DA:44,1
DA:45,1
LF:18
LH:18
BRDA:19,0,0,1
BRDA:19,0,1,0
BRDA:19,1,0,1
BRDA:19,1,1,1
BRDA:39,2,0,1
BRDA:39,2,1,0
BRDA:39,3,0,1
BRDA:39,3,1,1
BRDA:16,4,0,1
BRDA:16,4,1,0
BRDA:16,5,0,1
BRDA:16,5,1,1
BRF:12
BRH:9
end_of_record
TN:
SF:src/drivers/drivers.module.ts
FNF:0
FNH:0
DA:1,0
DA:2,0
DA:3,0
DA:4,0
DA:5,0
DA:6,0
DA:13,0
LF:7
LH:0
BRF:0
BRH:0
end_of_record
TN:
SF:src/drivers/drivers.service.ts
FN:11,(anonymous_4)
FN:17,(anonymous_5)
FN:22,(anonymous_6)
FN:26,(anonymous_7)
FN:33,(anonymous_8)
FN:37,(anonymous_9)
FN:55,(anonymous_10)
FNF:7
FNH:7
FNDA:9,(anonymous_4)
FNDA:1,(anonymous_5)
FNDA:1,(anonymous_6)
FNDA:1,(anonymous_7)
FNDA:1,(anonymous_8)
FNDA:3,(anonymous_9)
FNDA:2,(anonymous_10)
DA:1,2
DA:4,2
DA:5,2
DA:6,2
DA:7,2
DA:10,2
DA:13,9
DA:15,9
DA:18,1
DA:19,1
DA:23,1
DA:27,1
DA:34,1
DA:38,3
DA:40,3
DA:42,2
DA:43,2
DA:45,2
DA:46,1
DA:52,2
DA:56,2
DA:58,2
LF:22
LH:22
BRDA:40,0,0,1
BRDA:40,0,1,2
BRDA:45,1,0,1
BRDA:45,1,1,1
BRDA:45,2,0,2
BRDA:45,2,1,1
BRDA:13,3,0,2
BRDA:13,3,1,0
BRDA:13,4,0,2
BRDA:13,4,1,2
BRDA:13,5,0,2
BRDA:13,5,1,0
BRDA:13,6,0,2
BRDA:13,6,1,2
BRF:14
BRH:12
end_of_record
TN:
SF:src/drivers/dto/create-driver.dto.ts
FNF:0
FNH:0
DA:1,1
LF:1
LH:1
BRF:0
BRH:0
end_of_record
TN:
SF:src/drivers/dto/update-driver.dto.ts
FNF:0
FNH:0
DA:1,1
DA:2,1
DA:4,1
LF:3
LH:3
BRF:0
BRH:0
end_of_record
TN:
SF:src/drivers/entities/driver.entity.ts
FN:30,(anonymous_2)
FN:34,(anonymous_3)
FNF:2
FNH:0
FNDA:0,(anonymous_2)
FNDA:0,(anonymous_3)
DA:1,9
DA:2,9
DA:3,9
DA:12,9
DA:14,9
DA:21,9
DA:28,9
DA:30,0
DA:32,9
DA:34,0
DA:36,9
LF:11
LH:9
BRDA:32,0,0,9
BRDA:32,0,1,0
BRDA:32,1,0,9
BRDA:32,1,1,9
BRDA:36,2,0,9
BRDA:36,2,1,0
BRDA:36,3,0,9
BRDA:36,3,1,9
BRF:8
BRH:6
end_of_record
TN:
SF:src/notifications/notifications.controller.ts
FN:6,(anonymous_4)
FN:9,(anonymous_5)
FN:14,(anonymous_6)
FN:27,(anonymous_7)
FN:39,(anonymous_8)
FN:53,(anonymous_9)
FNF:6
FNH:6
FNDA:5,(anonymous_4)
FNDA:1,(anonymous_5)
FNDA:1,(anonymous_6)
FNDA:1,(anonymous_7)
FNDA:1,(anonymous_8)
FNDA:1,(anonymous_9)
DA:1,1
DA:2,1
DA:5,1
DA:6,5
DA:9,1
DA:10,1
DA:14,1
DA:23,1
DA:27,1
DA:35,1
DA:39,1
DA:49,1
DA:53,1
DA:62,1
LF:14
LH:14
BRDA:6,0,0,1
BRDA:6,0,1,0
BRDA:6,1,0,1
BRDA:6,1,1,1
BRF:4
BRH:3
end_of_record
TN:
SF:src/notifications/notifications.module.ts
FNF:0
FNH:0
DA:1,0
DA:2,0
DA:3,0
DA:4,0
DA:5,0
DA:6,0
DA:7,0
DA:8,0
DA:9,0
DA:16,0
LF:10
LH:0
BRF:0
BRH:0
end_of_record
TN:
SF:src/notifications/notifications.service.ts
FN:16,(anonymous_4)
FN:24,(anonymous_5)
FN:31,(anonymous_6)
FN:40,(anonymous_7)
FN:63,(anonymous_8)
FN:115,(anonymous_9)
FN:147,(anonymous_10)
FNF:7
FNH:7
FNDA:14,(anonymous_4)
FNDA:3,(anonymous_5)
FNDA:2,(anonymous_6)
FNDA:4,(anonymous_7)
FNDA:3,(anonymous_8)
FNDA:3,(anonymous_9)
FNDA:2,(anonymous_10)
DA:1,2
DA:7,2
DA:8,2
DA:9,2
DA:11,2
DA:12,2
DA:15,2
DA:18,14
DA:20,14
DA:21,14
DA:25,3
DA:31,2
DA:32,2
DA:33,2
DA:34,1
DA:37,1
DA:40,2
DA:49,4
DA:50,4
DA:51,2
DA:52,2
DA:53,1
DA:55,3
DA:56,1
DA:58,2
DA:59,2
DA:60,2
DA:63,2
DA:71,3
DA:72,1
DA:74,2
DA:79,2
DA:81,2
DA:82,3
DA:83,3
DA:84,3
DA:85,1
DA:90,1
DA:93,2
DA:95,2
DA:98,2
DA:99,2
DA:101,2
DA:102,1
DA:104,1
DA:112,2
DA:115,2
DA:125,3
DA:126,3
DA:127,0
DA:128,0
DA:129,0
DA:131,3
DA:132,1
DA:135,2
DA:142,2
DA:143,2
DA:144,2
DA:147,2
DA:156,2
DA:157,1
DA:159,1
DA:164,1
DA:166,1
DA:167,1
DA:168,1
DA:169,1
DA:170,0
DA:175,0
DA:178,1
DA:180,1
DA:183,1
DA:185,1
DA:192,1
DA:194,1
DA:195,1
DA:197,0
DA:205,1
LF:78
LH:72
BRDA:33,0,0,1
BRDA:33,0,1,1
BRDA:50,1,0,2
BRDA:50,1,1,2
BRDA:50,2,0,4
BRDA:50,2,1,3
BRDA:52,3,0,1
BRDA:52,3,1,1
BRDA:55,4,0,1
BRDA:55,4,1,2
BRDA:71,5,0,1
BRDA:71,5,1,2
BRDA:71,6,0,3
BRDA:71,6,1,3
BRDA:84,7,0,1
BRDA:84,7,1,2
BRDA:84,8,0,3
BRDA:84,8,1,2
BRDA:95,9,0,2
BRDA:95,9,1,2
BRDA:95,9,2,2
BRDA:98,10,0,2
BRDA:98,10,1,0
BRDA:107,11,0,1
BRDA:107,11,1,0
BRDA:126,12,0,0
BRDA:126,12,1,3
BRDA:126,13,0,3
BRDA:126,13,1,1
BRDA:128,14,0,0
BRDA:128,14,1,0
BRDA:131,15,0,1
BRDA:131,15,1,2
BRDA:135,16,0,1
BRDA:135,16,1,1
BRDA:135,17,0,2
BRDA:135,17,1,1
BRDA:137,18,0,0
BRDA:137,18,1,1
BRDA:137,19,0,1
BRDA:137,19,1,1
BRDA:137,19,2,0
BRDA:137,19,3,0
BRDA:142,20,0,1
BRDA:142,20,1,1
BRDA:156,21,0,1
BRDA:156,21,1,1
BRDA:156,22,0,2
BRDA:156,22,1,2
BRDA:169,23,0,0
BRDA:169,23,1,1
BRDA:169,24,0,1
BRDA:169,24,1,1
BRDA:180,25,0,1
BRDA:180,25,1,1
BRDA:180,25,2,1
BRDA:185,26,0,0
BRDA:185,26,1,1
BRDA:185,27,0,1
BRDA:185,27,1,0
BRDA:187,28,0,0
BRDA:187,28,1,1
BRDA:187,29,0,1
BRDA:187,29,1,1
BRDA:187,29,2,0
BRDA:187,29,3,0
BRDA:192,30,0,0
BRDA:192,30,1,1
BRDA:200,31,0,0
BRDA:200,31,1,0
BRDA:18,32,0,2
BRDA:18,32,1,0
BRDA:18,33,0,2
BRDA:18,33,1,2
BRDA:18,34,0,2
BRDA:18,34,1,0
BRDA:18,35,0,2
BRDA:18,35,1,2
BRDA:20,36,0,2
BRDA:20,36,1,0
BRDA:20,37,0,2
BRDA:20,37,1,2
BRF:82
BRH:62
end_of_record
TN:
SF:src/notifications/telegram.service.ts
FN:13,(anonymous_4)
FN:22,(anonymous_5)
FN:23,(anonymous_6)
FN:46,(anonymous_7)
FN:67,(anonymous_8)
FN:68,(anonymous_9)
FN:71,(anonymous_10)
FNF:7
FNH:4
FNDA:1,(anonymous_4)
FNDA:1,(anonymous_5)
FNDA:0,(anonymous_6)
FNDA:0,(anonymous_7)
FNDA:1,(anonymous_8)
FNDA:0,(anonymous_9)
FNDA:1,(anonymous_10)
DA:1,3
DA:2,3
DA:3,3
DA:4,3
DA:6,3
DA:7,3
DA:10,3
DA:15,1
DA:16,1
DA:18,1
DA:19,1
DA:23,1
DA:24,0
DA:25,0
DA:26,0
DA:27,0
DA:28,0
DA:29,0
DA:30,0
DA:31,0
DA:34,0
DA:35,0
DA:37,0
DA:41,0
DA:46,1
DA:47,0
DA:48,0
DA:49,0
DA:50,0
DA:51,0
DA:52,0
DA:53,0
DA:55,0
DA:58,0
DA:60,0
DA:61,0
DA:65,1
DA:67,1
DA:68,0
DA:72,1
DA:73,1
DA:74,1
DA:77,1
DA:79,0
DA:83,0
LF:45
LH:19
BRDA:24,0,0,0
BRDA:24,0,1,0
BRDA:27,1,0,0
BRDA:27,1,1,0
BRDA:29,2,0,0
BRDA:29,2,1,0
BRDA:48,3,0,0
BRDA:48,3,1,0
BRDA:51,4,0,0
BRDA:51,4,1,0
BRDA:51,5,0,0
BRDA:51,5,1,0
BRDA:72,6,0,1
BRDA:72,6,1,0
BRDA:79,7,0,0
BRDA:79,7,1,0
BRDA:15,8,0,3
BRDA:15,8,1,0
BRDA:15,9,0,3
BRDA:15,9,1,3
BRDA:15,10,0,3
BRDA:15,10,1,0
BRDA:15,11,0,3
BRDA:15,11,1,3
BRF:24
BRH:7
end_of_record
TN:
SF:src/notifications/dto/create-notification.dto.ts
FNF:0
FNH:0
DA:1,0
LF:1
LH:0
BRF:0
BRH:0
end_of_record
TN:
SF:src/notifications/dto/update-notification.dto.ts
FNF:0
FNH:0
DA:1,0
DA:2,0
DA:4,0
LF:3
LH:0
BRF:0
BRH:0
end_of_record
TN:
SF:src/notifications/entities/notification.entity.ts
FNF:0
FNH:0
DA:1,0
LF:1
LH:0
BRF:0
BRH:0
end_of_record
TN:
SF:src/polyfills/crypto.ts
FNF:0
FNH:0
DA:3,0
DA:6,0
LF:2
LH:0
BRDA:3,0,0,0
BRDA:3,0,1,0
BRF:2
BRH:0
end_of_record
TN:
SF:src/routes/routes.controller.ts
FN:16,(anonymous_4)
FN:19,(anonymous_5)
FN:25,(anonymous_6)
FN:30,(anonymous_7)
FN:35,(anonymous_8)
FN:40,(anonymous_9)
FNF:6
FNH:6
FNDA:5,(anonymous_4)
FNDA:1,(anonymous_5)
FNDA:1,(anonymous_6)
FNDA:1,(anonymous_7)
FNDA:1,(anonymous_8)
FNDA:1,(anonymous_9)
DA:1,1
DA:10,1
DA:11,1
DA:12,1
DA:15,1
DA:16,5
DA:19,1
DA:20,1
DA:21,1
DA:25,1
DA:26,1
DA:30,1
DA:31,1
DA:35,1
DA:36,1
DA:40,1
DA:41,1
LF:17
LH:17
BRDA:19,0,0,1
BRDA:19,0,1,0
BRDA:19,1,0,1
BRDA:19,1,1,1
BRDA:35,2,0,1
BRDA:35,2,1,0
BRDA:35,3,0,1
BRDA:35,3,1,1
BRDA:16,4,0,1
BRDA:16,4,1,0
BRDA:16,5,0,1
BRDA:16,5,1,1
BRF:12
BRH:9
end_of_record
TN:
SF:src/routes/routes.module.ts
FNF:0
FNH:0
DA:1,0
DA:2,0
DA:3,0
DA:4,0
DA:5,0
DA:12,0
LF:6
LH:0
BRF:0
BRH:0
end_of_record
TN:
SF:src/routes/routes.service.ts
FN:10,(anonymous_4)
FN:14,(anonymous_5)
FN:19,(anonymous_6)
FN:23,(anonymous_7)
FN:27,(anonymous_8)
FN:37,(anonymous_9)
FNF:6
FNH:6
FNDA:7,(anonymous_4)
FNDA:1,(anonymous_5)
FNDA:1,(anonymous_6)
FNDA:1,(anonymous_7)
FNDA:2,(anonymous_8)
FNDA:2,(anonymous_9)
DA:1,2
DA:4,2
DA:5,2
DA:6,2
DA:9,2
DA:12,7
DA:15,1
DA:16,1
DA:20,1
DA:24,1
DA:28,2
DA:30,2
DA:32,1
DA:34,1
DA:38,2
DA:39,2
LF:16
LH:16
BRDA:30,0,0,1
BRDA:30,0,1,1
BRDA:12,1,0,2
BRDA:12,1,1,0
BRDA:12,2,0,2
BRDA:12,2,1,2
BRF:6
BRH:5
end_of_record
TN:
SF:src/routes/dto/create-route.dto.ts
FNF:0
FNH:0
DA:1,1
LF:1
LH:1
BRF:0
BRH:0
end_of_record
TN:
SF:src/routes/dto/update-route.dto.ts
FNF:0
FNH:0
DA:1,1
DA:2,1
DA:4,1
LF:3
LH:3
BRF:0
BRH:0
end_of_record
TN:
SF:src/routes/entities/route.entity.ts
FN:27,(anonymous_2)
FN:27,(anonymous_3)
FNF:2
FNH:0
FNDA:0,(anonymous_2)
FNDA:0,(anonymous_3)
DA:1,27
DA:2,27
DA:5,27
DA:7,27
DA:10,27
DA:13,27
DA:16,27
DA:19,27
DA:22,27
DA:25,27
DA:27,0
DA:28,27
LF:12
LH:11
BRF:0
BRH:0
end_of_record
TN:
SF:src/schedules/schedules.controller.ts
FN:16,(anonymous_4)
FN:19,(anonymous_5)
FN:24,(anonymous_6)
FN:29,(anonymous_7)
FN:34,(anonymous_8)
FN:42,(anonymous_9)
FNF:6
FNH:6
FNDA:5,(anonymous_4)
FNDA:1,(anonymous_5)
FNDA:1,(anonymous_6)
FNDA:1,(anonymous_7)
FNDA:1,(anonymous_8)
FNDA:1,(anonymous_9)
DA:1,1
DA:10,1
DA:11,1
DA:12,1
DA:15,1
DA:16,5
DA:19,1
DA:20,1
DA:24,1
DA:25,1
DA:29,1
DA:30,1
DA:34,1
DA:38,1
DA:42,1
DA:43,1
LF:16
LH:16
BRDA:19,0,0,1
BRDA:19,0,1,0
BRDA:19,1,0,1
BRDA:19,1,1,1
BRDA:36,2,0,1
BRDA:36,2,1,0
BRDA:36,3,0,1
BRDA:36,3,1,1
BRDA:16,4,0,1
BRDA:16,4,1,0
BRDA:16,5,0,1
BRDA:16,5,1,1
BRF:12
BRH:9
end_of_record
TN:
SF:src/schedules/schedules.module.ts
FNF:0
FNH:0
DA:1,0
DA:2,0
DA:3,0
DA:4,0
DA:5,0
DA:6,0
DA:7,0
DA:14,0
LF:8
LH:0
BRF:0
BRH:0
end_of_record
TN:
SF:src/schedules/schedules.service.ts
FN:13,(anonymous_4)
FN:22,(anonymous_5)
FN:39,(anonymous_6)
FN:43,(anonymous_7)
FN:47,(anonymous_8)
FN:77,(anonymous_9)
FN:104,(anonymous_10)
FN:109,(anonymous_11)
FNF:8
FNH:8
FNDA:12,(anonymous_4)
FNDA:3,(anonymous_5)
FNDA:1,(anonymous_6)
FNDA:3,(anonymous_7)
FNDA:8,(anonymous_8)
FNDA:4,(anonymous_9)
FNDA:1,(anonymous_10)
FNDA:1,(anonymous_11)
DA:1,2
DA:4,2
DA:5,2
DA:6,2
DA:7,2
DA:8,2
DA:12,2
DA:15,12
DA:17,12
DA:19,12
DA:23,3
DA:24,3
DA:25,1
DA:28,2
DA:29,2
DA:30,1
DA:32,1
DA:40,1
DA:44,3
DA:50,8
DA:51,8
DA:52,8
DA:53,2
DA:60,6
DA:61,1
DA:62,1
DA:65,1
DA:66,1
DA:74,5
DA:81,4
DA:82,4
DA:83,1
DA:86,3
DA:87,3
DA:89,2
DA:91,2
DA:92,1
DA:94,1
DA:96,1
DA:105,1
DA:106,1
DA:110,1
DA:113,1
LF:43
LH:43
BRDA:24,0,0,1
BRDA:24,0,1,2
BRDA:50,1,0,8
BRDA:50,1,1,0
BRDA:52,2,0,2
BRDA:52,2,1,6
BRDA:60,3,0,1
BRDA:60,3,1,5
BRDA:65,4,0,1
BRDA:65,4,1,0
BRDA:82,5,0,1
BRDA:82,5,1,3
BRDA:91,6,0,1
BRDA:91,6,1,1
BRDA:15,7,0,2
BRDA:15,7,1,0
BRDA:15,8,0,2
BRDA:15,8,1,2
BRDA:15,9,0,2
BRDA:15,9,1,0
BRDA:15,10,0,2
BRDA:15,10,1,2
BRDA:17,11,0,2
BRDA:17,11,1,0
BRDA:17,12,0,2
BRDA:17,12,1,2
BRF:26
BRH:21
end_of_record
TN:
SF:src/schedules/dto/create-schedule.dto.ts
FNF:0
FNH:0
DA:1,1
LF:1
LH:1
BRF:0
BRH:0
end_of_record
TN:
SF:src/schedules/dto/update-schedule.dto.ts
FNF:0
FNH:0
DA:1,1
DA:2,1
DA:4,1
LF:3
LH:3
BRF:0
BRH:0
end_of_record
TN:
SF:src/schedules/entities/schedule.entity.ts
FN:26,(anonymous_2)
FN:26,(anonymous_3)
FN:30,(anonymous_4)
FN:30,(anonymous_5)
FNF:4
FNH:0
FNDA:0,(anonymous_2)
FNDA:0,(anonymous_3)
FNDA:0,(anonymous_4)
FNDA:0,(anonymous_5)
DA:1,27
DA:9,27
DA:10,27
DA:13,27
DA:15,27
DA:18,27
DA:21,27
DA:24,27
DA:26,0
DA:28,27
DA:30,0
DA:31,27
LF:12
LH:10
BRDA:21,0,0,27
BRDA:21,0,1,0
BRDA:21,1,0,27
BRDA:21,1,1,27
BRDA:24,2,0,27
BRDA:24,2,1,0
BRDA:24,3,0,27
BRDA:24,3,1,27
BRDA:28,4,0,25
BRDA:28,4,1,2
BRDA:28,5,0,27
BRDA:28,5,1,25
BRF:12
BRH:10
end_of_record
TN:
SF:src/seat-reservations/seat-reservations.controller.ts
FN:15,(anonymous_4)
FN:20,(anonymous_5)
FN:25,(anonymous_6)
FN:36,(anonymous_7)
FN:41,(anonymous_8)
FN:49,(anonymous_9)
FN:60,(anonymous_10)
FNF:7
FNH:7
FNDA:7,(anonymous_4)
FNDA:1,(anonymous_5)
FNDA:2,(anonymous_6)
FNDA:1,(anonymous_7)
FNDA:1,(anonymous_8)
FNDA:1,(anonymous_9)
FNDA:1,(anonymous_10)
DA:1,1
DA:10,1
DA:11,1
DA:14,1
DA:16,7
DA:20,1
DA:21,1
DA:25,1
DA:29,2
DA:36,1
DA:37,1
DA:41,1
DA:45,1
DA:49,1
DA:53,1
DA:60,1
DA:68,1
LF:17
LH:17
BRDA:31,0,0,1
BRDA:31,0,1,1
BRDA:36,1,0,1
BRDA:36,1,1,0
BRDA:36,2,0,1
BRDA:36,2,1,1
BRDA:16,3,0,1
BRDA:16,3,1,0
BRDA:16,4,0,1
BRDA:16,4,1,1
BRF:10
BRH:8
end_of_record
TN:
SF:src/seat-reservations/seat-reservations.module.ts
FNF:0
FNH:0
DA:1,0
DA:2,0
DA:3,0
DA:4,0
DA:5,0
DA:6,0
DA:7,0
DA:8,0
DA:9,0
DA:25,0
LF:10
LH:0
BRF:0
BRH:0
end_of_record
TN:
SF:src/seat-reservations/seat-reservations.service.ts
FN:13,(anonymous_4)
FN:24,(anonymous_5)
FN:50,(anonymous_6)
FN:59,(anonymous_7)
FN:61,(anonymous_8)
FN:64,(anonymous_9)
FN:86,(anonymous_10)
FN:94,(anonymous_11)
FN:120,(anonymous_12)
FN:200,(anonymous_13)
FN:213,(anonymous_14)
FN:222,(anonymous_15)
FN:237,(anonymous_16)
FN:312,(anonymous_17)
FN:336,(anonymous_18)
FN:350,(anonymous_19)
FN:360,(anonymous_20)
FNF:17
FNH:14
FNDA:15,(anonymous_4)
FNDA:3,(anonymous_5)
FNDA:1,(anonymous_6)
FNDA:0,(anonymous_7)
FNDA:5,(anonymous_8)
FNDA:0,(anonymous_9)
FNDA:1,(anonymous_10)
FNDA:3,(anonymous_11)
FNDA:3,(anonymous_12)
FNDA:4,(anonymous_13)
FNDA:1,(anonymous_14)
FNDA:2,(anonymous_15)
FNDA:1,(anonymous_16)
FNDA:1,(anonymous_17)
FNDA:1,(anonymous_18)
FNDA:1,(anonymous_19)
FNDA:0,(anonymous_20)
DA:1,2
DA:3,2
DA:4,2
DA:5,2
DA:6,2
DA:7,2
DA:8,2
DA:9,2
DA:12,2
DA:15,15
DA:17,15
DA:19,15
DA:21,15
DA:25,3
DA:29,3
DA:31,2
DA:32,2
DA:34,2
DA:36,2
DA:41,2
DA:50,2
DA:52,2
DA:59,2
DA:61,2
DA:62,5
DA:63,5
DA:64,0
DA:66,5
DA:77,2
DA:86,1
DA:98,3
DA:108,3
DA:117,3
DA:123,3
DA:125,3
DA:130,3
DA:134,3
DA:135,1
DA:138,2
DA:142,2
DA:144,1
DA:145,1
DA:146,1
DA:149,0
DA:163,0
DA:164,0
DA:167,0
DA:175,0
DA:176,0
DA:177,0
DA:179,0
DA:182,0
DA:184,0
DA:197,0
DA:201,4
DA:204,4
DA:205,3
DA:206,2
DA:207,1
DA:209,1
DA:210,1
DA:214,1
DA:219,1
DA:227,2
DA:229,2
DA:237,2
DA:239,2
DA:240,1
DA:243,1
DA:253,1
DA:254,0
DA:257,1
DA:258,1
DA:272,1
DA:273,0
DA:274,0
DA:277,1
DA:286,1
DA:287,1
DA:289,0
DA:296,0
DA:299,1
DA:305,1
DA:307,1
DA:308,1
DA:311,1
DA:312,1
DA:315,1
DA:329,1
DA:333,1
DA:337,1
DA:339,1
DA:344,1
DA:345,1
DA:347,1
DA:351,1
DA:352,1
DA:356,1
DA:360,2
DA:361,0
LF:100
LH:82
BRDA:29,0,0,1
BRDA:29,0,1,2
BRDA:32,1,0,2
BRDA:32,1,1,0
BRDA:68,2,0,1
BRDA:68,2,1,4
BRDA:70,3,0,0
BRDA:70,3,1,4
BRDA:73,4,0,5
BRDA:73,4,1,5
BRDA:134,5,0,1
BRDA:134,5,1,2
BRDA:142,6,0,1
BRDA:142,6,1,1
BRDA:145,7,0,1
BRDA:145,7,1,0
BRDA:145,8,0,1
BRDA:145,8,1,1
BRDA:163,9,0,0
BRDA:163,9,1,0
BRDA:175,10,0,0
BRDA:175,10,1,0
BRDA:176,11,0,0
BRDA:176,11,1,0
BRDA:190,12,0,0
BRDA:190,12,1,0
BRDA:191,13,0,0
BRDA:191,13,1,0
BRDA:192,14,0,0
BRDA:192,14,1,0
BRDA:194,15,0,0
BRDA:194,15,1,0
BRDA:194,15,2,0
BRDA:204,16,0,1
BRDA:204,16,1,3
BRDA:205,17,0,1
BRDA:205,17,1,2
BRDA:206,18,0,1
BRDA:206,18,1,1
BRDA:239,19,0,1
BRDA:239,19,1,1
BRDA:253,20,0,0
BRDA:253,20,1,1
BRDA:272,21,0,0
BRDA:272,21,1,1
BRDA:286,22,0,1
BRDA:286,22,1,0
BRDA:303,23,0,0
BRDA:303,23,1,1
BRDA:303,24,0,1
BRDA:303,24,1,0
BRDA:345,25,0,0
BRDA:345,25,1,1
BRDA:356,26,0,1
BRDA:356,26,1,0
BRDA:15,27,0,2
BRDA:15,27,1,0
BRDA:15,28,0,2
BRDA:15,28,1,2
BRDA:15,29,0,2
BRDA:15,29,1,0
BRDA:15,30,0,2
BRDA:15,30,1,2
BRDA:17,31,0,2
BRDA:17,31,1,0
BRDA:17,32,0,2
BRDA:17,32,1,2
BRDA:19,33,0,2
BRDA:19,33,1,0
BRDA:19,34,0,2
BRDA:19,34,1,2
BRF:71
BRH:42
end_of_record
TN:
SF:src/seat-reservations/dto/confirm-reservation.dto.ts
FNF:0
FNH:0
DA:1,0
LF:1
LH:0
BRF:0
BRH:0
end_of_record
TN:
SF:src/seat-reservations/dto/create-seat-reservation.dto.ts
FNF:0
FNH:0
DA:1,1
LF:1
LH:1
BRF:0
BRH:0
end_of_record
TN:
SF:src/seat-reservations/dto/update-seat-reservation.dto.ts
FNF:0
FNH:0
DA:1,0
DA:2,0
DA:4,0
LF:3
LH:0
BRF:0
BRH:0
end_of_record
TN:
SF:src/seat-reservations/entities/seat-reservation.entity.ts
FN:48,(anonymous_2)
FN:48,(anonymous_3)
FN:52,(anonymous_4)
FN:52,(anonymous_5)
FNF:4
FNH:0
FNDA:0,(anonymous_2)
FNDA:0,(anonymous_3)
FNDA:0,(anonymous_4)
FNDA:0,(anonymous_5)
DA:1,9
DA:9,9
DA:10,9
DA:13,9
DA:15,9
DA:18,9
DA:21,9
DA:24,9
DA:27,9
DA:30,9
DA:33,9
DA:40,9
DA:43,9
DA:46,9
DA:48,0
DA:50,9
DA:52,0
DA:54,9
LF:18
LH:16
BRDA:43,0,0,9
BRDA:43,0,1,0
BRDA:43,1,0,9
BRDA:43,1,1,9
BRDA:46,2,0,9
BRDA:46,2,1,0
BRDA:46,3,0,9
BRDA:46,3,1,9
BRDA:50,4,0,9
BRDA:50,4,1,0
BRDA:50,5,0,9
BRDA:50,5,1,9
BRDA:54,6,0,9
BRDA:54,6,1,0
BRDA:54,7,0,9
BRDA:54,7,1,9
BRF:16
BRH:12
end_of_record
TN:
SF:src/socket/app.gateway.ts
FN:30,(anonymous_4)
FN:35,(anonymous_5)
FN:39,(anonymous_6)
FN:48,(anonymous_7)
FN:58,(anonymous_8)
FN:69,(anonymous_9)
FN:77,(anonymous_10)
FN:89,(anonymous_11)
FN:95,(anonymous_12)
FN:106,(anonymous_13)
FN:114,(anonymous_14)
FN:122,(anonymous_15)
FN:133,(anonymous_16)
FN:143,(anonymous_17)
FN:159,(anonymous_18)
FN:178,(anonymous_19)
FN:19,(anonymous_20)
FNF:17
FNH:14
FNDA:10,(anonymous_4)
FNDA:1,(anonymous_5)
FNDA:1,(anonymous_6)
FNDA:1,(anonymous_7)
FNDA:1,(anonymous_8)
FNDA:1,(anonymous_9)
FNDA:1,(anonymous_10)
FNDA:1,(anonymous_11)
FNDA:1,(anonymous_12)
FNDA:1,(anonymous_13)
FNDA:0,(anonymous_14)
FNDA:0,(anonymous_15)
FNDA:1,(anonymous_16)
FNDA:2,(anonymous_17)
FNDA:2,(anonymous_18)
FNDA:2,(anonymous_19)
FNDA:0,(anonymous_20)
DA:1,1
DA:10,1
DA:11,1
DA:12,1
DA:13,1
DA:14,1
DA:19,0
DA:24,1
DA:26,1
DA:28,10
DA:31,10
DA:32,10
DA:36,1
DA:40,1
DA:41,1
DA:42,1
DA:43,1
DA:44,1
DA:45,1
DA:49,1
DA:50,1
DA:51,1
DA:52,1
DA:53,1
DA:58,1
DA:62,1
DA:63,1
DA:64,1
DA:65,1
DA:69,1
DA:72,1
DA:73,1
DA:77,1
DA:78,1
DA:79,1
DA:89,1
DA:90,1
DA:91,1
DA:95,1
DA:96,1
DA:97,1
DA:98,1
DA:106,1
DA:107,1
DA:114,1
DA:115,0
DA:122,1
DA:126,0
DA:133,1
DA:137,1
DA:144,2
DA:145,2
DA:148,2
DA:152,1
DA:153,1
DA:154,1
DA:156,1
DA:159,1
DA:160,2
DA:161,1
DA:168,1
DA:171,0
DA:174,0
DA:179,2
DA:180,2
LF:65
LH:60
BRDA:50,0,0,1
BRDA:50,0,1,0
BRDA:64,1,0,1
BRDA:64,1,1,0
BRDA:146,2,0,2
BRDA:146,2,1,1
BRDA:148,3,0,1
BRDA:148,3,1,1
BRDA:148,3,2,1
BRDA:148,3,3,1
BRDA:148,3,4,0
BRDA:153,4,0,1
BRDA:153,4,1,0
BRDA:160,5,0,1
BRDA:160,5,1,1
BRDA:160,6,0,2
BRDA:160,6,1,1
BRDA:26,7,0,1
BRDA:26,7,1,0
BRDA:26,8,0,1
BRDA:26,8,1,1
BRDA:70,9,0,1
BRDA:70,9,1,0
BRDA:70,10,0,1
BRDA:70,10,1,1
BRDA:77,11,0,1
BRDA:77,11,1,0
BRDA:77,12,0,1
BRDA:77,12,1,1
BRDA:95,13,0,1
BRDA:95,13,1,0
BRDA:95,14,0,1
BRDA:95,14,1,1
BRDA:106,15,0,1
BRDA:106,15,1,0
BRDA:106,16,0,1
BRDA:106,16,1,1
BRDA:114,17,0,1
BRDA:114,17,1,0
BRDA:114,18,0,1
BRDA:114,18,1,1
BRDA:124,19,0,1
BRDA:124,19,1,0
BRDA:124,20,0,1
BRDA:124,20,1,1
BRDA:135,21,0,1
BRDA:135,21,1,0
BRDA:135,22,0,1
BRDA:135,22,1,1
BRDA:18,23,0,0
BRDA:18,23,1,1
BRDA:31,24,0,1
BRDA:31,24,1,0
BRDA:31,25,0,1
BRDA:31,25,1,1
BRDA:31,26,0,1
BRDA:31,26,1,0
BRDA:31,27,0,1
BRDA:31,27,1,1
BRF:59
BRH:44
end_of_record
TN:
SF:src/socket/socket.module.ts
FNF:0
FNH:0
DA:1,0
DA:2,0
DA:3,0
DA:4,0
DA:11,0
LF:5
LH:0
BRF:0
BRH:0
end_of_record
TN:
SF:src/tickets/tickets.controller.ts
FN:17,(anonymous_4)
FN:20,(anonymous_5)
FN:25,(anonymous_6)
FN:30,(anonymous_7)
FN:35,(anonymous_8)
FN:40,(anonymous_9)
FN:45,(anonymous_10)
FN:50,(anonymous_11)
FNF:8
FNH:8
FNDA:7,(anonymous_4)
FNDA:1,(anonymous_5)
FNDA:1,(anonymous_6)
FNDA:1,(anonymous_7)
FNDA:1,(anonymous_8)
FNDA:1,(anonymous_9)
FNDA:1,(anonymous_10)
FNDA:1,(anonymous_11)
DA:1,1
DA:10,1
DA:11,1
DA:12,1
DA:13,1
DA:16,1
DA:17,7
DA:20,1
DA:21,1
DA:25,1
DA:26,1
DA:30,1
DA:31,1
DA:35,1
DA:36,1
DA:40,1
DA:41,1
DA:45,1
DA:46,1
DA:50,1
DA:51,1
LF:21
LH:21
BRDA:20,0,0,1
BRDA:20,0,1,0
BRDA:20,1,0,1
BRDA:20,1,1,1
BRDA:40,2,0,1
BRDA:40,2,1,0
BRDA:40,3,0,1
BRDA:40,3,1,1
BRDA:45,4,0,1
BRDA:45,4,1,0
BRDA:45,5,0,1
BRDA:45,5,1,1
BRDA:17,6,0,1
BRDA:17,6,1,0
BRDA:17,7,0,1
BRDA:17,7,1,1
BRF:16
BRH:12
end_of_record
TN:
SF:src/tickets/tickets.module.ts
FNF:0
FNH:0
DA:1,0
DA:2,0
DA:3,0
DA:4,0
DA:5,0
DA:6,0
DA:7,0
DA:8,0
DA:9,0
DA:10,0
DA:17,0
LF:11
LH:0
BRF:0
BRH:0
end_of_record
TN:
SF:src/tickets/tickets.service.ts
FN:16,(anonymous_4)
FN:28,(anonymous_5)
FN:48,(anonymous_6)
FN:68,(anonymous_7)
FN:72,(anonymous_8)
FN:76,(anonymous_9)
FN:80,(anonymous_10)
FN:90,(anonymous_11)
FN:134,(anonymous_12)
FNF:9
FNH:9
FNDA:12,(anonymous_4)
FNDA:4,(anonymous_5)
FNDA:4,(anonymous_6)
FNDA:1,(anonymous_7)
FNDA:1,(anonymous_8)
FNDA:1,(anonymous_9)
FNDA:2,(anonymous_10)
FNDA:2,(anonymous_11)
FNDA:1,(anonymous_12)
DA:1,2
DA:4,2
DA:5,2
DA:6,2
DA:7,2
DA:8,2
DA:9,2
DA:11,2
DA:15,2
DA:18,12
DA:20,12
DA:22,12
DA:24,12
DA:26,12
DA:29,4
DA:33,4
DA:35,3
DA:39,3
DA:41,2
DA:45,2
DA:46,1
DA:48,4
DA:50,1
DA:52,1
DA:54,1
DA:56,1
DA:57,0
DA:61,1
DA:65,1
DA:69,1
DA:73,1
DA:77,1
DA:81,2
DA:82,2
DA:84,1
DA:86,1
DA:87,1
DA:91,2
DA:95,2
DA:97,1
DA:101,1
DA:103,1
DA:105,1
DA:108,1
DA:111,1
DA:112,1
DA:116,2
DA:120,1
DA:126,1
DA:130,1
DA:131,1
DA:135,1
LF:52
LH:51
BRDA:33,0,0,1
BRDA:33,0,1,3
BRDA:39,1,0,1
BRDA:39,1,1,2
BRDA:45,2,0,1
BRDA:45,2,1,1
BRDA:45,3,0,2
BRDA:45,3,1,2
BRDA:45,3,2,2
BRDA:56,4,0,0
BRDA:56,4,1,1
BRDA:82,5,0,1
BRDA:82,5,1,1
BRDA:84,6,0,1
BRDA:84,6,1,0
BRDA:95,7,0,1
BRDA:95,7,1,1
BRDA:101,8,0,0
BRDA:101,8,1,1
BRDA:105,9,0,0
BRDA:105,9,1,1
BRDA:113,10,0,3
BRDA:113,10,1,2
BRDA:18,11,0,2
BRDA:18,11,1,0
BRDA:18,12,0,2
BRDA:18,12,1,2
BRDA:18,13,0,2
BRDA:18,13,1,0
BRDA:18,14,0,2
BRDA:18,14,1,2
BRDA:20,15,0,2
BRDA:20,15,1,0
BRDA:20,16,0,2
BRDA:20,16,1,2
BRDA:22,17,0,2
BRDA:22,17,1,0
BRDA:22,18,0,2
BRDA:22,18,1,2
BRDA:24,19,0,2
BRDA:24,19,1,0
BRDA:24,20,0,2
BRDA:24,20,1,2
BRF:43
BRH:34
end_of_record
TN:
SF:src/tickets/dto/cansel-ticket.dto.ts
FNF:0
FNH:0
DA:1,1
DA:2,1
DA:4,1
LF:3
LH:3
BRF:0
BRH:0
end_of_record
TN:
SF:src/tickets/dto/create-ticket.dto.ts
FNF:0
FNH:0
DA:1,1
LF:1
LH:1
BRF:0
BRH:0
end_of_record
TN:
SF:src/tickets/dto/update-ticket.dto.ts
FNF:0
FNH:0
DA:1,1
DA:2,1
DA:4,1
LF:3
LH:3
BRF:0
BRH:0
end_of_record
TN:
SF:src/tickets/entities/ticket.entity.ts
FN:42,(anonymous_2)
FN:42,(anonymous_3)
FNF:2
FNH:0
FNDA:0,(anonymous_2)
FNDA:0,(anonymous_3)
DA:1,21
DA:2,21
DA:11,21
DA:13,21
DA:19,21
DA:25,21
DA:32,21
DA:40,21
DA:42,0
DA:44,21
LF:10
LH:9
BRDA:44,0,0,2
BRDA:44,0,1,19
BRDA:44,1,0,21
BRDA:44,1,1,2
BRF:4
BRH:4
end_of_record
TN:
SF:src/urgentcalls/urgentcalls.controller.ts
FN:16,(anonymous_4)
FN:19,(anonymous_5)
FN:24,(anonymous_6)
FN:29,(anonymous_7)
FN:34,(anonymous_8)
FN:42,(anonymous_9)
FNF:6
FNH:6
FNDA:5,(anonymous_4)
FNDA:1,(anonymous_5)
FNDA:1,(anonymous_6)
FNDA:1,(anonymous_7)
FNDA:1,(anonymous_8)
FNDA:1,(anonymous_9)
DA:1,1
DA:10,1
DA:11,1
DA:12,1
DA:15,1
DA:16,5
DA:19,1
DA:20,1
DA:24,1
DA:25,1
DA:29,1
DA:30,1
DA:34,1
DA:38,1
DA:42,1
DA:43,1
LF:16
LH:16
BRDA:19,0,0,1
BRDA:19,0,1,0
BRDA:19,1,0,1
BRDA:19,1,1,1
BRDA:36,2,0,1
BRDA:36,2,1,0
BRDA:36,3,0,1
BRDA:36,3,1,1
BRDA:16,4,0,1
BRDA:16,4,1,0
BRDA:16,5,0,1
BRDA:16,5,1,1
BRF:12
BRH:9
end_of_record
TN:
SF:src/urgentcalls/urgentcalls.module.ts
FNF:0
FNH:0
DA:1,0
DA:2,0
DA:3,0
DA:4,0
DA:5,0
DA:6,0
DA:13,0
LF:7
LH:0
BRF:0
BRH:0
end_of_record
TN:
SF:src/urgentcalls/urgentcalls.service.ts
FN:12,(anonymous_4)
FN:19,(anonymous_5)
FN:52,(anonymous_6)
FN:56,(anonymous_7)
FN:60,(anonymous_8)
FN:70,(anonymous_9)
FNF:6
FNH:6
FNDA:11,(anonymous_4)
FNDA:5,(anonymous_5)
FNDA:1,(anonymous_6)
FNDA:1,(anonymous_7)
FNDA:2,(anonymous_8)
FNDA:2,(anonymous_9)
DA:1,2
DA:4,2
DA:5,2
DA:6,2
DA:7,2
DA:11,2
DA:14,11
DA:16,11
DA:22,5
DA:23,5
DA:24,1
DA:26,4
DA:27,1
DA:30,3
DA:33,3
DA:34,1
DA:38,2
DA:39,2
DA:40,1
DA:41,1
DA:43,1
DA:44,1
DA:45,1
DA:53,1
DA:57,1
DA:61,2
DA:62,2
DA:63,1
DA:66,1
DA:67,1
DA:71,2
DA:72,2
LF:32
LH:32
BRDA:23,0,0,1
BRDA:23,0,1,4
BRDA:26,1,0,1
BRDA:26,1,1,3
BRDA:33,2,0,1
BRDA:33,2,1,2
BRDA:44,3,0,1
BRDA:44,3,1,0
BRDA:62,4,0,1
BRDA:62,4,1,1
BRDA:14,5,0,2
BRDA:14,5,1,0
BRDA:14,6,0,2
BRDA:14,6,1,2
BRDA:14,7,0,2
BRDA:14,7,1,0
BRDA:14,8,0,2
BRDA:14,8,1,2
BRF:18
BRH:15
end_of_record
TN:
SF:src/urgentcalls/dto/create-urgentcall.dto.ts
FNF:0
FNH:0
DA:1,1
LF:1
LH:1
BRF:0
BRH:0
end_of_record
TN:
SF:src/urgentcalls/dto/update-urgentcall.dto.ts
FNF:0
FNH:0
DA:1,1
DA:2,1
DA:4,1
LF:3
LH:3
BRF:0
BRH:0
end_of_record
TN:
SF:src/urgentcalls/entities/urgentcall.entity.ts
FN:31,(anonymous_2)
FN:35,(anonymous_3)
FNF:2
FNH:0
FNDA:0,(anonymous_2)
FNDA:0,(anonymous_3)
DA:1,5
DA:2,5
DA:3,5
DA:12,5
DA:14,5
DA:17,5
DA:20,5
DA:23,5
DA:26,5
DA:29,5
DA:31,0
DA:33,5
DA:35,0
DA:37,5
LF:14
LH:12
BRDA:33,0,0,5
BRDA:33,0,1,0
BRDA:33,1,0,5
BRDA:33,1,1,5
BRDA:37,2,0,5
BRDA:37,2,1,0
BRDA:37,3,0,5
BRDA:37,3,1,5
BRF:8
BRH:6
end_of_record
TN:
SF:src/users/jwt.service.ts
FN:10,(anonymous_13)
FN:15,(anonymous_14)
FN:21,(anonymous_15)
FN:27,(anonymous_16)
FN:54,(anonymous_17)
FN:64,(anonymous_18)
FN:71,(anonymous_19)
FNF:7
FNH:7
FNDA:11,(anonymous_13)
FNDA:8,(anonymous_14)
FNDA:6,(anonymous_15)
FNDA:3,(anonymous_16)
FNDA:6,(anonymous_17)
FNDA:1,(anonymous_18)
FNDA:3,(anonymous_19)
DA:1,4
DA:3,4
DA:4,4
DA:5,4
DA:6,4
DA:9,4
DA:12,11
DA:15,11
DA:16,8
DA:17,8
DA:18,6
DA:21,11
DA:22,6
DA:23,6
DA:24,5
DA:27,11
DA:30,3
DA:31,3
DA:32,2
DA:42,2
DA:44,1
DA:45,1
DA:46,1
DA:48,0
DA:49,0
DA:54,11
DA:55,6
DA:64,11
DA:65,1
DA:71,11
DA:72,3
DA:75,3
DA:76,1
DA:79,2
DA:80,2
DA:81,2
DA:83,1
DA:84,1
DA:87,1
DA:88,1
LF:40
LH:38
BRDA:17,0,0,2
BRDA:17,0,1,6
BRDA:23,1,0,1
BRDA:23,1,1,5
BRDA:44,2,0,1
BRDA:44,2,1,0
BRDA:75,3,0,1
BRDA:75,3,1,2
BRDA:12,4,0,4
BRDA:12,4,1,0
BRDA:12,5,0,4
BRDA:12,5,1,4
BRF:12
BRH:10
end_of_record
TN:
SF:src/users/users.controller.ts
FN:19,(anonymous_4)
FN:25,(anonymous_5)
FN:30,(anonymous_6)
FN:41,(anonymous_7)
FN:56,(anonymous_8)
FN:71,(anonymous_9)
FN:82,(anonymous_10)
FN:87,(anonymous_11)
FN:92,(anonymous_12)
FN:97,(anonymous_13)
FN:102,(anonymous_14)
FN:107,(anonymous_15)
FNF:12
FNH:12
FNDA:15,(anonymous_4)
FNDA:1,(anonymous_5)
FNDA:2,(anonymous_6)
FNDA:2,(anonymous_7)
FNDA:2,(anonymous_8)
FNDA:2,(anonymous_9)
FNDA:1,(anonymous_10)
FNDA:1,(anonymous_11)
FNDA:1,(anonymous_12)
FNDA:1,(anonymous_13)
FNDA:1,(anonymous_14)
FNDA:1,(anonymous_15)
DA:1,1
DA:12,1
DA:13,1
DA:14,1
DA:15,1
DA:18,1
DA:20,15
DA:21,15
DA:25,1
DA:26,1
DA:30,1
DA:31,2
DA:33,2
DA:34,1
DA:36,1
DA:41,1
DA:42,2
DA:43,2
DA:45,2
DA:46,1
DA:48,1
DA:56,1
DA:57,2
DA:58,2
DA:60,2
DA:61,1
DA:63,1
DA:71,1
DA:72,2
DA:73,2
DA:74,2
DA:75,1
DA:77,1
DA:82,1
DA:83,1
DA:87,1
DA:88,1
DA:92,1
DA:93,1
DA:97,1
DA:98,1
DA:102,1
DA:103,1
DA:107,1
DA:108,1
LF:45
LH:45
BRDA:25,0,0,1
BRDA:25,0,1,0
BRDA:25,1,0,1
BRDA:25,1,1,1
BRDA:30,2,0,1
BRDA:30,2,1,0
BRDA:30,3,0,1
BRDA:30,3,1,1
BRDA:97,4,0,1
BRDA:97,4,1,0
BRDA:97,5,0,1
BRDA:97,5,1,1
BRDA:102,6,0,1
BRDA:102,6,1,0
BRDA:102,7,0,1
BRDA:102,7,1,1
BRDA:20,8,0,1
BRDA:20,8,1,0
BRDA:20,9,0,1
BRDA:20,9,1,1
BRDA:20,10,0,1
BRDA:20,10,1,0
BRDA:20,11,0,1
BRDA:20,11,1,1
BRF:24
BRH:18
end_of_record
TN:
SF:src/users/users.module.ts
FNF:0
FNH:0
DA:1,0
DA:2,0
DA:3,0
DA:4,0
DA:5,0
DA:6,0
DA:14,0
LF:7
LH:0
BRF:0
BRH:0
end_of_record
TN:
SF:src/users/users.service.ts
FN:13,(anonymous_5)
FN:18,(anonymous_6)
FN:23,(anonymous_7)
FN:27,(anonymous_8)
FN:31,(anonymous_9)
FN:46,(anonymous_10)
FN:72,(anonymous_11)
FN:94,(anonymous_12)
FN:104,(anonymous_13)
FN:116,(anonymous_14)
FNF:10
FNH:10
FNDA:13,(anonymous_5)
FNDA:1,(anonymous_6)
FNDA:1,(anonymous_7)
FNDA:1,(anonymous_8)
FNDA:2,(anonymous_9)
FNDA:2,(anonymous_10)
FNDA:2,(anonymous_11)
FNDA:1,(anonymous_12)
FNDA:2,(anonymous_13)
FNDA:1,(anonymous_14)
DA:1,3
DA:4,3
DA:5,3
DA:6,3
DA:7,3
DA:8,3
DA:12,3
DA:14,13
DA:16,13
DA:19,1
DA:20,1
DA:24,1
DA:28,1
DA:32,2
DA:43,2
DA:46,13
DA:47,2
DA:48,2
DA:49,2
DA:50,1
DA:53,1
DA:54,1
DA:57,1
DA:60,1
DA:63,1
DA:64,1
DA:66,1
DA:67,1
DA:69,1
DA:72,13
DA:73,2
DA:75,2
DA:76,1
DA:79,1
DA:81,1
DA:83,1
DA:85,1
DA:94,13
DA:95,1
DA:98,1
DA:99,1
DA:100,1
DA:105,2
DA:106,2
DA:108,1
DA:110,1
DA:112,1
DA:113,1
DA:117,1
DA:118,1
LF:50
LH:50
BRDA:49,0,0,1
BRDA:49,0,1,1
BRDA:75,1,0,1
BRDA:75,1,1,1
BRDA:75,2,0,2
BRDA:75,2,1,1
BRDA:98,3,0,1
BRDA:98,3,1,0
BRDA:106,4,0,1
BRDA:106,4,1,1
BRDA:14,5,0,3
BRDA:14,5,1,0
BRDA:14,6,0,3
BRDA:14,6,1,3
BRDA:14,7,0,3
BRDA:14,7,1,0
BRDA:14,8,0,3
BRDA:14,8,1,3
BRF:18
BRH:15
end_of_record
TN:
SF:src/users/dto/create-user.dto.ts
FNF:0
FNH:0
DA:1,1
LF:1
LH:1
BRF:0
BRH:0
end_of_record
TN:
SF:src/users/dto/update-user.dto.ts
FNF:0
FNH:0
DA:1,1
DA:2,1
DA:4,1
LF:3
LH:3
BRF:0
BRH:0
end_of_record
TN:
SF:src/users/entities/role.entity.ts
FN:16,(anonymous_2)
FN:16,(anonymous_3)
FNF:2
FNH:0
FNDA:0,(anonymous_2)
FNDA:0,(anonymous_3)
DA:1,21
DA:2,21
DA:5,21
DA:7,21
DA:14,21
DA:16,0
DA:17,21
LF:7
LH:6
BRF:0
BRH:0
end_of_record
TN:
SF:src/users/entities/user.entity.ts
FN:93,(anonymous_2)
FN:93,(anonymous_3)
FN:97,(anonymous_4)
FN:97,(anonymous_5)
FNF:4
FNH:0
FNDA:0,(anonymous_2)
FNDA:0,(anonymous_3)
FNDA:0,(anonymous_4)
FNDA:0,(anonymous_5)
DA:1,21
DA:9,21
DA:10,21
DA:13,21
DA:15,21
DA:22,21
DA:29,21
DA:36,21
DA:43,21
DA:50,21
DA:58,21
DA:65,21
DA:71,21
DA:77,21
DA:84,21
DA:91,21
DA:93,0
DA:95,21
DA:97,0
DA:98,21
LF:20
LH:18
BRDA:95,0,0,21
BRDA:95,0,1,0
BRDA:95,1,0,21
BRDA:95,1,1,21
BRF:4
BRH:3
end_of_record
