TN:
SF:src/config/db.config.ts
FNF:0
FNH:0
DA:1,15
DA:3,15
DA:5,15
LF:3
LH:3
BRF:0
BRH:0
end_of_record
TN:
SF:src/modules/auth/conroller/authController.ts
FN:10,(anonymous_11)
FN:23,(anonymous_13)
FN:37,(anonymous_15)
FN:51,(anonymous_17)
FNF:4
FNH:4
FNDA:2,(anonymous_11)
FNDA:2,(anonymous_13)
FNDA:1,(anonymous_15)
FNDA:1,(anonymous_17)
DA:2,1
DA:3,1
DA:4,1
DA:5,1
DA:8,1
DA:10,1
DA:14,2
DA:15,2
DA:16,1
DA:18,1
DA:23,1
DA:27,2
DA:28,2
DA:29,2
DA:30,1
DA:32,1
DA:37,1
DA:41,1
DA:42,1
DA:43,1
DA:44,1
DA:46,0
DA:51,1
DA:55,1
DA:56,1
DA:57,1
DA:58,1
DA:60,0
LF:28
LH:26
BRDA:12,0,0,0
BRDA:12,0,1,1
BRDA:12,1,0,1
BRDA:12,1,1,0
BRDA:25,2,0,0
BRDA:25,2,1,1
BRDA:25,3,0,1
BRDA:25,3,1,0
BRDA:39,4,0,0
BRDA:39,4,1,1
BRDA:39,5,0,1
BRDA:39,5,1,0
BRDA:53,6,0,0
BRDA:53,6,1,1
BRDA:53,7,0,1
BRDA:53,7,1,0
BRF:16
BRH:8
end_of_record
TN:
SF:src/modules/auth/entities/role.ts
FN:17,(anonymous_2)
FN:17,(anonymous_3)
FNF:2
FNH:0
FNDA:0,(anonymous_2)
FNDA:0,(anonymous_3)
DA:1,9
DA:2,9
DA:5,9
DA:7,9
DA:14,9
DA:17,0
DA:18,9
LF:7
LH:6
BRF:0
BRH:0
end_of_record
TN:
SF:src/modules/auth/entities/user.ts
FN:78,(anonymous_2)
FN:78,(anonymous_3)
FNF:2
FNH:0
FNDA:0,(anonymous_2)
FNDA:0,(anonymous_3)
DA:1,9
DA:2,9
DA:5,9
DA:7,9
DA:14,9
DA:21,9
DA:28,9
DA:35,9
DA:42,9
DA:50,9
DA:57,9
DA:63,9
DA:69,9
DA:76,9
DA:78,0
DA:80,9
LF:16
LH:15
BRF:0
BRH:0
end_of_record
TN:
SF:src/modules/auth/repository/repository.ts
FN:9,(anonymous_7)
FN:13,(anonymous_8)
FN:18,(anonymous_10)
FN:22,(anonymous_12)
FN:26,(anonymous_14)
FN:30,(anonymous_16)
FN:34,(anonymous_18)
FN:38,(anonymous_20)
FN:48,(anonymous_22)
FNF:9
FNH:9
FNDA:13,(anonymous_7)
FNDA:1,(anonymous_8)
FNDA:1,(anonymous_10)
FNDA:1,(anonymous_12)
FNDA:1,(anonymous_14)
FNDA:1,(anonymous_16)
FNDA:1,(anonymous_18)
FNDA:2,(anonymous_20)
FNDA:2,(anonymous_22)
DA:2,3
DA:4,3
DA:6,3
DA:10,13
DA:14,1
DA:15,1
DA:19,1
DA:23,1
DA:27,1
DA:31,1
DA:35,1
DA:39,2
DA:40,2
DA:41,1
DA:44,1
DA:45,1
DA:49,2
DA:50,2
DA:54,3
LF:19
LH:19
BRDA:40,0,0,1
BRF:1
BRH:1
end_of_record
TN:
SF:src/modules/auth/services/service.ts
FN:7,(anonymous_8)
FN:7,(anonymous_9)
FN:30,(anonymous_10)
FN:30,(anonymous_11)
FN:51,(anonymous_12)
FN:51,(anonymous_13)
FN:67,(anonymous_14)
FN:67,(anonymous_15)
FN:75,(anonymous_16)
FN:83,(anonymous_17)
FN:89,(anonymous_18)
FNF:11
FNH:11
FNDA:2,(anonymous_8)
FNDA:2,(anonymous_9)
FNDA:4,(anonymous_10)
FNDA:4,(anonymous_11)
FNDA:3,(anonymous_12)
FNDA:3,(anonymous_13)
FNDA:2,(anonymous_14)
FNDA:2,(anonymous_15)
FNDA:3,(anonymous_16)
FNDA:4,(anonymous_17)
FNDA:1,(anonymous_18)
DA:1,2
DA:2,2
DA:4,2
DA:5,2
DA:7,2
DA:8,2
DA:9,2
DA:10,2
DA:11,1
DA:14,1
DA:15,1
DA:22,1
DA:23,1
DA:24,1
DA:25,1
DA:27,1
DA:30,4
DA:31,4
DA:32,4
DA:33,4
DA:34,4
DA:35,2
DA:38,2
DA:39,1
DA:42,2
DA:44,2
DA:45,2
DA:46,2
DA:48,2
DA:51,3
DA:52,3
DA:53,3
DA:54,1
DA:57,2
DA:58,2
DA:60,1
DA:63,1
DA:64,1
DA:67,2
DA:68,2
DA:69,2
DA:70,1
DA:71,1
DA:75,2
DA:76,3
DA:77,3
DA:80,3
DA:83,2
DA:84,4
DA:89,2
DA:90,1
LF:51
LH:51
BRDA:10,0,0,1
BRDA:33,1,0,1
BRDA:33,1,1,3
BRDA:33,2,0,4
BRDA:33,2,1,3
BRDA:34,3,0,2
BRDA:34,4,0,4
BRDA:34,4,1,3
BRDA:38,5,0,1
BRDA:53,6,0,1
BRDA:69,7,0,1
BRF:11
BRH:11
end_of_record
TN:
SF:src/modules/bookings/controller/controller.ts
FN:9,(anonymous_11)
FN:14,(anonymous_13)
FN:19,(anonymous_15)
FN:24,(anonymous_17)
FN:29,(anonymous_19)
FN:34,(anonymous_21)
FNF:6
FNH:6
FNDA:1,(anonymous_11)
FNDA:1,(anonymous_13)
FNDA:1,(anonymous_15)
FNDA:1,(anonymous_17)
FNDA:1,(anonymous_19)
FNDA:1,(anonymous_21)
DA:1,1
DA:2,1
DA:3,1
DA:4,1
DA:7,1
DA:9,1
DA:10,1
DA:14,1
DA:15,1
DA:19,1
DA:20,1
DA:24,1
DA:25,1
DA:29,1
DA:30,1
DA:34,1
DA:35,1
LF:17
LH:17
BRF:0
BRH:0
end_of_record
TN:
SF:src/modules/bookings/entities/booking.ts
FN:35,(anonymous_2)
FN:35,(anonymous_3)
FN:39,(anonymous_4)
FN:39,(anonymous_5)
FNF:4
FNH:0
FNDA:0,(anonymous_2)
FNDA:0,(anonymous_3)
FNDA:0,(anonymous_4)
FNDA:0,(anonymous_5)
DA:1,6
DA:2,6
DA:3,6
DA:6,6
DA:8,6
DA:14,6
DA:20,6
DA:26,6
DA:33,6
DA:35,0
DA:37,6
DA:39,0
DA:41,6
LF:13
LH:11
BRF:0
BRH:0
end_of_record
TN:
SF:src/modules/bookings/repository/repository.ts
FN:12,(anonymous_7)
FN:16,(anonymous_8)
FN:25,(anonymous_10)
FN:29,(anonymous_12)
FN:33,(anonymous_14)
FN:45,(anonymous_16)
FN:50,(anonymous_18)
FN:60,(anonymous_20)
FN:66,(anonymous_22)
FN:74,(anonymous_23)
FNF:10
FNH:8
FNDA:13,(anonymous_7)
FNDA:1,(anonymous_8)
FNDA:4,(anonymous_10)
FNDA:1,(anonymous_12)
FNDA:1,(anonymous_14)
FNDA:3,(anonymous_16)
FNDA:2,(anonymous_18)
FNDA:0,(anonymous_20)
FNDA:0,(anonymous_22)
FNDA:2,(anonymous_23)
DA:2,3
DA:4,3
DA:5,3
DA:6,3
DA:7,3
DA:9,3
DA:13,13
DA:17,1
DA:19,1
DA:21,1
DA:22,1
DA:26,4
DA:30,1
DA:34,1
DA:42,1
DA:46,3
DA:47,3
DA:51,2
DA:52,2
DA:53,1
DA:56,1
DA:57,1
DA:61,0
DA:62,0
DA:63,0
DA:64,0
DA:65,0
DA:66,0
DA:67,0
DA:69,0
DA:70,0
DA:71,0
DA:75,2
DA:76,2
DA:80,3
LF:35
LH:25
BRDA:19,0,0,0
BRDA:47,1,0,1
BRDA:47,1,1,2
BRDA:47,2,0,3
BRDA:47,2,1,3
BRDA:47,3,0,2
BRDA:47,3,1,1
BRDA:47,4,0,3
BRDA:47,4,1,3
BRDA:52,5,0,1
BRF:10
BRH:9
end_of_record
TN:
SF:src/modules/buses/controller/controller.ts
FN:9,(anonymous_11)
FN:14,(anonymous_13)
FN:19,(anonymous_15)
FN:24,(anonymous_17)
FN:29,(anonymous_19)
FNF:5
FNH:5
FNDA:1,(anonymous_11)
FNDA:1,(anonymous_13)
FNDA:1,(anonymous_15)
FNDA:1,(anonymous_17)
FNDA:1,(anonymous_19)
DA:1,1
DA:2,1
DA:3,1
DA:4,1
DA:7,1
DA:9,1
DA:10,1
DA:14,1
DA:15,1
DA:19,1
DA:20,1
DA:24,1
DA:25,1
DA:29,1
DA:30,1
LF:15
LH:15
BRF:0
BRH:0
end_of_record
TN:
SF:src/modules/buses/entities/Bus.ts
FN:36,(anonymous_2)
FN:36,(anonymous_3)
FNF:2
FNH:0
FNDA:0,(anonymous_2)
FNDA:0,(anonymous_3)
DA:1,18
DA:2,18
DA:5,18
DA:7,18
DA:14,18
DA:21,18
DA:28,18
DA:34,18
DA:36,0
DA:37,18
LF:10
LH:9
BRF:0
BRH:0
end_of_record
TN:
SF:src/modules/buses/repository/repository.ts
FN:9,(anonymous_7)
FN:13,(anonymous_8)
FN:19,(anonymous_10)
FN:21,(anonymous_11)
FN:25,(anonymous_13)
FN:29,(anonymous_15)
FN:39,(anonymous_17)
FNF:7
FNH:7
FNDA:11,(anonymous_7)
FNDA:1,(anonymous_8)
FNDA:2,(anonymous_10)
FNDA:1,(anonymous_11)
FNDA:1,(anonymous_13)
FNDA:2,(anonymous_15)
FNDA:2,(anonymous_17)
DA:2,4
DA:3,4
DA:6,4
DA:10,11
DA:14,1
DA:15,1
DA:16,1
DA:19,15
DA:22,1
DA:26,1
DA:30,2
DA:31,2
DA:32,1
DA:34,1
DA:35,1
DA:36,1
DA:40,2
DA:41,2
DA:45,4
LF:19
LH:19
BRDA:31,0,0,1
BRF:1
BRH:1
end_of_record
TN:
SF:src/modules/busschedules/controller/controller.ts
FN:9,(anonymous_11)
FN:14,(anonymous_13)
FN:19,(anonymous_15)
FN:24,(anonymous_17)
FN:29,(anonymous_19)
FNF:5
FNH:5
FNDA:1,(anonymous_11)
FNDA:1,(anonymous_13)
FNDA:1,(anonymous_15)
FNDA:1,(anonymous_17)
FNDA:1,(anonymous_19)
DA:1,1
DA:2,1
DA:3,1
DA:4,1
DA:7,1
DA:9,1
DA:10,1
DA:14,1
DA:15,1
DA:19,1
DA:20,1
DA:24,1
DA:25,1
DA:29,1
DA:30,1
LF:15
LH:15
BRF:0
BRH:0
end_of_record
TN:
SF:src/modules/busschedules/entities/BusSchedule.ts
FN:29,(anonymous_2)
FN:29,(anonymous_3)
FN:33,(anonymous_4)
FN:33,(anonymous_5)
FNF:4
FNH:0
FNDA:0,(anonymous_2)
FNDA:0,(anonymous_3)
FNDA:0,(anonymous_4)
FNDA:0,(anonymous_5)
DA:1,18
DA:2,18
DA:3,18
DA:6,18
DA:8,18
DA:14,18
DA:20,18
DA:27,18
DA:29,0
DA:31,18
DA:33,0
DA:35,18
LF:12
LH:10
BRF:0
BRH:0
end_of_record
TN:
SF:src/modules/busschedules/repository/repository.ts
FN:9,(anonymous_7)
FN:13,(anonymous_8)
FN:18,(anonymous_10)
FN:29,(anonymous_12)
FN:40,(anonymous_14)
FN:50,(anonymous_16)
FNF:6
FNH:6
FNDA:11,(anonymous_7)
FNDA:1,(anonymous_8)
FNDA:4,(anonymous_10)
FNDA:1,(anonymous_12)
FNDA:2,(anonymous_14)
FNDA:2,(anonymous_16)
DA:2,4
DA:3,4
DA:6,4
DA:10,11
DA:14,1
DA:15,1
DA:19,4
DA:26,4
DA:30,1
DA:37,1
DA:41,2
DA:42,2
DA:43,1
DA:46,1
DA:47,1
DA:51,2
DA:52,2
DA:56,4
LF:18
LH:18
BRDA:42,0,0,1
BRF:1
BRH:1
end_of_record
TN:
SF:src/modules/routes/controller/controller.ts
FN:10,(anonymous_11)
FN:15,(anonymous_13)
FN:20,(anonymous_15)
FN:25,(anonymous_17)
FN:30,(anonymous_19)
FN:35,(anonymous_21)
FNF:6
FNH:5
FNDA:1,(anonymous_11)
FNDA:1,(anonymous_13)
FNDA:0,(anonymous_15)
FNDA:1,(anonymous_17)
FNDA:1,(anonymous_19)
FNDA:1,(anonymous_21)
DA:1,1
DA:2,1
DA:3,1
DA:4,1
DA:8,1
DA:10,1
DA:11,1
DA:15,1
DA:16,1
DA:20,1
DA:21,0
DA:25,1
DA:26,1
DA:30,1
DA:31,1
DA:35,1
DA:36,1
LF:17
LH:16
BRF:0
BRH:0
end_of_record
TN:
SF:src/modules/routes/entities/Route.ts
FN:27,(anonymous_2)
FN:27,(anonymous_3)
FNF:2
FNH:0
FNDA:0,(anonymous_2)
FNDA:0,(anonymous_3)
DA:1,18
DA:2,18
DA:5,18
DA:7,18
DA:10,18
DA:13,18
DA:16,18
DA:19,18
DA:22,18
DA:25,18
DA:27,0
DA:28,18
LF:12
LH:11
BRF:0
BRH:0
end_of_record
TN:
SF:src/modules/routes/repository/repository.ts
FN:9,(anonymous_7)
FN:13,(anonymous_8)
FN:18,(anonymous_10)
FN:22,(anonymous_12)
FN:27,(anonymous_14)
FN:31,(anonymous_16)
FN:41,(anonymous_18)
FNF:7
FNH:7
FNDA:10,(anonymous_7)
FNDA:1,(anonymous_8)
FNDA:1,(anonymous_10)
FNDA:1,(anonymous_12)
FNDA:1,(anonymous_14)
FNDA:2,(anonymous_16)
FNDA:2,(anonymous_18)
DA:2,2
DA:3,2
DA:6,2
DA:10,10
DA:14,1
DA:15,1
DA:19,1
DA:23,1
DA:28,1
DA:32,2
DA:33,2
DA:34,1
DA:37,1
DA:38,1
DA:42,2
DA:43,2
DA:47,2
LF:17
LH:17
BRDA:33,0,0,1
BRF:1
BRH:1
end_of_record
TN:
SF:src/modules/schedules/controller/controller.ts
FN:9,(anonymous_11)
FN:14,(anonymous_13)
FN:19,(anonymous_15)
FN:24,(anonymous_17)
FN:29,(anonymous_19)
FNF:5
FNH:5
FNDA:1,(anonymous_11)
FNDA:1,(anonymous_13)
FNDA:1,(anonymous_15)
FNDA:1,(anonymous_17)
FNDA:1,(anonymous_19)
DA:1,1
DA:2,1
DA:3,1
DA:4,1
DA:7,1
DA:9,1
DA:10,1
DA:14,1
DA:15,1
DA:19,1
DA:20,1
DA:24,1
DA:25,1
DA:29,1
DA:30,1
LF:15
LH:15
BRF:0
BRH:0
end_of_record
TN:
SF:src/modules/schedules/entities/Schedule.ts
FN:19,(anonymous_2)
FN:19,(anonymous_3)
FN:23,(anonymous_4)
FN:23,(anonymous_5)
FNF:4
FNH:0
FNDA:0,(anonymous_2)
FNDA:0,(anonymous_3)
FNDA:0,(anonymous_4)
FNDA:0,(anonymous_5)
DA:1,18
DA:2,18
DA:3,18
DA:6,18
DA:8,18
DA:11,18
DA:14,18
DA:17,18
DA:19,0
DA:21,18
DA:23,0
DA:24,18
LF:12
LH:10
BRF:0
BRH:0
end_of_record
TN:
SF:src/modules/schedules/repository/repository.ts
FN:9,(anonymous_7)
FN:13,(anonymous_8)
FN:18,(anonymous_10)
FN:22,(anonymous_12)
FN:26,(anonymous_14)
FN:36,(anonymous_16)
FN:41,(anonymous_18)
FNF:7
FNH:7
FNDA:10,(anonymous_7)
FNDA:1,(anonymous_8)
FNDA:1,(anonymous_10)
FNDA:1,(anonymous_12)
FNDA:2,(anonymous_14)
FNDA:2,(anonymous_16)
FNDA:1,(anonymous_18)
DA:2,2
DA:4,2
DA:6,2
DA:10,10
DA:14,1
DA:15,1
DA:19,1
DA:23,1
DA:27,2
DA:28,2
DA:29,1
DA:32,1
DA:33,1
DA:37,2
DA:38,2
DA:42,1
DA:43,1
DA:47,2
LF:18
LH:18
BRDA:28,0,0,1
BRF:1
BRH:1
end_of_record
TN:
SF:src/modules/tickets/controller/controller.ts
FN:9,(anonymous_11)
FN:14,(anonymous_13)
FN:19,(anonymous_15)
FN:24,(anonymous_17)
FN:29,(anonymous_19)
FN:34,(anonymous_21)
FNF:6
FNH:6
FNDA:1,(anonymous_11)
FNDA:1,(anonymous_13)
FNDA:3,(anonymous_15)
FNDA:1,(anonymous_17)
FNDA:1,(anonymous_19)
FNDA:1,(anonymous_21)
DA:1,1
DA:2,1
DA:3,1
DA:4,1
DA:7,1
DA:9,1
DA:10,1
DA:14,1
DA:15,1
DA:19,1
DA:20,3
DA:24,1
DA:25,1
DA:29,1
DA:30,1
DA:34,1
DA:35,1
LF:17
LH:17
BRF:0
BRH:0
end_of_record
TN:
SF:src/modules/tickets/entities/tickets.ts
FN:36,(anonymous_2)
FN:36,(anonymous_3)
FNF:2
FNH:0
FNDA:0,(anonymous_2)
FNDA:0,(anonymous_3)
DA:1,4
DA:2,4
DA:5,4
DA:7,4
DA:13,4
DA:19,4
DA:26,4
DA:34,4
DA:36,0
DA:38,4
LF:10
LH:9
BRF:0
BRH:0
end_of_record
TN:
SF:src/modules/tickets/repository/repository.ts
FN:12,(anonymous_7)
FN:16,(anonymous_8)
FN:29,(anonymous_10)
FN:43,(anonymous_11)
FN:47,(anonymous_13)
FN:51,(anonymous_15)
FN:55,(anonymous_17)
FN:66,(anonymous_19)
FN:77,(anonymous_21)
FNF:9
FNH:8
FNDA:12,(anonymous_7)
FNDA:2,(anonymous_8)
FNDA:3,(anonymous_10)
FNDA:4,(anonymous_11)
FNDA:1,(anonymous_13)
FNDA:1,(anonymous_15)
FNDA:2,(anonymous_17)
FNDA:0,(anonymous_19)
FNDA:2,(anonymous_21)
DA:2,3
DA:4,3
DA:5,3
DA:6,3
DA:7,3
DA:9,3
DA:13,12
DA:17,2
DA:18,2
DA:19,2
DA:20,2
DA:22,2
DA:23,2
DA:24,2
DA:25,2
DA:26,2
DA:30,3
DA:31,11
DA:32,16
DA:33,9
DA:34,9
DA:35,9
DA:40,3
DA:44,4
DA:48,1
DA:52,1
DA:56,2
DA:57,2
DA:58,1
DA:60,1
DA:62,1
DA:63,1
DA:67,0
DA:68,0
DA:69,0
DA:70,0
DA:71,0
DA:72,0
DA:73,0
DA:74,0
DA:78,2
DA:79,2
DA:83,3
LF:43
LH:35
BRDA:32,0,0,9
BRDA:57,1,0,1
BRDA:60,2,0,0
BRF:3
BRH:2
end_of_record
